*------------------------------------------------------------*
用户:       hp
日期:       2019年08月27日
时间:       21时25分23秒
*------------------------------------------------------------*
* 训练输出
*------------------------------------------------------------*
 
 
 
 
变量汇总
 
 角色     测度水平    频数计数
 
FREQ      BINARY          1
INPUT     BINARY          6
INPUT     INTERVAL        5
INPUT     NOMINAL        15
TARGET    BINARY          1
 
 
 
 
分区汇总
 
类型              数据集           观测数
 
DATA        EMWS1.Ids_DATA          3000
TRAIN       EMWS1.Part_TRAIN        2099
VALIDATE    EMWS1.Part_VALIDATE      901


*------------------------------------------------------------*
* 评分输出
*------------------------------------------------------------*


*------------------------------------------------------------*
* 报表输出
*------------------------------------------------------------*
 
 
 
 
分类目标的汇总统计量
 
数据=DATA
 
变量    数值型值    格式化值    频数计数     百分比      标签
 
 GB         0          0          45000     96.7742    Good/Bad
 GB         1          1           1500      3.2258    Good/Bad
 
 
数据=TRAIN
 
变量    数值型值    格式化值    频数计数     百分比      标签
 
 GB         0          0          31500     96.7772    Good/Bad
 GB         1          1           1049      3.2228    Good/Bad
 
 
数据=VALIDATE
 
变量    数值型值    格式化值    频数计数     百分比      标签
 
 GB         0          0          13500     96.7673    Good/Bad
 GB         1          1            451      3.2327    Good/Bad
