MPRINT(EM_DIAGRAM):    data _null_;
MPRINT(EM_DIAGRAM):   call symput('NLDATE', strip(put(date(), NLDATE.)));
MPRINT(EM_DIAGRAM):   call symput('NLTIME', strip(put(datetime(), NLTIME.)));
MPRINT(EM_DIAGRAM):   run;
MPRINT(EM_DIAGRAM):   data _null_;
MPRINT(EM_DIAGRAM):   nldate= sasmsg("sashelp.dmine", "log_date_note", 'N', "2019年08月27日" );
MPRINT(EM_DIAGRAM):   nltime= sasmsg("sashelp.dmine", "log_time_note", 'N', "21时25分21秒" );
MPRINT(EM_DIAGRAM):   put "*------------------------------------------------------------*";
MPRINT(EM_DIAGRAM):   put "* 训练日志";
MPRINT(EM_DIAGRAM):   put nldate;
MPRINT(EM_DIAGRAM):   put nltime;
MPRINT(EM_DIAGRAM):   put "*------------------------------------------------------------*";
MPRINT(EM_DIAGRAM):   run;
*------------------------------------------------------------*
* 训练日志
日期:       2019年08月27日
时间:       21时25分21秒
*------------------------------------------------------------*
MPRINT(EM_DIAGRAM):    filename O2YYNSPH "D:\git\notebooks\5. data analysis\1. sas\sas em\CaseStudy\demo_scorecard\Workspaces\EMWS1\Part\EMTRAIN.out" encoding="UTF-8" NOBOM;
MPRINT(EM_DIAGRAM):   proc printto print=O2YYNSPH new;
MPRINT(EM_DIAGRAM):   run;
MPRINT(EM_DIAGRAM):    filename _LOG "D:\git\notebooks\5. data analysis\1. sas\sas em\CaseStudy\demo_scorecard\Workspaces\EMWS1\Part\EMLOG.log" encoding="UTF-8" NOBOM;
MPRINT(EM_DIAGRAM):    data _null_;
MPRINT(EM_DIAGRAM):   call symput('NLDATE', strip(put(date(), NLDATE.)));
MPRINT(EM_DIAGRAM):   call symput('NLTIME', strip(put(datetime(), NLTIME.)));
MPRINT(EM_DIAGRAM):   run;
MPRINT(EM_DIAGRAM):   data _null_;
MPRINT(EM_DIAGRAM):   nldate= sasmsg("sashelp.dmine", "log_date_note", 'N', "2019年08月27日" );
MPRINT(EM_DIAGRAM):   nltime= sasmsg("sashelp.dmine", "log_time_note", 'N', "21时25分21秒" );
MPRINT(EM_DIAGRAM):   file _LOG;
MPRINT(EM_DIAGRAM):   put "*------------------------------------------------------------*";
MPRINT(EM_DIAGRAM):   put "用户:       hp";
MPRINT(EM_DIAGRAM):   put nldate;
MPRINT(EM_DIAGRAM):   put nltime;
MPRINT(EM_DIAGRAM):   put "软件安装点: 12001462";
MPRINT(EM_DIAGRAM):   put "平台:       X64_8PRO";
MPRINT(EM_DIAGRAM):   put "维护版本:   9.04.01M2P072314";
MPRINT(EM_DIAGRAM):   put "EM 版本:    13.2";
MPRINT(EM_DIAGRAM):   put "* ";
MPRINT(EM_DIAGRAM):   run;
MPRINT(EM_DIAGRAM):    filename _LOGIN "D:\git\notebooks\5. data analysis\1. sas\sas em\CaseStudy\demo_scorecard\Workspaces\EMWS1\Part\EMTRAIN.log" encoding="UTF-8" NOBOM;
MPRINT(EM_COPYFILE):   data _null_;
MPRINT(EM_COPYFILE):   length line $20000;
MPRINT(EM_COPYFILE):   file _LOG MOD lrecl=20000;
MPRINT(EM_COPYFILE):   fid=fopen("_LOGIN",'i',20000,'v');
MPRINT(EM_COPYFILE):   if fid > 0 then do;
MPRINT(EM_COPYFILE):   do while(^fread(fid));
MPRINT(EM_COPYFILE):   rlen = frlen(fid);
MPRINT(EM_COPYFILE):   rc= fget(fid,line,20000);
MPRINT(EM_COPYFILE):   start = length(line)-length(left(line))+1;
MPRINT(EM_COPYFILE):   line=strip(line);
MPRINT(EM_COPYFILE):   put @start line;
MPRINT(EM_COPYFILE):   end;
MPRINT(EM_COPYFILE):   if fid > 0 then rc=fclose(fid);
MPRINT(EM_COPYFILE):   end;
MPRINT(EM_COPYFILE):   run;
MPRINT(EM_DIAGRAM):  ;
MPRINT(EM_DIAGRAM):   filename _LOGIN;
MPRINT(EM_DIAGRAM):    data _null_;
MPRINT(EM_DIAGRAM):   file _LOG mod;
MPRINT(EM_DIAGRAM):   put _page_;
MPRINT(EM_DIAGRAM):   run;
MPRINT(EM_DIAGRAM):   filename _LOGIN "D:\git\notebooks\5. data analysis\1. sas\sas em\CaseStudy\demo_scorecard\Workspaces\EMWS1\Part\EMSCORE.log" encoding="UTF-8" NOBOM;
MPRINT(EM_DIAGRAM):  ;
MPRINT(EM_DIAGRAM):   data _null_;
MPRINT(EM_DIAGRAM):   file _LOG mod;
MPRINT(EM_DIAGRAM):   put _page_;
MPRINT(EM_DIAGRAM):   run;
MPRINT(EM_DIAGRAM):    filename _LOGIN "D:\git\notebooks\5. data analysis\1. sas\sas em\CaseStudy\demo_scorecard\Workspaces\EMWS1\Part\EMREPORT.log" encoding="UTF-8" NOBOM;
MPRINT(EM_DIAGRAM):  ;
MPRINT(EM_DIAGRAM):   filename _LOGIN;
MPRINT(EM_DIAGRAM):    filename _LOG;
MPRINT(EM_DIAGRAM):    filename _OUT "D:\git\notebooks\5. data analysis\1. sas\sas em\CaseStudy\demo_scorecard\Workspaces\EMWS1\Part\EMOUTPUT.out" encoding="UTF-8" NOBOM;
MPRINT(EM_DIAGRAM):    data _null_;
MPRINT(EM_DIAGRAM):   call symput('NLDATE', strip(put(date(), NLDATE.)));
MPRINT(EM_DIAGRAM):   call symput('NLTIME', strip(put(datetime(), NLTIME.)));
MPRINT(EM_DIAGRAM):   run;
MPRINT(EM_DIAGRAM):   data _null_;
MPRINT(EM_DIAGRAM):   nldate= sasmsg("sashelp.dmine", "log_date_note", 'N', "2019年08月27日" );
MPRINT(EM_DIAGRAM):   nltime= sasmsg("sashelp.dmine", "log_time_note", 'N', "21时25分21秒" );
MPRINT(EM_DIAGRAM):   file _OUT;
MPRINT(EM_DIAGRAM):   put "*------------------------------------------------------------*";
MPRINT(EM_DIAGRAM):   put "用户:       hp";
MPRINT(EM_DIAGRAM):   put nldate;
MPRINT(EM_DIAGRAM):   put nltime;
MPRINT(EM_DIAGRAM):   put "*------------------------------------------------------------*";
MPRINT(EM_DIAGRAM):   put "* 训练输出";
MPRINT(EM_DIAGRAM):   put "*------------------------------------------------------------*";
MPRINT(EM_DIAGRAM):   run;
MPRINT(EM_DIAGRAM):    filename _OUTIN "D:\git\notebooks\5. data analysis\1. sas\sas em\CaseStudy\demo_scorecard\Workspaces\EMWS1\Part\EMTRAIN.out" encoding="UTF-8" NOBOM;
MPRINT(EM_DIAGRAM):   ;
MPRINT(EM_COPYFILE):   data _null_;
MPRINT(EM_COPYFILE):   length line $20000;
MPRINT(EM_COPYFILE):   file _OUT MOD lrecl=20000;
MPRINT(EM_COPYFILE):   fid=fopen("_OUTIN",'i',20000,'v');
MPRINT(EM_COPYFILE):   if fid > 0 then do;
MPRINT(EM_COPYFILE):   do while(^fread(fid));
MPRINT(EM_COPYFILE):   rlen = frlen(fid);
MPRINT(EM_COPYFILE):   rc= fget(fid,line,20000);
MPRINT(EM_COPYFILE):   start = length(line)-length(left(line))+1;
MPRINT(EM_COPYFILE):   line=strip(line);
MPRINT(EM_COPYFILE):   put @start line;
MPRINT(EM_COPYFILE):   end;
MPRINT(EM_COPYFILE):   if fid > 0 then rc=fclose(fid);
MPRINT(EM_COPYFILE):   end;
MPRINT(EM_COPYFILE):   run;
MPRINT(EM_DIAGRAM):  ;
MPRINT(EM_DIAGRAM):   filename _OUTIN;
MPRINT(EM_DIAGRAM):    data _null_;
MPRINT(EM_DIAGRAM):   file _OUT mod;
MPRINT(EM_DIAGRAM):   put _page_;
MPRINT(EM_DIAGRAM):   put // "*------------------------------------------------------------*";
MPRINT(EM_DIAGRAM):   put "* 评分输出";
MPRINT(EM_DIAGRAM):   put "*------------------------------------------------------------*";
MPRINT(EM_DIAGRAM):   run;
MPRINT(EM_DIAGRAM):    filename _OUTIN "D:\git\notebooks\5. data analysis\1. sas\sas em\CaseStudy\demo_scorecard\Workspaces\EMWS1\Part\EMSCORE.out" encoding="UTF-8" NOBOM;
MPRINT(EM_DIAGRAM):  ;
MPRINT(EM_DIAGRAM):   filename _OUTIN;
MPRINT(EM_DIAGRAM):    data _null_;
MPRINT(EM_DIAGRAM):   file _OUT mod;
MPRINT(EM_DIAGRAM):   put _page_;
MPRINT(EM_DIAGRAM):   put // "*------------------------------------------------------------*";
MPRINT(EM_DIAGRAM):   put "* 报表输出";
MPRINT(EM_DIAGRAM):   put "*------------------------------------------------------------*";
MPRINT(EM_DIAGRAM):   run;
MPRINT(EM_DIAGRAM):    filename _OUTIN "D:\git\notebooks\5. data analysis\1. sas\sas em\CaseStudy\demo_scorecard\Workspaces\EMWS1\Part\EMREPORT.out" encoding="UTF-8" NOBOM;
MPRINT(EM_DIAGRAM):  ;
MPRINT(EM_DIAGRAM):   filename _OUTIN;
MPRINT(EM_DIAGRAM):    filename _OUT;
MPRINT(EM_DIAGRAM):    filename _emtool_ 'D:\git\notebooks\5. data analysis\1. sas\sas em\CaseStudy\demo_scorecard\Workspaces\EMWS1\Part\EMRUNSTATUS.xml' encoding="UTF-8" NOBOM;
MPRINT(EM_DIAGRAM):    filename _emtool_ 'D:\git\notebooks\5. data analysis\1. sas\sas em\CaseStudy\demo_scorecard\Workspaces\EMWS1\Part\EMRUNSTATUS.xml' encoding="UTF-8" NOBOM;
22947      proc freq data=EMWS1.Part_VariableSet noprint;
MPRINT(EM_DIAGRAM):    proc freq data=EMWS1.Part_VariableSet noprint;
22948      table ROLE*LEVEL/out=WORK.PartMETA;
MPRINT(EM_DIAGRAM):   table ROLE*LEVEL/out=WORK.PartMETA;
22949      run;
MPRINT(EM_DIAGRAM):   run;

NOTE: 从数据集 EMWS1.PART_VARIABLESET. 读取了 28 个观测
NOTE: 数据集 WORK.PARTMETA 有 5 个观测和 4 个变量。
NOTE: “PROCEDURE FREQ”所用时间（总处理时间）:
      实际时间          0.01 秒
      CPU 时间          0.01 秒
      

22950      proc print data=WORK.PartMETA label noobs;
MPRINT(EM_DIAGRAM):   proc print data=WORK.PartMETA label noobs;
22951      var ROLE LEVEL COUNT;
MPRINT(EM_DIAGRAM):   var ROLE LEVEL COUNT;
22952      label ROLE = "%sysfunc(sasmsg(sashelp.dmine, meta_role_vlabel, NOQUOTE))" LEVEL = "%sysfunc(sasmsg(sashelp.dmine, meta_level_vlabel, NOQUOTE))" COUNT = "%sysfunc(sasmsg(sashelp.dmine, rpt_count_vlabel, NOQUOTE))";
MPRINT(EM_DIAGRAM):   label ROLE = "角色" LEVEL = "测度水平" COUNT = "频数计数";
22953      title9 ' ';
MPRINT(EM_DIAGRAM):   title9 ' ';
22954      title10 "%sysfunc(sasmsg(sashelp.dmine, rpt_varSummary_title  , NOQUOTE))";
MPRINT(EM_DIAGRAM):   title10 "变量汇总";
MPRINT(EM_DIAGRAM):   run;
22955      run;

NOTE: 从数据集 WORK.PARTMETA. 读取了 5 个观测
NOTE: PROCEDURE PRINT 已打印第 4 页。
NOTE: “PROCEDURE PRINT”所用时间（总处理时间）:
      实际时间          0.00 秒
      CPU 时间          0.00 秒
      

22956      title10;
MPRINT(EM_DIAGRAM):   title10;
MPRINT(EM_DIAGRAM):    *------------------------------------------------------------*;
MPRINT(EM_DIAGRAM):   * Part: 准备用于训练的元数据;
MPRINT(EM_DIAGRAM):   *------------------------------------------------------------*;
MPRINT(EM_DIAGRAM):   data WORK.M17PJAWJ;
MPRINT(EM_DIAGRAM):   set WORK.M17PJAWJ;
MPRINT(EM_DIAGRAM):   where(PARTITIONROLE ne '' or ROLE='TARGET');
MPRINT(EM_DIAGRAM):   run;
trainPct=70 validatePct=30 testPct=0 
NOTE: “视图 EMWS1.IDS_DATA.VIEW”所用时间（总处理时间）:
      实际时间          0.02 秒
      CPU 时间          0.01 秒
      
22964      *------------------------------------------------------------*;
MPRINT(EM_DIAGRAM):    *------------------------------------------------------------*;
22965      * Part: Retrieving stratification variable(s) levels;
MPRINT(EM_DIAGRAM):   * Part: Retrieving stratification variable(s) levels;
22966      *------------------------------------------------------------*;
MPRINT(EM_DIAGRAM):   *------------------------------------------------------------*;
22967      proc freq data=EMWS1.Ids_DATA noprint;
MPRINT(EM_DIAGRAM):   proc freq data=EMWS1.Ids_DATA noprint;
22968      format
22969      GB BEST12.0
22970      ;
MPRINT(EM_DIAGRAM):   format GB BEST12.0 ;
22971      table
22972      GB
22973      /out=WORK.Part_FREQ(drop=percent);
MPRINT(EM_DIAGRAM):   table GB /out=WORK.Part_FREQ(drop=percent);
22974      run;
MPRINT(EM_DIAGRAM):   run;

NOTE: “视图 EMWS1.IDS_DATA.VIEW”所用时间（总处理时间）:
      实际时间          0.02 秒
      CPU 时间          0.03 秒
      
NOTE: 从数据集 SAMPSIO.CS_ACCEPTS. 读取了 3000 个观测
NOTE: 从数据集 EMWS1.IDS_DATA. 读取了 3000 个观测
NOTE: 数据集 WORK.PART_FREQ 有 2 个观测和 2 个变量。
NOTE: “PROCEDURE FREQ”所用时间（总处理时间）:
      实际时间          0.02 秒
      CPU 时间          0.03 秒
      

22975      proc sort data=WORK.Part_FREQ;
MPRINT(EM_DIAGRAM):    proc sort data=WORK.Part_FREQ;
22976      by descending count;
MPRINT(EM_DIAGRAM):   by descending count;
22977      run;
MPRINT(EM_DIAGRAM):   run;

NOTE: 从数据集 WORK.PART_FREQ. 读取了 2 个观测
NOTE: 数据集 WORK.PART_FREQ 有 2 个观测和 2 个变量。
NOTE: “PROCEDURE SORT”所用时间（总处理时间）:
      实际时间          0.00 秒
      CPU 时间          0.01 秒
      

MPRINT(EM_DIAGRAM):   * Part: Retrieving levels that meet minimum requirement;
22978      * Part: Retrieving levels that meet minimum requirement;
22979      data WORK.Part_FREQ2(keep = count);
MPRINT(EM_DIAGRAM):   data WORK.Part_FREQ2(keep = count);
22980      set WORK.Part_FREQ;
MPRINT(EM_DIAGRAM):   set WORK.Part_FREQ;
22981      where (.01 * 70 * count) >= 3;
MPRINT(EM_DIAGRAM):   where (.01 * 70 * count) >= 3;
22982      run;
MPRINT(EM_DIAGRAM):   run;

NOTE: 从数据集 WORK.PART_FREQ. 读取了 2 个观测
      WHERE (0.7*count)>=3;
NOTE: 数据集 WORK.PART_FREQ2 有 2 个观测和 1 个变量。
NOTE: “DATA 语句”所用时间（总处理时间）:
      实际时间          0.00 秒
      CPU 时间          0.00 秒
      

22983      *------------------------------------------------------------*;
MPRINT(EM_DIAGRAM):    *------------------------------------------------------------*;
22984      * Part: Create stratified partitioning;
MPRINT(EM_DIAGRAM):   * Part: Create stratified partitioning;
22985      *------------------------------------------------------------*;
MPRINT(EM_DIAGRAM):   *------------------------------------------------------------*;
22986      data
22987      EMWS1.Part_TRAIN(label="")
22988      EMWS1.Part_VALIDATE(label="")
22989      ;
MPRINT(EM_DIAGRAM):   data EMWS1.Part_TRAIN(label="") EMWS1.PART_VALIDATE(label="") ;
22990      retain _seed_ 12345;
MPRINT(EM_DIAGRAM):   retain _seed_ 12345;
22991      drop _seed_ _genvalue_;
MPRINT(EM_DIAGRAM):   drop _seed_ _genvalue_;
22992      call ranuni(_seed_, _genvalue_);
MPRINT(EM_DIAGRAM):   call ranuni(_seed_, _genvalue_);
22993      label _dataobs_ = "%sysfunc(sasmsg(sashelp.dmine, sample_dataobs_vlabel, NOQUOTE))";
MPRINT(EM_DIAGRAM):   label _dataobs_ = "观测号";
22994      _dataobs_ = _N_;
MPRINT(EM_DIAGRAM):   _dataobs_ = _N_;
22995      drop _c00:;
MPRINT(EM_DIAGRAM):   drop _c00:;
22996      set EMWS1.Ids_DATA;
MPRINT(EM_DIAGRAM):   set EMWS1.Ids_DATA;
22997      length _Pformat1 $58;
MPRINT(EM_DIAGRAM):   length _Pformat1 $58;
22998      drop _Pformat1;
MPRINT(EM_DIAGRAM):   drop _Pformat1;
22999      _Pformat1 = strip(put(GB, BEST12.0));
MPRINT(EM_DIAGRAM):   _Pformat1 = strip(put(GB, BEST12.0));
23000      if
23001      _Pformat1 = '0'
23002      then do;
MPRINT(EM_DIAGRAM):   if _Pformat1 = '0' then do;
23003      if (1500+1-_C000003)*_genvalue_ <= (1050 - _C000001) then do;
MPRINT(EM_DIAGRAM):   if (1500+1-_C000003)*_genvalue_ <= (1050 - _C000001) then do;
23004      _C000001 + 1;
MPRINT(EM_DIAGRAM):   _C000001 + 1;
23005      output EMWS1.Part_TRAIN;
MPRINT(EM_DIAGRAM):   output EMWS1.Part_TRAIN;
23006      end;
MPRINT(EM_DIAGRAM):   end;
23007      else do;
MPRINT(EM_DIAGRAM):   else do;
23008      _C000002 + 1;
MPRINT(EM_DIAGRAM):   _C000002 + 1;
23009      output EMWS1.Part_VALIDATE;
MPRINT(EM_DIAGRAM):   output EMWS1.Part_VALIDATE;
23010      end;
MPRINT(EM_DIAGRAM):   end;
23011      _C000003+1;
MPRINT(EM_DIAGRAM):   _C000003+1;
23012      end;
MPRINT(EM_DIAGRAM):   end;
23013      else if
23014      _Pformat1 = '1'
23015      then do;
MPRINT(EM_DIAGRAM):   else if _Pformat1 = '1' then do;
23016      if (1500+1-_C000006)*_genvalue_ <= (1050 - _C000004) then do;
MPRINT(EM_DIAGRAM):   if (1500+1-_C000006)*_genvalue_ <= (1050 - _C000004) then do;
23017      _C000004 + 1;
MPRINT(EM_DIAGRAM):   _C000004 + 1;
23018      output EMWS1.Part_TRAIN;
MPRINT(EM_DIAGRAM):   output EMWS1.Part_TRAIN;
23019      end;
MPRINT(EM_DIAGRAM):   end;
23020      else do;
MPRINT(EM_DIAGRAM):   else do;
23021      _C000005 + 1;
MPRINT(EM_DIAGRAM):   _C000005 + 1;
23022      output EMWS1.Part_VALIDATE;
MPRINT(EM_DIAGRAM):   output EMWS1.Part_VALIDATE;
23023      end;
MPRINT(EM_DIAGRAM):   end;
23024      _C000006+1;
MPRINT(EM_DIAGRAM):   _C000006+1;
23025      end;
MPRINT(EM_DIAGRAM):   end;
23026      run;
MPRINT(EM_DIAGRAM):   run;

NOTE: “视图 EMWS1.IDS_DATA.VIEW”所用时间（总处理时间）:
      实际时间          0.02 秒
      CPU 时间          0.01 秒
      
NOTE: 从数据集 SAMPSIO.CS_ACCEPTS. 读取了 3000 个观测
NOTE: 从数据集 EMWS1.IDS_DATA. 读取了 3000 个观测
NOTE: 数据集 EMWS1.PART_TRAIN 有 2099 个观测和 29 个变量。
NOTE: 数据集 EMWS1.PART_VALIDATE 有 901 个观测和 29 个变量。
NOTE: “DATA 语句”所用时间（总处理时间）:
      实际时间          0.03 秒
      CPU 时间          0.01 秒
      

23027      data _tempNobs;
MPRINT(EM_DIAGRAM):    data _tempNobs;
23028      length Type $8 Table $32 Nobs 8;
MPRINT(EM_DIAGRAM):   length Type $8 Table $32 Nobs 8;
23029      label type= "%sysfunc(sasmsg(sashelp.dmine, meta_type_vlabel,    NOQUOTE))" table = "%sysfunc(sasmsg(sashelp.dmine, meta_dataset_vlabel, NOQUOTE))" nobs = "%sysfunc(sasmsg(sashelp.dmine,  rpt_numObs_vlabel,   NOQUOTE))";
MPRINT(EM_DIAGRAM):   label type= "类型" table = "数据集" nobs = "观测数";
23030      type='DATA';
MPRINT(EM_DIAGRAM):   type='DATA';
23031      table="EMWS1.Ids_DATA";
MPRINT(EM_DIAGRAM):   table="EMWS1.Ids_DATA";
23032      Nobs=3000;
MPRINT(EM_DIAGRAM):   Nobs=3000;
23033      output;
MPRINT(EM_DIAGRAM):   output;
23034      type='TRAIN';
MPRINT(EM_DIAGRAM):   type='TRAIN';
23035      table="EMWS1.Part_TRAIN";
MPRINT(EM_DIAGRAM):   table="EMWS1.Part_TRAIN";
23036      Nobs=2099;
MPRINT(EM_DIAGRAM):   Nobs=2099;
23037      output;
MPRINT(EM_DIAGRAM):   output;
23038      type='VALIDATE';
MPRINT(EM_DIAGRAM):   type='VALIDATE';
23039      table="EMWS1.Part_VALIDATE";
MPRINT(EM_DIAGRAM):   table="EMWS1.Part_VALIDATE";
23040      Nobs=901;
MPRINT(EM_DIAGRAM):   Nobs=901;
23041      output;
MPRINT(EM_DIAGRAM):   output;
23042      run;
MPRINT(EM_DIAGRAM):   run;

NOTE: 数据集 WORK._TEMPNOBS 有 3 个观测和 3 个变量。
NOTE: “DATA 语句”所用时间（总处理时间）:
      实际时间          0.01 秒
      CPU 时间          0.00 秒
      

23043      %let _cn = %sysfunc(getoption(CENTER));
23044      %let _nb = %sysfunc(getoption(NUMBER));
23045      options nonumber nocenter;
MPRINT(EM_DIAGRAM):   options nonumber nocenter;
23046      proc print data=_tempNobs noobs label;
MPRINT(EM_DIAGRAM):   proc print data=_tempNobs noobs label;
23047      title9 ' ';
MPRINT(EM_DIAGRAM):   title9 ' ';
23048      title10 "%sysfunc(sasmsg(sashelp.dmine, rpt_partitionSummary_title, NOQUOTE))";
MPRINT(EM_DIAGRAM):   title10 "分区汇总";
MPRINT(EM_DIAGRAM):   run;
23049      run;

NOTE: 从数据集 WORK._TEMPNOBS. 读取了 3 个观测
NOTE: PROCEDURE PRINT 已打印第 5 页。
NOTE: “PROCEDURE PRINT”所用时间（总处理时间）:
      实际时间          0.00 秒
      CPU 时间          0.00 秒
      

23050      title10;
MPRINT(EM_DIAGRAM):   title10;
23051      options &_cn &_nb;
MPRINT(EM_DIAGRAM):   options NOCENTER NONUMBER;
MPRINT(EM_DIAGRAM):   run;
23052      run;

MPRINT(EM_DIAGRAM):    proc printto;
MPRINT(EM_DIAGRAM):   run;
