NOTE: “PROCEDURE PRINTTO”所用时间（总处理时间）:
      实际时间          0.00 秒
      CPU 时间          0.01 秒
      

1 
Traverser: 已调用 Traverser，MPCONNECT 命令是 sas。 
Traverser: 开始过程流遍历 
*------------------------------------------------------------* 
* 
* FIMPORT : Beginning Update 
* datetime : 27AUG2019:19:24:01 
* 
*------------------------------------------------------------* 
12457      %let emexceptionString =;
12458      %let EMEXCEPTIONSTRING=;
12459      *------------------------------------------------------------*;
12460      * UPDATE: FIMPORT;
12461      *------------------------------------------------------------*;
12462      %let EM_ACTION = UPDATE;
12463      %let syscc = 0;
12464      /* Fimport.source */
12465      %macro main;
12466            %if %upcase(&EM_ACTION) = CREATE %then %do;
12467               filename temp catalog 'sashelp.emsamp.Fimport_create.source';
12468               %include temp;
12469               filename temp;
12470               %create;
12471            %end;
12472            %else
12473            %if %upcase(&EM_ACTION) = TRAIN %then %do;
12474               filename temp catalog 'sashelp.emsamp.Fimport_train.source';
12475               %include temp;
12476               filename temp;
12477               %train;
12478            %end;
12479            %else
12480            %if %upcase(&EM_ACTION) = UPDATE %then %do;
12481               filename temp catalog 'sashelp.emsamp.Fimport_update.source';
12482               %include temp;
12483               filename temp;
12484               %update;
12485            %end;
12486            %else
12487            %if %upcase(&EM_ACTION) = PROPERTY %then %do;
12488               filename temp catalog 'sashelp.emsamp.Fimport_actions.source';
12489               %include temp;
12490               filename temp;
12491               %property;
12492            %end;
12493             %else
12494            %if %upcase(&EM_ACTION) = SCORE %then %do;
12495               filename temp catalog 'sashelp.emsamp.Fimport_score.source';
12496               %include temp;
12497               filename temp;
12498               %score;
12499            %end;
12500            %else
12501            %if %upcase(&EM_ACTION) = REPORT %then %do;
12502               filename temp catalog 'sashelp.emsamp.Fimport_report.source';
12503               %include temp;
12504               filename temp;
12505               %report;
12506            %end;
12507            %else
12508            %if %upcase(&EM_ACTION) = OPENVARIABLESET %then %do;
12509               filename temp catalog 'sashelp.emsamp.Fimport_actions.source';
12510               %include temp;
12511               filename temp;
12512               %openvariableset;
12513            %end;
12514            %else
12515            %if %upcase(&EM_ACTION) = CLOSEVARIABLESET %then %do;
12516               filename temp catalog 'sashelp.emsamp.Fimport_actions.source';
12517               %include temp;
12518               filename temp;
12519               %closevariableset;
12520            %end;
12521      %mend main;
12522      %main;
NOTE: %INCLUDE（水平 1）文件 TEMP 是文件 SASHELP.EMSAMP.FIMPORT_UPDATE.SOURCE。
12523     +%macro update;
12524     +    %let oldrole = %str();
12525     +    data _null_;
12526     +       set &em_data_exportset;
12527     +       where NODEPORT='TRAIN';
12528     +       call symput('oldrole', ROLE);
12529     +    run;
12530     +    %if &oldrole ne &em_property_role %then %do;
12531     +        data &em_data_exportset;
12532     +           set &em_data_exportset;
12533     +           if NODEPORT='TRAIN' then do;
12534     +              ROLE="&em_property_role";
12535     +              NEEDUPDATE='Y';
12536     +              EXPORT='Y';
12537     +           end;
12538     +        run;
12539     +        filename x "&EM_NODEDIR.&EM_DSEP._updatePath.st";
12540     +        data _null_;
12541     +           file x;
12542     +           put ' ';
12543     +        run;
12544     +        filename x;
12545     +    %end;
12546     +    %else %do;
12547     +        data &em_data_exportset;
12548     +           set &em_data_exportset;
12549     +           if NODEPORT='TRAIN' then do;
12550     +              ROLE="&em_property_role";
12551     +              NEEDUPDATE='Y';
12552     +              EXPORT='Y';
12553     +           end;
12554     +        run;
12555     +    %end;
12556     +
12557     +    %em_getname(key=EMCMETADEFAULT, type=DATA);
12558     +    %if %sysfunc(exist(&em_user_emcmetadefault)) and ^%sysfunc(exist(&em_lib..&em_nodeid._CMETA_TRAIN)) %then %do;
12559     +        data &em_lib..&em_nodeid._CMETA_TRAIN;
12560     +           set &em_user_emcmetadefault;
12561     +           drop DROP;
12562     +           where DROP='N';
12563     +        run;
12564     +    %end;
12565     +
12566     +%mend update;
12567     +
12568     +
12569     +
12570     +
NOTE: %INCLUDE（水平 1）结束。
NOTE: 已取消文件引用名 TEMP 的分配。

NOTE: 从数据集 EMWS1.FIMPORT_EXPORTSET. 读取了 1 个观测
      WHERE NODEPORT='TRAIN';
NOTE: “DATA 语句”所用时间（总处理时间）:
      实际时间          0.00 秒
      CPU 时间          0.00 秒
      


NOTE: 从数据集 EMWS1.FIMPORT_EXPORTSET. 读取了 6 个观测
NOTE: 数据集 EMWS1.FIMPORT_EXPORTSET 有 6 个观测和 18 个变量。
NOTE: “DATA 语句”所用时间（总处理时间）:
      实际时间          0.00 秒
      CPU 时间          0.00 秒
      

12571      *------------------------------------------------------------*;
12572      * End UPDATE: FIMPORT;
12573      *------------------------------------------------------------*;

12574      %em_delMacro;

12576      %let _HPDMGRIDHOST=;
12577      %let _HPDMGRIDINSTALLLOC=;
12578      %let _HPDMGRIDDATASERVER=;
12579      %hpdm_gridSetOPtions;

NOTE: “DATA 语句”所用时间（总处理时间）:
      实际时间          0.00 秒
      CPU 时间          0.00 秒
      


*------------------------------------------------------------* 
* 
* FIMPORT : End Update 
* datetime : 27AUG2019:19:24:01 
* 
*------------------------------------------------------------* 
Traverser: 运行完毕 
12580      proc printto;
12581      run;

