*------------------------------------------------------------*
用户:       hp
日期:       2019年08月25日
时间:       17时36分07秒
*------------------------------------------------------------*
* 训练输出
*------------------------------------------------------------*
 
 
 
 
变量汇总
 
 角色     测度水平    频数计数
 
INPUT     BINARY          1
INPUT     INTERVAL       10
INPUT     NOMINAL         1
TARGET    BINARY          1
 
 
 
 
分区汇总
 
类型              数据集           观测数
 
DATA        EMWS1.Ids_DATA          5960
TRAIN       EMWS1.Part_TRAIN        2382
VALIDATE    EMWS1.Part_VALIDATE     1788
TEST        EMWS1.Part_TEST         1790


*------------------------------------------------------------*
* 评分输出
*------------------------------------------------------------*


*------------------------------------------------------------*
* 报表输出
*------------------------------------------------------------*
 
 
 
 
分类目标的汇总统计量
 
数据=DATA
 
变量    数值型值    格式化值    频数计数     百分比    标签
 
BAD         0          0          4771      80.0503
BAD         1          1          1189      19.9497
 
 
数据=TEST
 
变量    数值型值    格式化值    频数计数     百分比    标签
 
BAD         0          0          1433      80.0559
BAD         1          1           357      19.9441
 
 
数据=TRAIN
 
变量    数值型值    格式化值    频数计数     百分比    标签
 
BAD         0          0          1907      80.0588
BAD         1          1           475      19.9412
 
 
数据=VALIDATE
 
变量    数值型值    格式化值    频数计数     百分比    标签
 
BAD         0          0          1431      80.0336
BAD         1          1           357      19.9664
