MPRINT(EM_DIAGRAM):    data _null_;
MPRINT(EM_DIAGRAM):   call symput('NLDATE', strip(put(date(), NLDATE.)));
MPRINT(EM_DIAGRAM):   call symput('NLTIME', strip(put(datetime(), NLTIME.)));
MPRINT(EM_DIAGRAM):   run;
MPRINT(EM_DIAGRAM):   data _null_;
MPRINT(EM_DIAGRAM):   nldate= sasmsg("sashelp.dmine", "log_date_note", 'N', "2019年08月25日" );
MPRINT(EM_DIAGRAM):   nltime= sasmsg("sashelp.dmine", "log_time_note", 'N', "17时36分06秒" );
MPRINT(EM_DIAGRAM):   put "*------------------------------------------------------------*";
MPRINT(EM_DIAGRAM):   put "* 报表日志";
MPRINT(EM_DIAGRAM):   put nldate;
MPRINT(EM_DIAGRAM):   put nltime;
MPRINT(EM_DIAGRAM):   put "*------------------------------------------------------------*";
MPRINT(EM_DIAGRAM):   run;
*------------------------------------------------------------*
* 报表日志
日期:       2019年08月25日
时间:       17时36分06秒
*------------------------------------------------------------*
MPRINT(EM_DIAGRAM):    filename O0E7H5IH "D:\git\notebooks\5. data analysis\1. sas\sas em\CaseStudy\My Project\Workspaces\EMWS1\Part\EMREPORT.out" encoding="UTF-8" NOBOM;
MPRINT(EM_DIAGRAM):   proc printto print=O0E7H5IH new;
MPRINT(EM_DIAGRAM):   run;
MPRINT(EM_DIAGRAM):    data WORK.M1W1RF9M;
MPRINT(EM_DIAGRAM):   set WORK.M1W1RF9M;
MPRINT(EM_DIAGRAM):   where(ROLE = "TARGET" or ROLE = "FREQ");
MPRINT(EM_DIAGRAM):   run;
23632      *------------------------------------------------------------*;
MPRINT(EM_DIAGRAM):    *------------------------------------------------------------*;
23633      * Part: 为分类目标变量计算统计量;
MPRINT(EM_DIAGRAM):   * Part: 为分类目标变量计算统计量;
23634      *------------------------------------------------------------*;
MPRINT(EM_DIAGRAM):   *------------------------------------------------------------*;
23635      ods listing close;
MPRINT(EM_DIAGRAM):   ods listing close;
23636      ods output onewayfreqs=WORK.TEMPFREQ;
MPRINT(EM_DIAGRAM):   ods output onewayfreqs=WORK.TEMPFREQ;
23637      proc freq data = EMWS1.Ids_DATA order=formatted addnames;
MPRINT(EM_DIAGRAM):   proc freq data = EMWS1.Ids_DATA order=formatted addnames;
23638      table BAD / missing;
MPRINT(EM_DIAGRAM):   table BAD / missing;
23639      run;
MPRINT(EM_DIAGRAM):   run;

NOTE: “视图 EMWS1.IDS_DATA.VIEW”所用时间（总处理时间）:
      实际时间          0.07 秒
      CPU 时间          0.04 秒
      
NOTE: 从数据集 SAMPSIO.HMEQ. 读取了 5960 个观测
NOTE: 数据集 WORK.TEMPFREQ 有 2 个观测和 8 个变量。
NOTE: 从数据集 EMWS1.IDS_DATA. 读取了 5960 个观测
NOTE: “PROCEDURE FREQ”所用时间（总处理时间）:
      实际时间          0.07 秒
      CPU 时间          0.04 秒
      

MPRINT(EM_DIAGRAM):   quit;
23640      quit;
23641      ods listing;
MPRINT(EM_DIAGRAM):   ods listing;
23642      data WORK.Part_BAR(keep=_VARIABLE_ TYPE COUNT PERCENT _X_ _XLABEL_);
MPRINT(EM_DIAGRAM):    data WORK.Part_BAR(keep=_VARIABLE_ TYPE COUNT PERCENT _X_ _XLABEL_);
23643      label _VARIABLE_ = "%sysfunc(sasmsg(sashelp.dmine, rpt_variable_vlabel, NOQUOTE))" Type = "%sysfunc(sasmsg(sashelp.dmine, rpt_type_vlabel,         NOQUOTE))" _X_ = "%sysfunc(sasmsg(sashelp.dmine, rpt_numValue_vlabel, NOQUOTE))" _XLABEL_ =
23644         "%sysfunc(sasmsg(sashelp.dmine, rpt_fmtValue_vlabel ,    NOQUOTE))" COUNT = "%sysfunc(sasmsg(sashelp.dmine, rpt_count_vlabel,        NOQUOTE))" PERCENT = "%sysfunc(sasmsg(sashelp.dmine, rpt_percent_vlabel,      NOQUOTE))";
MPRINT(EM_DIAGRAM):   label _VARIABLE_ = "变量" Type = "类型" _X_ = "数值型值" _XLABEL_ = "格式化值" COUNT = "频数计数" PERCENT = "百分比";
23645      dsid = open("WORK.TEMPFREQ");
MPRINT(EM_DIAGRAM):   dsid = open("WORK.TEMPFREQ");
23646      varnum = varnum(dsid, 'VARIABLE');
MPRINT(EM_DIAGRAM):   varnum = varnum(dsid, 'VARIABLE');
23647      freqnum = varnum(dsid, 'FREQUENCY');
MPRINT(EM_DIAGRAM):   freqnum = varnum(dsid, 'FREQUENCY');
23648      pvarnum = varnum(dsid, 'PERCENT');
MPRINT(EM_DIAGRAM):   pvarnum = varnum(dsid, 'PERCENT');
23649      typenum = varnum(dsid, '_TYPE_');
MPRINT(EM_DIAGRAM):   typenum = varnum(dsid, '_TYPE_');
23650      length _VARIABLE_ $32 TYPE $1 _XLABEL_ $32;
MPRINT(EM_DIAGRAM):   length _VARIABLE_ $32 TYPE $1 _XLABEL_ $32;
23651      do while(^fetch(dsid));
MPRINT(EM_DIAGRAM):   do while(^fetch(dsid));
23652      _VARIABLE_ = strip(getvarc(dsid, varnum));
MPRINT(EM_DIAGRAM):   _VARIABLE_ = strip(getvarc(dsid, varnum));
23653      count = getvarn(dsid, freqnum);
MPRINT(EM_DIAGRAM):   count = getvarn(dsid, freqnum);
23654      percent= getvarn(dsid, pvarnum);
MPRINT(EM_DIAGRAM):   percent= getvarn(dsid, pvarnum);
23655      vvarnum = varnum(dsid, _VARIABLE_);
MPRINT(EM_DIAGRAM):   vvarnum = varnum(dsid, _VARIABLE_);
23656      type = vartype(dsid, vvarnum);
MPRINT(EM_DIAGRAM):   type = vartype(dsid, vvarnum);
23657      fvarnum = varnum(dsid, 'F_'!!substr(_VARIABLE_, 1, 30));
MPRINT(EM_DIAGRAM):   fvarnum = varnum(dsid, 'F_'!!substr(_VARIABLE_, 1, 30));
23658      _XLABEL_ = left(getvarc(dsid, fvarnum));
MPRINT(EM_DIAGRAM):   _XLABEL_ = left(getvarc(dsid, fvarnum));
23659      _X_ = .;
MPRINT(EM_DIAGRAM):   _X_ = .;
23660      if TYPE eq 'N' then _X_ = getvarn(dsid, vvarnum);
MPRINT(EM_DIAGRAM):   if TYPE eq 'N' then _X_ = getvarn(dsid, vvarnum);
23661      output;
MPRINT(EM_DIAGRAM):   output;
23662      end;
MPRINT(EM_DIAGRAM):   end;
23663      dsid = close(dsid);
MPRINT(EM_DIAGRAM):   dsid = close(dsid);
23664      run;
MPRINT(EM_DIAGRAM):   run;

NOTE: 数据集 WORK.PART_BAR 有 2 个观测和 6 个变量。
NOTE: “DATA 语句”所用时间（总处理时间）:
      实际时间          0.00 秒
      CPU 时间          0.01 秒
      

23665      proc sort data=WORK.Part_BAR NOTHREADS;
MPRINT(EM_DIAGRAM):   proc sort data=WORK.Part_BAR NOTHREADS;
23666      by _VARIABLE_;
MPRINT(EM_DIAGRAM):   by _VARIABLE_;
23667      run;
MPRINT(EM_DIAGRAM):   run;

NOTE: 从数据集 WORK.PART_BAR. 读取了 2 个观测
NOTE: 数据集 WORK.PART_BAR 有 2 个观测和 6 个变量。
NOTE: “PROCEDURE SORT”所用时间（总处理时间）:
      实际时间          0.00 秒
      CPU 时间          0.00 秒
      

23668      proc sort data=WORK.M1W1RF9M;
MPRINT(EM_DIAGRAM):   proc sort data=WORK.M1W1RF9M;
23669      by Name;
MPRINT(EM_DIAGRAM):   by Name;
23670      run;
MPRINT(EM_DIAGRAM):   run;

NOTE: 从数据集 WORK.M1W1RF9M. 读取了 1 个观测
NOTE: 数据集 WORK.M1W1RF9M 有 1 个观测和 21 个变量。
NOTE: “PROCEDURE SORT”所用时间（总处理时间）:
      实际时间          0.01 秒
      CPU 时间          0.00 秒
      

23671      data WORK.Part_BAR;
MPRINT(EM_DIAGRAM):   data WORK.Part_BAR;
23672      merge WORK.Part_BAR(in=_a) WORK.M1W1RF9M(keep=Name Label Role rename=(Name=_Variable_ Label=_Label_));
MPRINT(EM_DIAGRAM):   merge WORK.Part_BAR(in=_a) WORK.M1W1RF9M(keep=Name Label Role rename=(Name=_Variable_ Label=_Label_));
23673      by _Variable_;
MPRINT(EM_DIAGRAM):   by _Variable_;
23674      label Role = "%sysfunc(sasmsg(sashelp.dmine, meta_role_vlabel ,  NOQUOTE))";
MPRINT(EM_DIAGRAM):   label Role = "角色";
23675      label Label = "%sysfunc(sasmsg(sashelp.dmine, meta_label_vlabel , NOQUOTE))";
MPRINT(EM_DIAGRAM):   label Label = "标签";
23676      if _a then output;
MPRINT(EM_DIAGRAM):   if _a then output;
23677      run;
MPRINT(EM_DIAGRAM):   run;

NOTE: 变量 Label 未初始化。
WARNING: 输入数据集为 BY 变量 _VARIABLE_ 指定了多个长度。这可能导致意外的结果。
NOTE: 从数据集 WORK.PART_BAR. 读取了 2 个观测
NOTE: 从数据集 WORK.M1W1RF9M. 读取了 1 个观测
NOTE: 数据集 WORK.PART_BAR 有 2 个观测和 8 个变量。
NOTE: “DATA 语句”所用时间（总处理时间）:
      实际时间          0.00 秒
      CPU 时间          0.00 秒
      

23678      data EMWS1.Part_CLASS;
MPRINT(EM_DIAGRAM):    data EMWS1.Part_CLASS;
23679      length DATA $8;
MPRINT(EM_DIAGRAM):   length DATA $8;
23680      set WORK.Part_BAR;
MPRINT(EM_DIAGRAM):   set WORK.Part_BAR;
23681      DATA = "DATA";
MPRINT(EM_DIAGRAM):   DATA = "DATA";
23682      run;
MPRINT(EM_DIAGRAM):   run;

NOTE: 从数据集 WORK.PART_BAR. 读取了 2 个观测
NOTE: 数据集 EMWS1.PART_CLASS 有 2 个观测和 9 个变量。
NOTE: “DATA 语句”所用时间（总处理时间）:
      实际时间          0.00 秒
      CPU 时间          0.01 秒
      

23683      *------------------------------------------------------------*;
MPRINT(EM_DIAGRAM):    *------------------------------------------------------------*;
23684      * Part: 为区间型目标变量计算统计量;
MPRINT(EM_DIAGRAM):   * Part: 为区间型目标变量计算统计量;
23685      *------------------------------------------------------------*;
MPRINT(EM_DIAGRAM):   *------------------------------------------------------------*;
23686      *------------------------------------------------------------*;
MPRINT(EM_DIAGRAM):   *------------------------------------------------------------*;
23687      * Part: 为分类目标变量计算统计量;
MPRINT(EM_DIAGRAM):   * Part: 为分类目标变量计算统计量;
23688      *------------------------------------------------------------*;
MPRINT(EM_DIAGRAM):   *------------------------------------------------------------*;
23689      ods listing close;
MPRINT(EM_DIAGRAM):   ods listing close;
23690      ods output onewayfreqs=WORK.TEMPFREQ;
MPRINT(EM_DIAGRAM):   ods output onewayfreqs=WORK.TEMPFREQ;
23691      proc freq data = EMWS1.Part_TRAIN order=formatted addnames;
MPRINT(EM_DIAGRAM):   proc freq data = EMWS1.Part_TRAIN order=formatted addnames;
23692      table BAD / missing;
MPRINT(EM_DIAGRAM):   table BAD / missing;
23693      run;
MPRINT(EM_DIAGRAM):   run;

NOTE: 数据集 WORK.TEMPFREQ 有 2 个观测和 8 个变量。
NOTE: 从数据集 EMWS1.PART_TRAIN. 读取了 2382 个观测
NOTE: “PROCEDURE FREQ”所用时间（总处理时间）:
      实际时间          0.00 秒
      CPU 时间          0.00 秒
      

MPRINT(EM_DIAGRAM):   quit;
23694      quit;
23695      ods listing;
MPRINT(EM_DIAGRAM):   ods listing;
23696      data WORK.Part_BAR(keep=_VARIABLE_ TYPE COUNT PERCENT _X_ _XLABEL_);
MPRINT(EM_DIAGRAM):    data WORK.Part_BAR(keep=_VARIABLE_ TYPE COUNT PERCENT _X_ _XLABEL_);
23697      label _VARIABLE_ = "%sysfunc(sasmsg(sashelp.dmine, rpt_variable_vlabel, NOQUOTE))" Type = "%sysfunc(sasmsg(sashelp.dmine, rpt_type_vlabel,         NOQUOTE))" _X_ = "%sysfunc(sasmsg(sashelp.dmine, rpt_numValue_vlabel, NOQUOTE))" _XLABEL_ =
23698         "%sysfunc(sasmsg(sashelp.dmine, rpt_fmtValue_vlabel ,    NOQUOTE))" COUNT = "%sysfunc(sasmsg(sashelp.dmine, rpt_count_vlabel,        NOQUOTE))" PERCENT = "%sysfunc(sasmsg(sashelp.dmine, rpt_percent_vlabel,      NOQUOTE))";
MPRINT(EM_DIAGRAM):   label _VARIABLE_ = "变量" Type = "类型" _X_ = "数值型值" _XLABEL_ = "格式化值" COUNT = "频数计数" PERCENT = "百分比";
23699      dsid = open("WORK.TEMPFREQ");
MPRINT(EM_DIAGRAM):   dsid = open("WORK.TEMPFREQ");
23700      varnum = varnum(dsid, 'VARIABLE');
MPRINT(EM_DIAGRAM):   varnum = varnum(dsid, 'VARIABLE');
23701      freqnum = varnum(dsid, 'FREQUENCY');
MPRINT(EM_DIAGRAM):   freqnum = varnum(dsid, 'FREQUENCY');
23702      pvarnum = varnum(dsid, 'PERCENT');
MPRINT(EM_DIAGRAM):   pvarnum = varnum(dsid, 'PERCENT');
23703      typenum = varnum(dsid, '_TYPE_');
MPRINT(EM_DIAGRAM):   typenum = varnum(dsid, '_TYPE_');
23704      length _VARIABLE_ $32 TYPE $1 _XLABEL_ $32;
MPRINT(EM_DIAGRAM):   length _VARIABLE_ $32 TYPE $1 _XLABEL_ $32;
23705      do while(^fetch(dsid));
MPRINT(EM_DIAGRAM):   do while(^fetch(dsid));
23706      _VARIABLE_ = strip(getvarc(dsid, varnum));
MPRINT(EM_DIAGRAM):   _VARIABLE_ = strip(getvarc(dsid, varnum));
23707      count = getvarn(dsid, freqnum);
MPRINT(EM_DIAGRAM):   count = getvarn(dsid, freqnum);
23708      percent= getvarn(dsid, pvarnum);
MPRINT(EM_DIAGRAM):   percent= getvarn(dsid, pvarnum);
23709      vvarnum = varnum(dsid, _VARIABLE_);
MPRINT(EM_DIAGRAM):   vvarnum = varnum(dsid, _VARIABLE_);
23710      type = vartype(dsid, vvarnum);
MPRINT(EM_DIAGRAM):   type = vartype(dsid, vvarnum);
23711      fvarnum = varnum(dsid, 'F_'!!substr(_VARIABLE_, 1, 30));
MPRINT(EM_DIAGRAM):   fvarnum = varnum(dsid, 'F_'!!substr(_VARIABLE_, 1, 30));
23712      _XLABEL_ = left(getvarc(dsid, fvarnum));
MPRINT(EM_DIAGRAM):   _XLABEL_ = left(getvarc(dsid, fvarnum));
23713      _X_ = .;
MPRINT(EM_DIAGRAM):   _X_ = .;
23714      if TYPE eq 'N' then _X_ = getvarn(dsid, vvarnum);
MPRINT(EM_DIAGRAM):   if TYPE eq 'N' then _X_ = getvarn(dsid, vvarnum);
23715      output;
MPRINT(EM_DIAGRAM):   output;
23716      end;
MPRINT(EM_DIAGRAM):   end;
23717      dsid = close(dsid);
MPRINT(EM_DIAGRAM):   dsid = close(dsid);
23718      run;
MPRINT(EM_DIAGRAM):   run;

NOTE: 数据集 WORK.PART_BAR 有 2 个观测和 6 个变量。
NOTE: “DATA 语句”所用时间（总处理时间）:
      实际时间          0.01 秒
      CPU 时间          0.03 秒
      

23719      proc sort data=WORK.Part_BAR NOTHREADS;
MPRINT(EM_DIAGRAM):   proc sort data=WORK.Part_BAR NOTHREADS;
23720      by _VARIABLE_;
MPRINT(EM_DIAGRAM):   by _VARIABLE_;
23721      run;
MPRINT(EM_DIAGRAM):   run;

NOTE: 从数据集 WORK.PART_BAR. 读取了 2 个观测
NOTE: 数据集 WORK.PART_BAR 有 2 个观测和 6 个变量。
NOTE: “PROCEDURE SORT”所用时间（总处理时间）:
      实际时间          0.00 秒
      CPU 时间          0.00 秒
      

23722      proc sort data=WORK.M1W1RF9M;
MPRINT(EM_DIAGRAM):   proc sort data=WORK.M1W1RF9M;
23723      by Name;
MPRINT(EM_DIAGRAM):   by Name;
23724      run;
MPRINT(EM_DIAGRAM):   run;

NOTE: 输入数据集已排序，故未进行排序。
NOTE: “PROCEDURE SORT”所用时间（总处理时间）:
      实际时间          0.00 秒
      CPU 时间          0.00 秒
      

23725      data WORK.Part_BAR;
MPRINT(EM_DIAGRAM):   data WORK.Part_BAR;
23726      merge WORK.Part_BAR(in=_a) WORK.M1W1RF9M(keep=Name Label Role rename=(Name=_Variable_ Label=_Label_));
MPRINT(EM_DIAGRAM):   merge WORK.Part_BAR(in=_a) WORK.M1W1RF9M(keep=Name Label Role rename=(Name=_Variable_ Label=_Label_));
23727      by _Variable_;
MPRINT(EM_DIAGRAM):   by _Variable_;
23728      label Role = "%sysfunc(sasmsg(sashelp.dmine, meta_role_vlabel ,  NOQUOTE))";
MPRINT(EM_DIAGRAM):   label Role = "角色";
23729      label Label = "%sysfunc(sasmsg(sashelp.dmine, meta_label_vlabel , NOQUOTE))";
MPRINT(EM_DIAGRAM):   label Label = "标签";
23730      if _a then output;
MPRINT(EM_DIAGRAM):   if _a then output;
23731      run;
MPRINT(EM_DIAGRAM):   run;

NOTE: 变量 Label 未初始化。
WARNING: 输入数据集为 BY 变量 _VARIABLE_ 指定了多个长度。这可能导致意外的结果。
NOTE: 从数据集 WORK.PART_BAR. 读取了 2 个观测
NOTE: 从数据集 WORK.M1W1RF9M. 读取了 1 个观测
NOTE: 数据集 WORK.PART_BAR 有 2 个观测和 8 个变量。
NOTE: “DATA 语句”所用时间（总处理时间）:
      实际时间          0.00 秒
      CPU 时间          0.00 秒
      

23732      data WORK.Part_BAR;
MPRINT(EM_DIAGRAM):    data WORK.Part_BAR;
23733      length DATA $8;
MPRINT(EM_DIAGRAM):   length DATA $8;
23734      set WORK.Part_BAR;
MPRINT(EM_DIAGRAM):   set WORK.Part_BAR;
23735      DATA = "TRAIN";
MPRINT(EM_DIAGRAM):   DATA = "TRAIN";
23736      run;
MPRINT(EM_DIAGRAM):   run;

NOTE: 从数据集 WORK.PART_BAR. 读取了 2 个观测
NOTE: 数据集 WORK.PART_BAR 有 2 个观测和 9 个变量。
NOTE: “DATA 语句”所用时间（总处理时间）:
      实际时间          0.00 秒
      CPU 时间          0.00 秒
      

23737      data EMWS1.Part_CLASS;
MPRINT(EM_DIAGRAM):   data EMWS1.Part_CLASS;
23738      set EMWS1.Part_CLASS WORK.Part_BAR;
MPRINT(EM_DIAGRAM):   set EMWS1.Part_CLASS WORK.Part_BAR;
23739      run;
MPRINT(EM_DIAGRAM):   run;

NOTE: 从数据集 EMWS1.PART_CLASS. 读取了 2 个观测
NOTE: 从数据集 WORK.PART_BAR. 读取了 2 个观测
NOTE: 数据集 EMWS1.PART_CLASS 有 4 个观测和 9 个变量。
NOTE: “DATA 语句”所用时间（总处理时间）:
      实际时间          0.00 秒
      CPU 时间          0.00 秒
      

23740      *------------------------------------------------------------*;
MPRINT(EM_DIAGRAM):    *------------------------------------------------------------*;
23741      * Part: 为区间型目标变量计算统计量;
MPRINT(EM_DIAGRAM):   * Part: 为区间型目标变量计算统计量;
23742      *------------------------------------------------------------*;
MPRINT(EM_DIAGRAM):   *------------------------------------------------------------*;
23743      *------------------------------------------------------------*;
MPRINT(EM_DIAGRAM):   *------------------------------------------------------------*;
23744      * Part: 为分类目标变量计算统计量;
MPRINT(EM_DIAGRAM):   * Part: 为分类目标变量计算统计量;
23745      *------------------------------------------------------------*;
MPRINT(EM_DIAGRAM):   *------------------------------------------------------------*;
23746      ods listing close;
MPRINT(EM_DIAGRAM):   ods listing close;
23747      ods output onewayfreqs=WORK.TEMPFREQ;
MPRINT(EM_DIAGRAM):   ods output onewayfreqs=WORK.TEMPFREQ;
23748      proc freq data = EMWS1.Part_VALIDATE order=formatted addnames;
MPRINT(EM_DIAGRAM):   proc freq data = EMWS1.Part_VALIDATE order=formatted addnames;
23749      table BAD / missing;
MPRINT(EM_DIAGRAM):   table BAD / missing;
23750      run;
MPRINT(EM_DIAGRAM):   run;

NOTE: 数据集 WORK.TEMPFREQ 有 2 个观测和 8 个变量。
NOTE: 从数据集 EMWS1.PART_VALIDATE. 读取了 1788 个观测
NOTE: “PROCEDURE FREQ”所用时间（总处理时间）:
      实际时间          0.00 秒
      CPU 时间          0.00 秒
      

MPRINT(EM_DIAGRAM):   quit;
23751      quit;
23752      ods listing;
MPRINT(EM_DIAGRAM):   ods listing;
23753      data WORK.Part_BAR(keep=_VARIABLE_ TYPE COUNT PERCENT _X_ _XLABEL_);
MPRINT(EM_DIAGRAM):    data WORK.Part_BAR(keep=_VARIABLE_ TYPE COUNT PERCENT _X_ _XLABEL_);
23754      label _VARIABLE_ = "%sysfunc(sasmsg(sashelp.dmine, rpt_variable_vlabel, NOQUOTE))" Type = "%sysfunc(sasmsg(sashelp.dmine, rpt_type_vlabel,         NOQUOTE))" _X_ = "%sysfunc(sasmsg(sashelp.dmine, rpt_numValue_vlabel, NOQUOTE))" _XLABEL_ =
23755         "%sysfunc(sasmsg(sashelp.dmine, rpt_fmtValue_vlabel ,    NOQUOTE))" COUNT = "%sysfunc(sasmsg(sashelp.dmine, rpt_count_vlabel,        NOQUOTE))" PERCENT = "%sysfunc(sasmsg(sashelp.dmine, rpt_percent_vlabel,      NOQUOTE))";
MPRINT(EM_DIAGRAM):   label _VARIABLE_ = "变量" Type = "类型" _X_ = "数值型值" _XLABEL_ = "格式化值" COUNT = "频数计数" PERCENT = "百分比";
23756      dsid = open("WORK.TEMPFREQ");
MPRINT(EM_DIAGRAM):   dsid = open("WORK.TEMPFREQ");
23757      varnum = varnum(dsid, 'VARIABLE');
MPRINT(EM_DIAGRAM):   varnum = varnum(dsid, 'VARIABLE');
23758      freqnum = varnum(dsid, 'FREQUENCY');
MPRINT(EM_DIAGRAM):   freqnum = varnum(dsid, 'FREQUENCY');
23759      pvarnum = varnum(dsid, 'PERCENT');
MPRINT(EM_DIAGRAM):   pvarnum = varnum(dsid, 'PERCENT');
23760      typenum = varnum(dsid, '_TYPE_');
MPRINT(EM_DIAGRAM):   typenum = varnum(dsid, '_TYPE_');
23761      length _VARIABLE_ $32 TYPE $1 _XLABEL_ $32;
MPRINT(EM_DIAGRAM):   length _VARIABLE_ $32 TYPE $1 _XLABEL_ $32;
23762      do while(^fetch(dsid));
MPRINT(EM_DIAGRAM):   do while(^fetch(dsid));
23763      _VARIABLE_ = strip(getvarc(dsid, varnum));
MPRINT(EM_DIAGRAM):   _VARIABLE_ = strip(getvarc(dsid, varnum));
23764      count = getvarn(dsid, freqnum);
MPRINT(EM_DIAGRAM):   count = getvarn(dsid, freqnum);
23765      percent= getvarn(dsid, pvarnum);
MPRINT(EM_DIAGRAM):   percent= getvarn(dsid, pvarnum);
23766      vvarnum = varnum(dsid, _VARIABLE_);
MPRINT(EM_DIAGRAM):   vvarnum = varnum(dsid, _VARIABLE_);
23767      type = vartype(dsid, vvarnum);
MPRINT(EM_DIAGRAM):   type = vartype(dsid, vvarnum);
23768      fvarnum = varnum(dsid, 'F_'!!substr(_VARIABLE_, 1, 30));
MPRINT(EM_DIAGRAM):   fvarnum = varnum(dsid, 'F_'!!substr(_VARIABLE_, 1, 30));
23769      _XLABEL_ = left(getvarc(dsid, fvarnum));
MPRINT(EM_DIAGRAM):   _XLABEL_ = left(getvarc(dsid, fvarnum));
23770      _X_ = .;
MPRINT(EM_DIAGRAM):   _X_ = .;
23771      if TYPE eq 'N' then _X_ = getvarn(dsid, vvarnum);
MPRINT(EM_DIAGRAM):   if TYPE eq 'N' then _X_ = getvarn(dsid, vvarnum);
23772      output;
MPRINT(EM_DIAGRAM):   output;
23773      end;
MPRINT(EM_DIAGRAM):   end;
23774      dsid = close(dsid);
MPRINT(EM_DIAGRAM):   dsid = close(dsid);
23775      run;
MPRINT(EM_DIAGRAM):   run;

NOTE: 数据集 WORK.PART_BAR 有 2 个观测和 6 个变量。
NOTE: “DATA 语句”所用时间（总处理时间）:
      实际时间          0.00 秒
      CPU 时间          0.01 秒
      

23776      proc sort data=WORK.Part_BAR NOTHREADS;
MPRINT(EM_DIAGRAM):   proc sort data=WORK.Part_BAR NOTHREADS;
23777      by _VARIABLE_;
MPRINT(EM_DIAGRAM):   by _VARIABLE_;
23778      run;
MPRINT(EM_DIAGRAM):   run;

NOTE: 从数据集 WORK.PART_BAR. 读取了 2 个观测
NOTE: 数据集 WORK.PART_BAR 有 2 个观测和 6 个变量。
NOTE: “PROCEDURE SORT”所用时间（总处理时间）:
      实际时间          0.00 秒
      CPU 时间          0.00 秒
      

23779      proc sort data=WORK.M1W1RF9M;
MPRINT(EM_DIAGRAM):   proc sort data=WORK.M1W1RF9M;
23780      by Name;
MPRINT(EM_DIAGRAM):   by Name;
23781      run;
MPRINT(EM_DIAGRAM):   run;

NOTE: 输入数据集已排序，故未进行排序。
NOTE: “PROCEDURE SORT”所用时间（总处理时间）:
      实际时间          0.00 秒
      CPU 时间          0.00 秒
      

23782      data WORK.Part_BAR;
MPRINT(EM_DIAGRAM):   data WORK.Part_BAR;
23783      merge WORK.Part_BAR(in=_a) WORK.M1W1RF9M(keep=Name Label Role rename=(Name=_Variable_ Label=_Label_));
MPRINT(EM_DIAGRAM):   merge WORK.Part_BAR(in=_a) WORK.M1W1RF9M(keep=Name Label Role rename=(Name=_Variable_ Label=_Label_));
23784      by _Variable_;
MPRINT(EM_DIAGRAM):   by _Variable_;
23785      label Role = "%sysfunc(sasmsg(sashelp.dmine, meta_role_vlabel ,  NOQUOTE))";
MPRINT(EM_DIAGRAM):   label Role = "角色";
23786      label Label = "%sysfunc(sasmsg(sashelp.dmine, meta_label_vlabel , NOQUOTE))";
MPRINT(EM_DIAGRAM):   label Label = "标签";
23787      if _a then output;
MPRINT(EM_DIAGRAM):   if _a then output;
23788      run;
MPRINT(EM_DIAGRAM):   run;

NOTE: 变量 Label 未初始化。
WARNING: 输入数据集为 BY 变量 _VARIABLE_ 指定了多个长度。这可能导致意外的结果。
NOTE: 从数据集 WORK.PART_BAR. 读取了 2 个观测
NOTE: 从数据集 WORK.M1W1RF9M. 读取了 1 个观测
NOTE: 数据集 WORK.PART_BAR 有 2 个观测和 8 个变量。
NOTE: “DATA 语句”所用时间（总处理时间）:
      实际时间          0.00 秒
      CPU 时间          0.00 秒
      

23789      data WORK.Part_BAR;
MPRINT(EM_DIAGRAM):    data WORK.Part_BAR;
23790      length DATA $8;
MPRINT(EM_DIAGRAM):   length DATA $8;
23791      set WORK.Part_BAR;
MPRINT(EM_DIAGRAM):   set WORK.Part_BAR;
23792      DATA = "VALIDATE";
MPRINT(EM_DIAGRAM):   DATA = "VALIDATE";
23793      run;
MPRINT(EM_DIAGRAM):   run;

NOTE: 从数据集 WORK.PART_BAR. 读取了 2 个观测
NOTE: 数据集 WORK.PART_BAR 有 2 个观测和 9 个变量。
NOTE: “DATA 语句”所用时间（总处理时间）:
      实际时间          0.00 秒
      CPU 时间          0.00 秒
      

23794      data EMWS1.Part_CLASS;
MPRINT(EM_DIAGRAM):   data EMWS1.Part_CLASS;
23795      set EMWS1.Part_CLASS WORK.Part_BAR;
MPRINT(EM_DIAGRAM):   set EMWS1.Part_CLASS WORK.Part_BAR;
23796      run;
MPRINT(EM_DIAGRAM):   run;

NOTE: 从数据集 EMWS1.PART_CLASS. 读取了 4 个观测
NOTE: 从数据集 WORK.PART_BAR. 读取了 2 个观测
NOTE: 数据集 EMWS1.PART_CLASS 有 6 个观测和 9 个变量。
NOTE: “DATA 语句”所用时间（总处理时间）:
      实际时间          0.00 秒
      CPU 时间          0.01 秒
      

23797      *------------------------------------------------------------*;
MPRINT(EM_DIAGRAM):    *------------------------------------------------------------*;
23798      * Part: 为区间型目标变量计算统计量;
MPRINT(EM_DIAGRAM):   * Part: 为区间型目标变量计算统计量;
23799      *------------------------------------------------------------*;
MPRINT(EM_DIAGRAM):   *------------------------------------------------------------*;
23800      *------------------------------------------------------------*;
MPRINT(EM_DIAGRAM):   *------------------------------------------------------------*;
23801      * Part: 为分类目标变量计算统计量;
MPRINT(EM_DIAGRAM):   * Part: 为分类目标变量计算统计量;
23802      *------------------------------------------------------------*;
MPRINT(EM_DIAGRAM):   *------------------------------------------------------------*;
23803      ods listing close;
MPRINT(EM_DIAGRAM):   ods listing close;
23804      ods output onewayfreqs=WORK.TEMPFREQ;
MPRINT(EM_DIAGRAM):   ods output onewayfreqs=WORK.TEMPFREQ;
23805      proc freq data = EMWS1.Part_TEST order=formatted addnames;
MPRINT(EM_DIAGRAM):   proc freq data = EMWS1.Part_TEST order=formatted addnames;
23806      table BAD / missing;
MPRINT(EM_DIAGRAM):   table BAD / missing;
23807      run;
MPRINT(EM_DIAGRAM):   run;

NOTE: 数据集 WORK.TEMPFREQ 有 2 个观测和 8 个变量。
NOTE: 从数据集 EMWS1.PART_TEST. 读取了 1790 个观测
NOTE: “PROCEDURE FREQ”所用时间（总处理时间）:
      实际时间          0.00 秒
      CPU 时间          0.01 秒
      

MPRINT(EM_DIAGRAM):   quit;
23808      quit;
23809      ods listing;
MPRINT(EM_DIAGRAM):   ods listing;
23810      data WORK.Part_BAR(keep=_VARIABLE_ TYPE COUNT PERCENT _X_ _XLABEL_);
MPRINT(EM_DIAGRAM):    data WORK.Part_BAR(keep=_VARIABLE_ TYPE COUNT PERCENT _X_ _XLABEL_);
23811      label _VARIABLE_ = "%sysfunc(sasmsg(sashelp.dmine, rpt_variable_vlabel, NOQUOTE))" Type = "%sysfunc(sasmsg(sashelp.dmine, rpt_type_vlabel,         NOQUOTE))" _X_ = "%sysfunc(sasmsg(sashelp.dmine, rpt_numValue_vlabel, NOQUOTE))" _XLABEL_ =
23812         "%sysfunc(sasmsg(sashelp.dmine, rpt_fmtValue_vlabel ,    NOQUOTE))" COUNT = "%sysfunc(sasmsg(sashelp.dmine, rpt_count_vlabel,        NOQUOTE))" PERCENT = "%sysfunc(sasmsg(sashelp.dmine, rpt_percent_vlabel,      NOQUOTE))";
MPRINT(EM_DIAGRAM):   label _VARIABLE_ = "变量" Type = "类型" _X_ = "数值型值" _XLABEL_ = "格式化值" COUNT = "频数计数" PERCENT = "百分比";
23813      dsid = open("WORK.TEMPFREQ");
MPRINT(EM_DIAGRAM):   dsid = open("WORK.TEMPFREQ");
23814      varnum = varnum(dsid, 'VARIABLE');
MPRINT(EM_DIAGRAM):   varnum = varnum(dsid, 'VARIABLE');
23815      freqnum = varnum(dsid, 'FREQUENCY');
MPRINT(EM_DIAGRAM):   freqnum = varnum(dsid, 'FREQUENCY');
23816      pvarnum = varnum(dsid, 'PERCENT');
MPRINT(EM_DIAGRAM):   pvarnum = varnum(dsid, 'PERCENT');
23817      typenum = varnum(dsid, '_TYPE_');
MPRINT(EM_DIAGRAM):   typenum = varnum(dsid, '_TYPE_');
23818      length _VARIABLE_ $32 TYPE $1 _XLABEL_ $32;
MPRINT(EM_DIAGRAM):   length _VARIABLE_ $32 TYPE $1 _XLABEL_ $32;
23819      do while(^fetch(dsid));
MPRINT(EM_DIAGRAM):   do while(^fetch(dsid));
23820      _VARIABLE_ = strip(getvarc(dsid, varnum));
MPRINT(EM_DIAGRAM):   _VARIABLE_ = strip(getvarc(dsid, varnum));
23821      count = getvarn(dsid, freqnum);
MPRINT(EM_DIAGRAM):   count = getvarn(dsid, freqnum);
23822      percent= getvarn(dsid, pvarnum);
MPRINT(EM_DIAGRAM):   percent= getvarn(dsid, pvarnum);
23823      vvarnum = varnum(dsid, _VARIABLE_);
MPRINT(EM_DIAGRAM):   vvarnum = varnum(dsid, _VARIABLE_);
23824      type = vartype(dsid, vvarnum);
MPRINT(EM_DIAGRAM):   type = vartype(dsid, vvarnum);
23825      fvarnum = varnum(dsid, 'F_'!!substr(_VARIABLE_, 1, 30));
MPRINT(EM_DIAGRAM):   fvarnum = varnum(dsid, 'F_'!!substr(_VARIABLE_, 1, 30));
23826      _XLABEL_ = left(getvarc(dsid, fvarnum));
MPRINT(EM_DIAGRAM):   _XLABEL_ = left(getvarc(dsid, fvarnum));
23827      _X_ = .;
MPRINT(EM_DIAGRAM):   _X_ = .;
23828      if TYPE eq 'N' then _X_ = getvarn(dsid, vvarnum);
MPRINT(EM_DIAGRAM):   if TYPE eq 'N' then _X_ = getvarn(dsid, vvarnum);
23829      output;
MPRINT(EM_DIAGRAM):   output;
23830      end;
MPRINT(EM_DIAGRAM):   end;
23831      dsid = close(dsid);
MPRINT(EM_DIAGRAM):   dsid = close(dsid);
23832      run;
MPRINT(EM_DIAGRAM):   run;

NOTE: 数据集 WORK.PART_BAR 有 2 个观测和 6 个变量。
NOTE: “DATA 语句”所用时间（总处理时间）:
      实际时间          0.01 秒
      CPU 时间          0.00 秒
      

23833      proc sort data=WORK.Part_BAR NOTHREADS;
MPRINT(EM_DIAGRAM):   proc sort data=WORK.Part_BAR NOTHREADS;
23834      by _VARIABLE_;
MPRINT(EM_DIAGRAM):   by _VARIABLE_;
23835      run;
MPRINT(EM_DIAGRAM):   run;

NOTE: 从数据集 WORK.PART_BAR. 读取了 2 个观测
NOTE: 数据集 WORK.PART_BAR 有 2 个观测和 6 个变量。
NOTE: “PROCEDURE SORT”所用时间（总处理时间）:
      实际时间          0.00 秒
      CPU 时间          0.00 秒
      

23836      proc sort data=WORK.M1W1RF9M;
MPRINT(EM_DIAGRAM):   proc sort data=WORK.M1W1RF9M;
23837      by Name;
MPRINT(EM_DIAGRAM):   by Name;
23838      run;
MPRINT(EM_DIAGRAM):   run;

NOTE: 输入数据集已排序，故未进行排序。
NOTE: “PROCEDURE SORT”所用时间（总处理时间）:
      实际时间          0.00 秒
      CPU 时间          0.00 秒
      

23839      data WORK.Part_BAR;
MPRINT(EM_DIAGRAM):   data WORK.Part_BAR;
23840      merge WORK.Part_BAR(in=_a) WORK.M1W1RF9M(keep=Name Label Role rename=(Name=_Variable_ Label=_Label_));
MPRINT(EM_DIAGRAM):   merge WORK.Part_BAR(in=_a) WORK.M1W1RF9M(keep=Name Label Role rename=(Name=_Variable_ Label=_Label_));
23841      by _Variable_;
MPRINT(EM_DIAGRAM):   by _Variable_;
23842      label Role = "%sysfunc(sasmsg(sashelp.dmine, meta_role_vlabel ,  NOQUOTE))";
MPRINT(EM_DIAGRAM):   label Role = "角色";
23843      label Label = "%sysfunc(sasmsg(sashelp.dmine, meta_label_vlabel , NOQUOTE))";
MPRINT(EM_DIAGRAM):   label Label = "标签";
23844      if _a then output;
MPRINT(EM_DIAGRAM):   if _a then output;
23845      run;
MPRINT(EM_DIAGRAM):   run;

NOTE: 变量 Label 未初始化。
WARNING: 输入数据集为 BY 变量 _VARIABLE_ 指定了多个长度。这可能导致意外的结果。
NOTE: 从数据集 WORK.PART_BAR. 读取了 2 个观测
NOTE: 从数据集 WORK.M1W1RF9M. 读取了 1 个观测
NOTE: 数据集 WORK.PART_BAR 有 2 个观测和 8 个变量。
NOTE: “DATA 语句”所用时间（总处理时间）:
      实际时间          0.00 秒
      CPU 时间          0.01 秒
      

23846      data WORK.Part_BAR;
MPRINT(EM_DIAGRAM):    data WORK.Part_BAR;
23847      length DATA $8;
MPRINT(EM_DIAGRAM):   length DATA $8;
23848      set WORK.Part_BAR;
MPRINT(EM_DIAGRAM):   set WORK.Part_BAR;
23849      DATA = "TEST";
MPRINT(EM_DIAGRAM):   DATA = "TEST";
23850      run;
MPRINT(EM_DIAGRAM):   run;

NOTE: 从数据集 WORK.PART_BAR. 读取了 2 个观测
NOTE: 数据集 WORK.PART_BAR 有 2 个观测和 9 个变量。
NOTE: “DATA 语句”所用时间（总处理时间）:
      实际时间          0.00 秒
      CPU 时间          0.00 秒
      

23851      data EMWS1.Part_CLASS;
MPRINT(EM_DIAGRAM):   data EMWS1.Part_CLASS;
23852      set EMWS1.Part_CLASS WORK.Part_BAR;
MPRINT(EM_DIAGRAM):   set EMWS1.Part_CLASS WORK.Part_BAR;
23853      run;
MPRINT(EM_DIAGRAM):   run;

NOTE: 从数据集 EMWS1.PART_CLASS. 读取了 6 个观测
NOTE: 从数据集 WORK.PART_BAR. 读取了 2 个观测
NOTE: 数据集 EMWS1.PART_CLASS 有 8 个观测和 9 个变量。
NOTE: “DATA 语句”所用时间（总处理时间）:
      实际时间          0.00 秒
      CPU 时间          0.00 秒
      

23854      *------------------------------------------------------------*;
MPRINT(EM_DIAGRAM):    *------------------------------------------------------------*;
23855      * Part: 为区间型目标变量计算统计量;
MPRINT(EM_DIAGRAM):   * Part: 为区间型目标变量计算统计量;
23856      *------------------------------------------------------------*;
MPRINT(EM_DIAGRAM):   *------------------------------------------------------------*;
23857      data EMWS1.Part_CLASS(rename=(_VARIABLE_=VARIABLE _X_=VALUE _XLABEL_=FORMATTEDVALUE));
MPRINT(EM_DIAGRAM):   data EMWS1.Part_CLASS(rename=(_VARIABLE_=VARIABLE _X_=VALUE _XLABEL_=FORMATTEDVALUE));
23858      label DATA = "%sysfunc(sasmsg(sashelp.dmine, rpt_data_vlabel ,   NOQUOTE))";
MPRINT(EM_DIAGRAM):   label DATA = "数据";
23859      set EMWS1.Part_CLASS;
MPRINT(EM_DIAGRAM):   set EMWS1.Part_CLASS;
23860      drop type role;
MPRINT(EM_DIAGRAM):   drop type role;
23861      run;
MPRINT(EM_DIAGRAM):   run;

NOTE: 从数据集 EMWS1.PART_CLASS. 读取了 8 个观测
NOTE: 数据集 EMWS1.PART_CLASS 有 8 个观测和 7 个变量。
NOTE: “DATA 语句”所用时间（总处理时间）:
      实际时间          0.00 秒
      CPU 时间          0.00 秒
      

23862      proc sort data=EMWS1.Part_CLASS NOTHREADS;
MPRINT(EM_DIAGRAM):   proc sort data=EMWS1.Part_CLASS NOTHREADS;
23863      by DATA;
MPRINT(EM_DIAGRAM):   by DATA;
23864      run;
MPRINT(EM_DIAGRAM):   run;

NOTE: 从数据集 EMWS1.PART_CLASS. 读取了 8 个观测
NOTE: 数据集 EMWS1.PART_CLASS 有 8 个观测和 7 个变量。
NOTE: “PROCEDURE SORT”所用时间（总处理时间）:
      实际时间          0.01 秒
      CPU 时间          0.01 秒
      

23865      %let _cn = %sysfunc(getoption(CENTER));
23866      %let _nb = %sysfunc(getoption(NUMBER));
23867      options nonumber nocenter;
MPRINT(EM_DIAGRAM):   options nonumber nocenter;
23868      proc print data=EMWS1.Part_CLASS noobs label;
MPRINT(EM_DIAGRAM):   proc print data=EMWS1.Part_CLASS noobs label;
23869      by DATA;
MPRINT(EM_DIAGRAM):   by DATA;
23870      title9 ' ';
MPRINT(EM_DIAGRAM):   title9 ' ';
23871      title10 "%sysfunc(sasmsg(sashelp.dmine, rpt_classTargetStats_title, NOQUOTE))";
MPRINT(EM_DIAGRAM):   title10 "分类目标的汇总统计量";
MPRINT(EM_DIAGRAM):   run;
23872      run;

NOTE: 从数据集 EMWS1.PART_CLASS. 读取了 8 个观测
NOTE: PROCEDURE PRINT 已打印第 6 页。
NOTE: “PROCEDURE PRINT”所用时间（总处理时间）:
      实际时间          0.04 秒
      CPU 时间          0.03 秒
      

23873      title10;
MPRINT(EM_DIAGRAM):   title10;
23874      options &_cn &_nb;
MPRINT(EM_DIAGRAM):   options NOCENTER NONUMBER;
MPRINT(EM_DIAGRAM):    proc printto;
MPRINT(EM_DIAGRAM):   run;
