*------------------------------------------------------------*
用户:       hp
日期:       2019年08月27日
时间:       21时25分19秒
*------------------------------------------------------------*
* 训练输出
*------------------------------------------------------------*
 
 
 
 
变量汇总
 
 角色     测度水平    频数计数
 
FREQ      BINARY          1
INPUT     BINARY          6
INPUT     INTERVAL        5
INPUT     NOMINAL        15
TARGET    BINARY          1
 
 
 
 
输出表属性
 
属性            值
 
输出表          EMWS1.Ids_DATA
输出类型        视图
删除的变量      0
数据挖掘角色    原始
 
 
 
 
输入表属性
 
属性                                 值
 
数据源                               csaccepts
 
逻辑库名                             SAMPSIO
逻辑库成员名                         CS_ACCEPTS
数据集标签
特殊的数据集类型 (FROM TYPE=)
数据集中的观测                       3000
引擎名称                             V9
创建日期                             2013-06-20 13:47:06
上次修改日期                         2013-06-20 13:47:06
数据集中删除的观测                   0
索引中变量的使用                     NONE
逻辑库成员类型                       DATA
数据集的索引数                       0
密码保护 (READ WRITE ALTER)          ---
更新标记 (Protect Contribute Add)    ---
压缩例程                             NO
重用空间                             NO
已排序和（或）已验证                 .
Sortedby 子句中的变量位置            .
主机字符集
排序序列
排序选项: 无重复键                   NO
排序选项: 无重复记录                 NO
加密例程                             NO
指向观测                             YES
层次的最大数                         0
层次号                               .
下一个层次号                         .
转码的字符变量                       YES
变量                                 28


*------------------------------------------------------------*
* 评分输出
*------------------------------------------------------------*


*------------------------------------------------------------*
* 报表输出
*------------------------------------------------------------*
