MPRINT(EM_DIAGRAM):    data _null_;
MPRINT(EM_DIAGRAM):   call symput('NLDATE', strip(put(date(), NLDATE.)));
MPRINT(EM_DIAGRAM):   call symput('NLTIME', strip(put(datetime(), NLTIME.)));
MPRINT(EM_DIAGRAM):   run;
MPRINT(EM_DIAGRAM):   data _null_;
MPRINT(EM_DIAGRAM):   nldate= sasmsg("sashelp.dmine", "log_date_note", 'N', "2019年08月25日" );
MPRINT(EM_DIAGRAM):   nltime= sasmsg("sashelp.dmine", "log_time_note", 'N', "17时36分02秒" );
MPRINT(EM_DIAGRAM):   put "*------------------------------------------------------------*";
MPRINT(EM_DIAGRAM):   put "* 评分日志";
MPRINT(EM_DIAGRAM):   put nldate;
MPRINT(EM_DIAGRAM):   put nltime;
MPRINT(EM_DIAGRAM):   put "*------------------------------------------------------------*";
MPRINT(EM_DIAGRAM):   run;
*------------------------------------------------------------*
* 评分日志
日期:       2019年08月25日
时间:       17时36分02秒
*------------------------------------------------------------*
MPRINT(EM_DIAGRAM):    filename O36Y1PLT "D:\git\notebooks\5. data analysis\1. sas\sas em\CaseStudy\My Project\Workspaces\EMWS1\Ids\EMSCORE.out" encoding="UTF-8" NOBOM;
MPRINT(EM_DIAGRAM):   proc printto print=O36Y1PLT new;
MPRINT(EM_DIAGRAM):   run;
17654      *------------------------------------------------------------*;
MPRINT(EM_DIAGRAM):    *------------------------------------------------------------*;
17655      * Ids: Computing metadata for DATA data;
MPRINT(EM_DIAGRAM):   * Ids: Computing metadata for DATA data;
17656      *------------------------------------------------------------*;
MPRINT(EM_DIAGRAM):   *------------------------------------------------------------*;

NOTE: “视图 EMWS1.IDS_DATA.VIEW”所用时间（总处理时间）:
      实际时间          0.02 秒
      CPU 时间          0.03 秒
      
17657      data EMWS1.Ids_EMINFO;
MPRINT(EM_DIAGRAM):    data EMWS1.Ids_EMINFO;
17658      length TARGET KEY $32 DATA $43;
MPRINT(EM_DIAGRAM):   length TARGET KEY $32 DATA $43;
17659      TARGET="";
MPRINT(EM_DIAGRAM):   TARGET="";
17660      KEY="IDSTABLE";
MPRINT(EM_DIAGRAM):   KEY="IDSTABLE";
17661      DATA="SAMPSIO.HMEQ";
MPRINT(EM_DIAGRAM):   DATA="SAMPSIO.HMEQ";
17662      output;
MPRINT(EM_DIAGRAM):   output;
17663      TARGET="BAD";
MPRINT(EM_DIAGRAM):   TARGET="BAD";
17664      KEY="DECDATA";
MPRINT(EM_DIAGRAM):   KEY="DECDATA";
17665      DATA="EMWS1.Ids_BAD_DD";
MPRINT(EM_DIAGRAM):   DATA="EMWS1.Ids_BAD_DD";
17666      output;
MPRINT(EM_DIAGRAM):   output;
17667      TARGET="BAD";
MPRINT(EM_DIAGRAM):   TARGET="BAD";
17668      KEY="DECMETA";
MPRINT(EM_DIAGRAM):   KEY="DECMETA";
17669      DATA="EMWS1.Ids_BAD_DM";
MPRINT(EM_DIAGRAM):   DATA="EMWS1.Ids_BAD_DM";
17670      output;
MPRINT(EM_DIAGRAM):   output;
17671      run;
MPRINT(EM_DIAGRAM):   run;

NOTE: 数据集 EMWS1.IDS_EMINFO 有 3 个观测和 3 个变量。
NOTE: “DATA 语句”所用时间（总处理时间）:
      实际时间          0.00 秒
      CPU 时间          0.00 秒
      

NOTE: “视图 EMWS1.IDS_DATA.VIEW”所用时间（总处理时间）:
      实际时间          0.02 秒
      CPU 时间          0.01 秒
      
17672      data EMWS1.Ids_CMeta_DATA;
MPRINT(EM_DIAGRAM):    data EMWS1.Ids_CMeta_DATA;
17673      set EMWS1.Ids_VariableSet;
MPRINT(EM_DIAGRAM):   set EMWS1.Ids_VariableSet;
17674      drop DROP;
MPRINT(EM_DIAGRAM):   drop DROP;
17675      where DROP='N';
MPRINT(EM_DIAGRAM):   where DROP='N';
17676      run;
MPRINT(EM_DIAGRAM):   run;

NOTE: 从数据集 EMWS1.IDS_VARIABLESET. 读取了 13 个观测
      WHERE DROP='N';
NOTE: 数据集 EMWS1.IDS_CMETA_DATA 有 13 个观测和 20 个变量。
NOTE: “DATA 语句”所用时间（总处理时间）:
      实际时间          0.00 秒
      CPU 时间          0.01 秒
      

MPRINT(EM_DIAGRAM):    proc printto;
MPRINT(EM_DIAGRAM):   run;
