 
                                                                                               
 
 
拟合统计量

目标=BAD 目标标签=' '

拟合统计量    统计量标签                  训练       验证       测试

 _AIC_        Akaike 信息准则          2485.36        .          .  
 _ASE_        平均平方误差                0.16       0.17       0.16
 _AVERR_      平均误差函数                0.51       0.54       0.54
 _DFE_        误差自由度               2365.00        .          .  
 _DFM_        模型自由度                 17.00        .          .  
 _DFT_        总自由度                 2382.00        .          .  
 _DIV_        ASE 的除数               4764.00    3576.00    3580.00
 _ERR_        误差函数                 2451.36    1928.78    1920.39
 _FPE_        最终预测误差                0.16        .          .  
 _MAX_        最大绝对误差                0.99       1.00       1.00
 _MSE_        均方误差                    0.16       0.17       0.16
 _NOBS_       频数总和                 2382.00    1788.00    1790.00
 _NW_         估计权重数                 17.00        .          .  
 _RASE_       平均平方根和                0.40       0.41       0.40
 _RFPE_       根最终预测误差              0.40        .          .  
 _RMSE_       均方根误差                  0.40       0.41       0.40
 _SBC_        Schwarz Bayesian 准则    2583.55        .          .  
 _SSE_        误差平方和                765.50     595.15     585.63
 _SUMW_       观测权重和乘以频数       4764.00    3576.00    3580.00
 _MISC_       误分类率                    0.19       0.20       0.19
 
                                                                                               
 
 
分类表

数据角色=TRAIN 目标变量=BAD 目标标签=' '

目标    结果    目标百分比    结果百分比    频数计数    总百分比

 0       0        80.9137       99.3707       1895       79.5550
 1       0        19.0863       94.1053        447       18.7657
 0       1        30.0000        0.6293         12        0.5038
 1       1        70.0000        5.8947         28        1.1755


数据角色=VALIDATE 目标变量=BAD 目标标签=' '

目标    结果    目标百分比    结果百分比    频数计数    总百分比

 0       0        80.6708       99.1614       1419       79.3624
 1       0        19.3292       95.2381        340       19.0157
 0       1        41.3793        0.8386         12        0.6711
 1       1        58.6207        4.7619         17        0.9508
 
                                                                                               
 
 
事件分类表

数据角色=TRAIN 目标=BAD 目标标签=' '

漏报    特异    误报    命中

 447    1895     12      28 


数据角色=VALIDATE 目标=BAD 目标标签=' '

漏报    特异    误报    命中

 340    1419     12      17 
 
                                                                                               
 
 
评估评分排名

数据角色=TRAIN 目标变量=BAD 目标标签=' '

深度      增益    提升度   累积提升度   响应百分比   累积响应百分比   观测数   后验概率均值

   5   125.663   2.25663     2.25663      45.0000        45.0000        120       0.46472  
  10    57.366   0.88495     1.57366      17.6471        31.3808        119       0.14243  
  15    31.719   0.80210     1.31719      15.9949        26.2665        119       0.09508  
  20    43.138   1.77491     1.43138      35.3938        28.5435        119       0.08702  
  25    49.997   1.77491     1.49997      35.3938        29.9113        119       0.08702  
  30    54.573   1.77491     1.54573      35.3938        30.8238        119       0.08702  
  35    57.843   1.77491     1.57843      35.3938        31.4758        119       0.08702  
  40    60.296   1.77491     1.60296      35.3938        31.9651        119       0.08702  
  45    62.205   1.77491     1.62205      35.3938        32.3457        119       0.08702  
  50    63.732   1.77491     1.63732      35.3938        32.6502        119       0.08702  
  55    64.992   1.77491     1.64992      35.3938        32.9014        120       0.08702  
  60    58.858   0.91289     1.58858      18.2042        31.6783        119       0.07892  
  65    47.949   0.16856     1.47949       3.3613        29.5029        119       0.06145  
  70    39.198   0.25284     1.39198       5.0420        27.7578        119       0.05032  
  75    30.490   0.08428     1.30490       1.6807        26.0213        119       0.04139  
  80    23.132   0.12642     1.23132       2.5210        24.5540        119       0.03465  
  85    16.144   0.04214     1.16144       0.8403        23.1605        119       0.02785  
  90     9.697   0.00000     1.09697       0.0000        21.8750        119       0.02178  
  95     4.372   0.08428     1.04372       1.6807        20.8131        119       0.01497  
 100     0.000   0.16856     1.00000       3.3613        19.9412        119       0.00750  


数据角色=VALIDATE 目标变量=BAD 目标标签=' '

深度     增益     提升度   累积提升度   响应百分比   累积响应百分比   观测数   后验概率均值

   5   89.2063   1.89206     1.89206      37.7778        37.7778        90        0.44920  
  10   37.1015   0.84411     1.37102      16.8539        27.3743        89        0.15394  
  15   18.6096   0.81831     1.18610      16.3388        23.6821        90        0.09459  
  20   31.9872   1.72420     1.31987      34.4262        26.3531        89        0.08702  
  25   40.0377   1.72420     1.40038      34.4262        27.9605        89        0.08702  
  30   45.4649   1.72420     1.45465      34.4262        29.0442        90        0.08702  
  35   49.2973   1.72420     1.49297      34.4262        29.8094        89        0.08702  
  40   52.2038   1.72420     1.52204      34.4262        30.3897        90        0.08702  
  45   54.4389   1.72420     1.54439      34.4262        30.8360        89        0.08702  
  50   56.2290   1.72420     1.56229      34.4262        31.1934        89        0.08702  
  55   57.7100   1.72420     1.57710      34.4262        31.4891        90        0.08702  
  60   52.6326   0.96496     1.52633      19.2669        30.4753        89        0.08401  
  65   42.1129   0.16695     1.42113       3.3333        28.3749        90        0.06673  
  70   34.4108   0.33765     1.34411       6.7416        26.8371        89        0.05261  
  75   26.6106   0.16882     1.26611       3.3708        25.2796        89        0.04278  
  80   20.0477   0.22260     1.20048       4.4444        23.9693        90        0.03556  
  85   14.9956   0.33765     1.14996       6.7416        22.9605        89        0.02776  
  90    9.5005   0.16695     1.09500       3.3333        21.8634        90        0.02086  
  95    4.3540   0.11255     1.04354       2.2472        20.8358        89        0.01433  
 100    0.0000   0.16882     1.00000       3.3708        19.9664        89        0.00733  
 
                                                                                               
 
 
评估评分分布

数据角色=TRAIN 目标变量=BAD 目标标签=' '

后验概率范围    事件数    非事件数    后验概率均值     百分比

 0.95-1.00         12          0         0.98863       0.5038
 0.90-0.95          2          0         0.94466       0.0840
 0.85-0.90          2          0         0.88381       0.0840
 0.80-0.85          3          0         0.83254       0.1259
 0.75-0.80          0          2         0.77584       0.0840
 0.70-0.75          2          2         0.71615       0.1679
 0.65-0.70          1          2         0.67820       0.1259
 0.60-0.65          2          2         0.63523       0.1679
 0.55-0.60          0          1         0.55287       0.0420
 0.50-0.55          4          3         0.52292       0.2939
 0.45-0.50          5          2         0.47990       0.2939
 0.40-0.45          5          4         0.43227       0.3778
 0.35-0.40          1          7         0.36757       0.3359
 0.30-0.35          8          6         0.32944       0.5877
 0.25-0.30          2          9         0.27015       0.4618
 0.20-0.25          4         22         0.22270       1.0915
 0.15-0.20         10         36         0.17333       1.9312
 0.10-0.15         14         99         0.12081       4.7439
 0.05-0.10        382        956         0.08265      56.1713
 0.00-0.05         16        754         0.02635      32.3258


数据角色=VALIDATE 目标变量=BAD 目标标签=' '

后验概率范围    事件数    非事件数    后验概率均值     百分比

 0.95-1.00          1          0         0.98468       0.0559
 0.90-0.95          1          0         0.93826       0.0559
 0.85-0.90          1          0         0.85378       0.0559
 0.80-0.85          2          1         0.81916       0.1678
 0.75-0.80          1          1         0.76010       0.1119
 0.70-0.75          2          2         0.72989       0.2237
 0.65-0.70          1          3         0.67894       0.2237
 0.60-0.65          3          0         0.62517       0.1678
 0.55-0.60          3          5         0.58661       0.4474
 0.50-0.55          2          0         0.54089       0.1119
 0.45-0.50          1          6         0.47400       0.3915
 0.40-0.45          4          6         0.42224       0.5593
 0.35-0.40          5          5         0.36240       0.5593
 0.30-0.35          1          7         0.32393       0.4474
 0.25-0.30          3         13         0.27251       0.8949
 0.20-0.25          5         13         0.21787       1.0067
 0.15-0.20          6         27         0.17575       1.8456
 0.10-0.15          8         62         0.12270       3.9150
 0.05-0.10        283        739         0.08331      57.1588
 0.00-0.05         24        541         0.02601      31.5996
