MPRINT(EM_DIAGRAM):    data _null_;
MPRINT(EM_DIAGRAM):   call symput('NLDATE', strip(put(date(), NLDATE.)));
MPRINT(EM_DIAGRAM):   call symput('NLTIME', strip(put(datetime(), NLTIME.)));
MPRINT(EM_DIAGRAM):   run;
MPRINT(EM_DIAGRAM):   data _null_;
MPRINT(EM_DIAGRAM):   nldate= sasmsg("sashelp.dmine", "log_date_note", 'N', "2019年08月25日" );
MPRINT(EM_DIAGRAM):   nltime= sasmsg("sashelp.dmine", "log_time_note", 'N', "17时36分27秒" );
MPRINT(EM_DIAGRAM):   put "*------------------------------------------------------------*";
MPRINT(EM_DIAGRAM):   put "* 评分日志";
MPRINT(EM_DIAGRAM):   put nldate;
MPRINT(EM_DIAGRAM):   put nltime;
MPRINT(EM_DIAGRAM):   put "*------------------------------------------------------------*";
MPRINT(EM_DIAGRAM):   run;
*------------------------------------------------------------*
* 评分日志
日期:       2019年08月25日
时间:       17时36分27秒
*------------------------------------------------------------*
MPRINT(EM_DIAGRAM):    filename O0MHNB6A "D:\git\notebooks\5. data analysis\1. sas\sas em\CaseStudy\My Project\Workspaces\EMWS1\Reg\EMSCORE.out" encoding="UTF-8" NOBOM;
MPRINT(EM_DIAGRAM):   proc printto print=O0MHNB6A new;
MPRINT(EM_DIAGRAM):   run;
17444      filename emflow "D:\git\notebooks\5. data analysis\1. sas\sas em\CaseStudy\My Project\Workspaces\EMWS1\Reg\EMFLOWSCORE.sas";
MPRINT(EM_DIAGRAM):    filename emflow "D:\git\notebooks\5. data analysis\1. sas\sas em\CaseStudy\My Project\Workspaces\EMWS1\Reg\EMFLOWSCORE.sas";
MPRINT(EM_DIAGRAM):   *------------------------------------------------------------*;
MPRINT(EM_DIAGRAM):   * Reg: Scoring DATA data;
MPRINT(EM_DIAGRAM):   *------------------------------------------------------------*;
17445      *------------------------------------------------------------*;
17446      * Reg: Scoring DATA data;
17447      *------------------------------------------------------------*;
17448      data EMWS1.Reg_TRAIN
17449      / view=EMWS1.Reg_TRAIN
17450      ;
MPRINT(EM_DIAGRAM):   data EMWS1.Reg_TRAIN / view=EMWS1.Reg_TRAIN ;
17451      set EMWS1.Part_TRAIN
17452      ;
MPRINT(EM_DIAGRAM):   set EMWS1.Part_TRAIN ;
17453      %inc emflow;
MPRINT(EM_DIAGRAM):   *************************************;
MPRINT(EM_DIAGRAM):   *** begin scoring code for regression;
MPRINT(EM_DIAGRAM):   *************************************;
MPRINT(EM_DIAGRAM):   length _WARN_ $4;
MPRINT(EM_DIAGRAM):   label _WARN_ = '警告' ;
MPRINT(EM_DIAGRAM):   length I_BAD $ 12;
MPRINT(EM_DIAGRAM):   label I_BAD = '到: BAD' ;
MPRINT(EM_DIAGRAM):   *** Target Values;
MPRINT(EM_DIAGRAM):   array REGDRF [2] $12 _temporary_ ('1' '0' );
MPRINT(EM_DIAGRAM):   label U_BAD = '非正规化至: BAD' ;
MPRINT(EM_DIAGRAM):   *** Unnormalized target values;
MPRINT(EM_DIAGRAM):   ARRAY REGDRU[2] _TEMPORARY_ (1 0);
MPRINT(EM_DIAGRAM):   *** Generate dummy variables for BAD ;
MPRINT(EM_DIAGRAM):   drop _Y ;
MPRINT(EM_DIAGRAM):   label F_BAD = '从: BAD' ;
MPRINT(EM_DIAGRAM):   length F_BAD $ 12;
MPRINT(EM_DIAGRAM):   F_BAD = put( BAD , BEST12. );
MPRINT(DMNORMIP):   call dmnorm(F_BAD,
MPRINT(DMNORLEN):  32
MPRINT(DMNORMIP):  );
MPRINT(EM_DIAGRAM):   if missing( BAD ) then do;
MPRINT(EM_DIAGRAM):   _Y = .;
MPRINT(EM_DIAGRAM):   end;
MPRINT(EM_DIAGRAM):   else do;
MPRINT(EM_DIAGRAM):   if F_BAD = '0' then do;
MPRINT(EM_DIAGRAM):   _Y = 1;
MPRINT(EM_DIAGRAM):   end;
MPRINT(EM_DIAGRAM):   else if F_BAD = '1' then do;
MPRINT(EM_DIAGRAM):   _Y = 0;
MPRINT(EM_DIAGRAM):   end;
MPRINT(EM_DIAGRAM):   else do;
MPRINT(EM_DIAGRAM):   _Y = .;
MPRINT(EM_DIAGRAM):   end;
MPRINT(EM_DIAGRAM):   end;
MPRINT(EM_DIAGRAM):   drop _DM_BAD;
MPRINT(EM_DIAGRAM):   _DM_BAD=0;
MPRINT(EM_DIAGRAM):   *** Check CLAGE for missing values ;
MPRINT(EM_DIAGRAM):   if missing( CLAGE ) then do;
MPRINT(EM_DIAGRAM):   substr(_warn_,1,1) = 'M';
MPRINT(EM_DIAGRAM):   _DM_BAD = 1;
MPRINT(EM_DIAGRAM):   end;
MPRINT(EM_DIAGRAM):   *** Check CLNO for missing values ;
MPRINT(EM_DIAGRAM):   if missing( CLNO ) then do;
MPRINT(EM_DIAGRAM):   substr(_warn_,1,1) = 'M';
MPRINT(EM_DIAGRAM):   _DM_BAD = 1;
MPRINT(EM_DIAGRAM):   end;
MPRINT(EM_DIAGRAM):   *** Check DEBTINC for missing values ;
MPRINT(EM_DIAGRAM):   if missing( DEBTINC ) then do;
MPRINT(EM_DIAGRAM):   substr(_warn_,1,1) = 'M';
MPRINT(EM_DIAGRAM):   _DM_BAD = 1;
MPRINT(EM_DIAGRAM):   end;
MPRINT(EM_DIAGRAM):   *** Check DELINQ for missing values ;
MPRINT(EM_DIAGRAM):   if missing( DELINQ ) then do;
MPRINT(EM_DIAGRAM):   substr(_warn_,1,1) = 'M';
MPRINT(EM_DIAGRAM):   _DM_BAD = 1;
MPRINT(EM_DIAGRAM):   end;
MPRINT(EM_DIAGRAM):   *** Check DEROG for missing values ;
MPRINT(EM_DIAGRAM):   if missing( DEROG ) then do;
MPRINT(EM_DIAGRAM):   substr(_warn_,1,1) = 'M';
MPRINT(EM_DIAGRAM):   _DM_BAD = 1;
MPRINT(EM_DIAGRAM):   end;
MPRINT(EM_DIAGRAM):   *** Check LOAN for missing values ;
MPRINT(EM_DIAGRAM):   if missing( LOAN ) then do;
MPRINT(EM_DIAGRAM):   substr(_warn_,1,1) = 'M';
MPRINT(EM_DIAGRAM):   _DM_BAD = 1;
MPRINT(EM_DIAGRAM):   end;
MPRINT(EM_DIAGRAM):   *** Check MORTDUE for missing values ;
MPRINT(EM_DIAGRAM):   if missing( MORTDUE ) then do;
MPRINT(EM_DIAGRAM):   substr(_warn_,1,1) = 'M';
MPRINT(EM_DIAGRAM):   _DM_BAD = 1;
MPRINT(EM_DIAGRAM):   end;
MPRINT(EM_DIAGRAM):   *** Check NINQ for missing values ;
MPRINT(EM_DIAGRAM):   if missing( NINQ ) then do;
MPRINT(EM_DIAGRAM):   substr(_warn_,1,1) = 'M';
MPRINT(EM_DIAGRAM):   _DM_BAD = 1;
MPRINT(EM_DIAGRAM):   end;
MPRINT(EM_DIAGRAM):   *** Check VALUE for missing values ;
MPRINT(EM_DIAGRAM):   if missing( VALUE ) then do;
MPRINT(EM_DIAGRAM):   substr(_warn_,1,1) = 'M';
MPRINT(EM_DIAGRAM):   _DM_BAD = 1;
MPRINT(EM_DIAGRAM):   end;
MPRINT(EM_DIAGRAM):   *** Check YOJ for missing values ;
MPRINT(EM_DIAGRAM):   if missing( YOJ ) then do;
MPRINT(EM_DIAGRAM):   substr(_warn_,1,1) = 'M';
MPRINT(EM_DIAGRAM):   _DM_BAD = 1;
MPRINT(EM_DIAGRAM):   end;
MPRINT(EM_DIAGRAM):   *** Generate dummy variables for JOB ;
MPRINT(EM_DIAGRAM):   drop _1_0 _1_1 _1_2 _1_3 _1_4 ;
MPRINT(EM_DIAGRAM):   *** encoding is sparse, initialize to zero;
MPRINT(EM_DIAGRAM):   _1_0 = 0;
MPRINT(EM_DIAGRAM):   _1_1 = 0;
MPRINT(EM_DIAGRAM):   _1_2 = 0;
MPRINT(EM_DIAGRAM):   _1_3 = 0;
MPRINT(EM_DIAGRAM):   _1_4 = 0;
MPRINT(EM_DIAGRAM):   if missing( JOB ) then do;
MPRINT(EM_DIAGRAM):   _1_0 = .;
MPRINT(EM_DIAGRAM):   _1_1 = .;
MPRINT(EM_DIAGRAM):   _1_2 = .;
MPRINT(EM_DIAGRAM):   _1_3 = .;
MPRINT(EM_DIAGRAM):   _1_4 = .;
MPRINT(EM_DIAGRAM):   substr(_warn_,1,1) = 'M';
MPRINT(EM_DIAGRAM):   _DM_BAD = 1;
MPRINT(EM_DIAGRAM):   end;
MPRINT(EM_DIAGRAM):   else do;
MPRINT(EM_DIAGRAM):   length _dm7 $ 7;
MPRINT(EM_DIAGRAM):   drop _dm7 ;
MPRINT(DMNORMCP):   _dm7=dmnorm(JOB,
MPRINT(DMNORLEN):  32
MPRINT(DMNORMCP):  );
MPRINT(EM_DIAGRAM):   _dm_find = 0;
MPRINT(EM_DIAGRAM):   drop _dm_find;
MPRINT(EM_DIAGRAM):   if _dm7 <= 'OTHER' then do;
MPRINT(EM_DIAGRAM):   if _dm7 <= 'OFFICE' then do;
MPRINT(EM_DIAGRAM):   if _dm7 = 'MGR' then do;
MPRINT(EM_DIAGRAM):   _1_0 = 1;
MPRINT(EM_DIAGRAM):   _dm_find = 1;
MPRINT(EM_DIAGRAM):   end;
MPRINT(EM_DIAGRAM):   else do;
MPRINT(EM_DIAGRAM):   if _dm7 = 'OFFICE' then do;
MPRINT(EM_DIAGRAM):   _1_1 = 1;
MPRINT(EM_DIAGRAM):   _dm_find = 1;
MPRINT(EM_DIAGRAM):   end;
MPRINT(EM_DIAGRAM):   end;
MPRINT(EM_DIAGRAM):   end;
MPRINT(EM_DIAGRAM):   else do;
MPRINT(EM_DIAGRAM):   if _dm7 = 'OTHER' then do;
MPRINT(EM_DIAGRAM):   _1_2 = 1;
MPRINT(EM_DIAGRAM):   _dm_find = 1;
MPRINT(EM_DIAGRAM):   end;
MPRINT(EM_DIAGRAM):   end;
MPRINT(EM_DIAGRAM):   end;
MPRINT(EM_DIAGRAM):   else do;
MPRINT(EM_DIAGRAM):   if _dm7 <= 'SALES' then do;
MPRINT(EM_DIAGRAM):   if _dm7 = 'PROFEXE' then do;
MPRINT(EM_DIAGRAM):   _1_3 = 1;
MPRINT(EM_DIAGRAM):   _dm_find = 1;
MPRINT(EM_DIAGRAM):   end;
MPRINT(EM_DIAGRAM):   else do;
MPRINT(EM_DIAGRAM):   if _dm7 = 'SALES' then do;
MPRINT(EM_DIAGRAM):   _1_4 = 1;
MPRINT(EM_DIAGRAM):   _dm_find = 1;
MPRINT(EM_DIAGRAM):   end;
MPRINT(EM_DIAGRAM):   end;
MPRINT(EM_DIAGRAM):   end;
MPRINT(EM_DIAGRAM):   else do;
MPRINT(EM_DIAGRAM):   if _dm7 = 'SELF' then do;
MPRINT(EM_DIAGRAM):   _1_0 = -1;
MPRINT(EM_DIAGRAM):   _1_1 = -1;
MPRINT(EM_DIAGRAM):   _1_2 = -1;
MPRINT(EM_DIAGRAM):   _1_3 = -1;
MPRINT(EM_DIAGRAM):   _1_4 = -1;
MPRINT(EM_DIAGRAM):   _dm_find = 1;
MPRINT(EM_DIAGRAM):   end;
MPRINT(EM_DIAGRAM):   end;
MPRINT(EM_DIAGRAM):   end;
MPRINT(EM_DIAGRAM):   if not _dm_find then do;
MPRINT(EM_DIAGRAM):   _1_0 = .;
MPRINT(EM_DIAGRAM):   _1_1 = .;
MPRINT(EM_DIAGRAM):   _1_2 = .;
MPRINT(EM_DIAGRAM):   _1_3 = .;
MPRINT(EM_DIAGRAM):   _1_4 = .;
MPRINT(EM_DIAGRAM):   substr(_warn_,2,1) = 'U';
MPRINT(EM_DIAGRAM):   _DM_BAD = 1;
MPRINT(EM_DIAGRAM):   end;
MPRINT(EM_DIAGRAM):   end;
MPRINT(EM_DIAGRAM):   *** Generate dummy variables for REASON ;
MPRINT(EM_DIAGRAM):   drop _2_0 ;
MPRINT(EM_DIAGRAM):   if missing( REASON ) then do;
MPRINT(EM_DIAGRAM):   _2_0 = .;
MPRINT(EM_DIAGRAM):   substr(_warn_,1,1) = 'M';
MPRINT(EM_DIAGRAM):   _DM_BAD = 1;
MPRINT(EM_DIAGRAM):   end;
MPRINT(EM_DIAGRAM):   else do;
MPRINT(EM_DIAGRAM):   length _dm7 $ 7;
MPRINT(EM_DIAGRAM):   drop _dm7 ;
MPRINT(DMNORMCP):   _dm7=dmnorm(REASON,
MPRINT(DMNORLEN):  32
MPRINT(DMNORMCP):  );
MPRINT(EM_DIAGRAM):   if _dm7 = 'DEBTCON' then do;
MPRINT(EM_DIAGRAM):   _2_0 = 1;
MPRINT(EM_DIAGRAM):   end;
MPRINT(EM_DIAGRAM):   else if _dm7 = 'HOMEIMP' then do;
MPRINT(EM_DIAGRAM):   _2_0 = -1;
MPRINT(EM_DIAGRAM):   end;
MPRINT(EM_DIAGRAM):   else do;
MPRINT(EM_DIAGRAM):   _2_0 = .;
MPRINT(EM_DIAGRAM):   substr(_warn_,2,1) = 'U';
MPRINT(EM_DIAGRAM):   _DM_BAD = 1;
MPRINT(EM_DIAGRAM):   end;
MPRINT(EM_DIAGRAM):   end;
MPRINT(EM_DIAGRAM):   *** If missing inputs, use averages;
MPRINT(EM_DIAGRAM):   if _DM_BAD > 0 then do;
MPRINT(EM_DIAGRAM):   _P0 = 0.0870195794;
MPRINT(EM_DIAGRAM):   _P1 = 0.9129804206;
MPRINT(EM_DIAGRAM):   goto REGDR1;
MPRINT(EM_DIAGRAM):   end;
MPRINT(EM_DIAGRAM):   *** Compute Linear Predictor;
MPRINT(EM_DIAGRAM):   drop _TEMP;
MPRINT(EM_DIAGRAM):   drop _LP0;
MPRINT(EM_DIAGRAM):   _LP0 = 0;
MPRINT(EM_DIAGRAM):   *** Effect: CLAGE ;
MPRINT(EM_DIAGRAM):   _TEMP = CLAGE ;
MPRINT(EM_DIAGRAM):   _LP0 = _LP0 + ( -0.00235907077242 * _TEMP);
MPRINT(EM_DIAGRAM):   *** Effect: CLNO ;
MPRINT(EM_DIAGRAM):   _TEMP = CLNO ;
MPRINT(EM_DIAGRAM):   _LP0 = _LP0 + ( -0.02412991177577 * _TEMP);
MPRINT(EM_DIAGRAM):   *** Effect: DEBTINC ;
MPRINT(EM_DIAGRAM):   _TEMP = DEBTINC ;
MPRINT(EM_DIAGRAM):   _LP0 = _LP0 + ( 0.08414276109463 * _TEMP);
MPRINT(EM_DIAGRAM):   *** Effect: DELINQ ;
MPRINT(EM_DIAGRAM):   _TEMP = DELINQ ;
MPRINT(EM_DIAGRAM):   _LP0 = _LP0 + ( 0.80102002515387 * _TEMP);
MPRINT(EM_DIAGRAM):   *** Effect: DEROG ;
MPRINT(EM_DIAGRAM):   _TEMP = DEROG ;
MPRINT(EM_DIAGRAM):   _LP0 = _LP0 + ( 0.73753114928331 * _TEMP);
MPRINT(EM_DIAGRAM):   *** Effect: JOB ;
MPRINT(EM_DIAGRAM):   _TEMP = 1;
MPRINT(EM_DIAGRAM):   _LP0 = _LP0 + ( 0.66797170415239) * _TEMP * _1_0;
MPRINT(EM_DIAGRAM):   _LP0 = _LP0 + ( 0.08963574344466) * _TEMP * _1_1;
MPRINT(EM_DIAGRAM):   _LP0 = _LP0 + ( 0.39477722616181) * _TEMP * _1_2;
MPRINT(EM_DIAGRAM):   _LP0 = _LP0 + ( 0.08526260808589) * _TEMP * _1_3;
MPRINT(EM_DIAGRAM):   _LP0 = _LP0 + ( -1.66216669587307) * _TEMP * _1_4;
MPRINT(EM_DIAGRAM):   *** Effect: LOAN ;
MPRINT(EM_DIAGRAM):   _TEMP = LOAN ;
MPRINT(EM_DIAGRAM):   _LP0 = _LP0 + ( -0.00001350413535 * _TEMP);
MPRINT(EM_DIAGRAM):   *** Effect: MORTDUE ;
MPRINT(EM_DIAGRAM):   _TEMP = MORTDUE ;
MPRINT(EM_DIAGRAM):   _LP0 = _LP0 + ( -5.3168761456492E-6 * _TEMP);
MPRINT(EM_DIAGRAM):   *** Effect: NINQ ;
MPRINT(EM_DIAGRAM):   _TEMP = NINQ ;
MPRINT(EM_DIAGRAM):   _LP0 = _LP0 + ( 0.26839004706282 * _TEMP);
MPRINT(EM_DIAGRAM):   *** Effect: REASON ;
MPRINT(EM_DIAGRAM):   _TEMP = 1;
MPRINT(EM_DIAGRAM):   _LP0 = _LP0 + ( -0.13407888164937) * _TEMP * _2_0;
MPRINT(EM_DIAGRAM):   *** Effect: VALUE ;
MPRINT(EM_DIAGRAM):   _TEMP = VALUE ;
MPRINT(EM_DIAGRAM):   _LP0 = _LP0 + ( 2.2589409081148E-6 * _TEMP);
MPRINT(EM_DIAGRAM):   *** Effect: YOJ ;
MPRINT(EM_DIAGRAM):   _TEMP = YOJ ;
MPRINT(EM_DIAGRAM):   _LP0 = _LP0 + ( -0.03119607452579 * _TEMP);
MPRINT(EM_DIAGRAM):   *** Naive Posterior Probabilities;
MPRINT(EM_DIAGRAM):   drop _MAXP _IY _P0 _P1;
MPRINT(EM_DIAGRAM):   _TEMP = -4.9731182023003 + _LP0;
MPRINT(EM_DIAGRAM):   if (_TEMP < 0) then do;
MPRINT(EM_DIAGRAM):   _TEMP = exp(_TEMP);
MPRINT(EM_DIAGRAM):   _P0 = _TEMP / (1 + _TEMP);
MPRINT(EM_DIAGRAM):   end;
MPRINT(EM_DIAGRAM):   else _P0 = 1 / (1 + exp(-_TEMP));
MPRINT(EM_DIAGRAM):   _P1 = 1.0 - _P0;
MPRINT(EM_DIAGRAM):   REGDR1: *** Residuals;
MPRINT(EM_DIAGRAM):   if (_Y = .) then do;
MPRINT(EM_DIAGRAM):   R_BAD1 = .;
MPRINT(EM_DIAGRAM):   R_BAD0 = .;
MPRINT(EM_DIAGRAM):   end;
MPRINT(EM_DIAGRAM):   else do;
MPRINT(EM_DIAGRAM):   label R_BAD1 = '残差: BAD=1' ;
MPRINT(EM_DIAGRAM):   label R_BAD0 = '残差: BAD=0' ;
MPRINT(EM_DIAGRAM):   R_BAD1 = - _P0;
MPRINT(EM_DIAGRAM):   R_BAD0 = - _P1;
MPRINT(EM_DIAGRAM):   select( _Y );
MPRINT(EM_DIAGRAM):   when (0) R_BAD1 = R_BAD1 + 1;
MPRINT(EM_DIAGRAM):   when (1) R_BAD0 = R_BAD0 + 1;
MPRINT(EM_DIAGRAM):   end;
MPRINT(EM_DIAGRAM):   end;
MPRINT(EM_DIAGRAM):   *** Posterior Probabilities and Predicted Level;
MPRINT(EM_DIAGRAM):   label P_BAD1 = '预测: BAD=1' ;
MPRINT(EM_DIAGRAM):   label P_BAD0 = '预测: BAD=0' ;
MPRINT(EM_DIAGRAM):   P_BAD1 = _P0;
MPRINT(EM_DIAGRAM):   _MAXP = _P0;
MPRINT(EM_DIAGRAM):   _IY = 1;
MPRINT(EM_DIAGRAM):   P_BAD0 = _P1;
MPRINT(EM_DIAGRAM):   if (_P1 > _MAXP + 1E-8) then do;
MPRINT(EM_DIAGRAM):   _MAXP = _P1;
MPRINT(EM_DIAGRAM):   _IY = 2;
MPRINT(EM_DIAGRAM):   end;
MPRINT(EM_DIAGRAM):   I_BAD = REGDRF[_IY];
MPRINT(EM_DIAGRAM):   U_BAD = REGDRU[_IY];
MPRINT(EM_DIAGRAM):   *************************************;
MPRINT(EM_DIAGRAM):   ***** end scoring code for regression;
MPRINT(EM_DIAGRAM):   *************************************;
MPRINT(EM_DIAGRAM):   run;
17761      run;

NOTE: DATA STEP 视图已保存在文件 EMWS1.REG_TRAIN 中。
NOTE: 存储的 DATA STEP 视图无法在不同的操作系统下运行。
NOTE: “DATA 语句”所用时间（总处理时间）:
      实际时间          0.02 秒
      CPU 时间          0.00 秒
      

MPRINT(EM_DIAGRAM):   quit;
17762      quit;
17763      filename emflow;
MPRINT(EM_DIAGRAM):   filename emflow;
NOTE: 已取消文件引用名 EMFLOW 的分配。
17764      filename emflow "D:\git\notebooks\5. data analysis\1. sas\sas em\CaseStudy\My Project\Workspaces\EMWS1\Reg\EMFLOWSCORE.sas";
MPRINT(EM_DIAGRAM):    filename emflow "D:\git\notebooks\5. data analysis\1. sas\sas em\CaseStudy\My Project\Workspaces\EMWS1\Reg\EMFLOWSCORE.sas";
MPRINT(EM_DIAGRAM):   *------------------------------------------------------------*;
MPRINT(EM_DIAGRAM):   * Reg: Scoring VALIDATE data;
MPRINT(EM_DIAGRAM):   *------------------------------------------------------------*;
17765      *------------------------------------------------------------*;
17766      * Reg: Scoring VALIDATE data;
17767      *------------------------------------------------------------*;
17768      data EMWS1.Reg_VALIDATE
17769      / view=EMWS1.Reg_VALIDATE
17770      ;
MPRINT(EM_DIAGRAM):   data EMWS1.Reg_VALIDATE / view=EMWS1.Reg_VALIDATE ;
17771      set EMWS1.Part_VALIDATE
17772      ;
MPRINT(EM_DIAGRAM):   set EMWS1.Part_VALIDATE ;
17773      %inc emflow;
MPRINT(EM_DIAGRAM):   *************************************;
MPRINT(EM_DIAGRAM):   *** begin scoring code for regression;
MPRINT(EM_DIAGRAM):   *************************************;
MPRINT(EM_DIAGRAM):   length _WARN_ $4;
MPRINT(EM_DIAGRAM):   label _WARN_ = '警告' ;
MPRINT(EM_DIAGRAM):   length I_BAD $ 12;
MPRINT(EM_DIAGRAM):   label I_BAD = '到: BAD' ;
MPRINT(EM_DIAGRAM):   *** Target Values;
MPRINT(EM_DIAGRAM):   array REGDRF [2] $12 _temporary_ ('1' '0' );
MPRINT(EM_DIAGRAM):   label U_BAD = '非正规化至: BAD' ;
MPRINT(EM_DIAGRAM):   *** Unnormalized target values;
MPRINT(EM_DIAGRAM):   ARRAY REGDRU[2] _TEMPORARY_ (1 0);
MPRINT(EM_DIAGRAM):   *** Generate dummy variables for BAD ;
MPRINT(EM_DIAGRAM):   drop _Y ;
MPRINT(EM_DIAGRAM):   label F_BAD = '从: BAD' ;
MPRINT(EM_DIAGRAM):   length F_BAD $ 12;
MPRINT(EM_DIAGRAM):   F_BAD = put( BAD , BEST12. );
MPRINT(DMNORMIP):   call dmnorm(F_BAD,
MPRINT(DMNORLEN):  32
MPRINT(DMNORMIP):  );
MPRINT(EM_DIAGRAM):   if missing( BAD ) then do;
MPRINT(EM_DIAGRAM):   _Y = .;
MPRINT(EM_DIAGRAM):   end;
MPRINT(EM_DIAGRAM):   else do;
MPRINT(EM_DIAGRAM):   if F_BAD = '0' then do;
MPRINT(EM_DIAGRAM):   _Y = 1;
MPRINT(EM_DIAGRAM):   end;
MPRINT(EM_DIAGRAM):   else if F_BAD = '1' then do;
MPRINT(EM_DIAGRAM):   _Y = 0;
MPRINT(EM_DIAGRAM):   end;
MPRINT(EM_DIAGRAM):   else do;
MPRINT(EM_DIAGRAM):   _Y = .;
MPRINT(EM_DIAGRAM):   end;
MPRINT(EM_DIAGRAM):   end;
MPRINT(EM_DIAGRAM):   drop _DM_BAD;
MPRINT(EM_DIAGRAM):   _DM_BAD=0;
MPRINT(EM_DIAGRAM):   *** Check CLAGE for missing values ;
MPRINT(EM_DIAGRAM):   if missing( CLAGE ) then do;
MPRINT(EM_DIAGRAM):   substr(_warn_,1,1) = 'M';
MPRINT(EM_DIAGRAM):   _DM_BAD = 1;
MPRINT(EM_DIAGRAM):   end;
MPRINT(EM_DIAGRAM):   *** Check CLNO for missing values ;
MPRINT(EM_DIAGRAM):   if missing( CLNO ) then do;
MPRINT(EM_DIAGRAM):   substr(_warn_,1,1) = 'M';
MPRINT(EM_DIAGRAM):   _DM_BAD = 1;
MPRINT(EM_DIAGRAM):   end;
MPRINT(EM_DIAGRAM):   *** Check DEBTINC for missing values ;
MPRINT(EM_DIAGRAM):   if missing( DEBTINC ) then do;
MPRINT(EM_DIAGRAM):   substr(_warn_,1,1) = 'M';
MPRINT(EM_DIAGRAM):   _DM_BAD = 1;
MPRINT(EM_DIAGRAM):   end;
MPRINT(EM_DIAGRAM):   *** Check DELINQ for missing values ;
MPRINT(EM_DIAGRAM):   if missing( DELINQ ) then do;
MPRINT(EM_DIAGRAM):   substr(_warn_,1,1) = 'M';
MPRINT(EM_DIAGRAM):   _DM_BAD = 1;
MPRINT(EM_DIAGRAM):   end;
MPRINT(EM_DIAGRAM):   *** Check DEROG for missing values ;
MPRINT(EM_DIAGRAM):   if missing( DEROG ) then do;
MPRINT(EM_DIAGRAM):   substr(_warn_,1,1) = 'M';
MPRINT(EM_DIAGRAM):   _DM_BAD = 1;
MPRINT(EM_DIAGRAM):   end;
MPRINT(EM_DIAGRAM):   *** Check LOAN for missing values ;
MPRINT(EM_DIAGRAM):   if missing( LOAN ) then do;
MPRINT(EM_DIAGRAM):   substr(_warn_,1,1) = 'M';
MPRINT(EM_DIAGRAM):   _DM_BAD = 1;
MPRINT(EM_DIAGRAM):   end;
MPRINT(EM_DIAGRAM):   *** Check MORTDUE for missing values ;
MPRINT(EM_DIAGRAM):   if missing( MORTDUE ) then do;
MPRINT(EM_DIAGRAM):   substr(_warn_,1,1) = 'M';
MPRINT(EM_DIAGRAM):   _DM_BAD = 1;
MPRINT(EM_DIAGRAM):   end;
MPRINT(EM_DIAGRAM):   *** Check NINQ for missing values ;
MPRINT(EM_DIAGRAM):   if missing( NINQ ) then do;
MPRINT(EM_DIAGRAM):   substr(_warn_,1,1) = 'M';
MPRINT(EM_DIAGRAM):   _DM_BAD = 1;
MPRINT(EM_DIAGRAM):   end;
MPRINT(EM_DIAGRAM):   *** Check VALUE for missing values ;
MPRINT(EM_DIAGRAM):   if missing( VALUE ) then do;
MPRINT(EM_DIAGRAM):   substr(_warn_,1,1) = 'M';
MPRINT(EM_DIAGRAM):   _DM_BAD = 1;
MPRINT(EM_DIAGRAM):   end;
MPRINT(EM_DIAGRAM):   *** Check YOJ for missing values ;
MPRINT(EM_DIAGRAM):   if missing( YOJ ) then do;
MPRINT(EM_DIAGRAM):   substr(_warn_,1,1) = 'M';
MPRINT(EM_DIAGRAM):   _DM_BAD = 1;
MPRINT(EM_DIAGRAM):   end;
MPRINT(EM_DIAGRAM):   *** Generate dummy variables for JOB ;
MPRINT(EM_DIAGRAM):   drop _1_0 _1_1 _1_2 _1_3 _1_4 ;
MPRINT(EM_DIAGRAM):   *** encoding is sparse, initialize to zero;
MPRINT(EM_DIAGRAM):   _1_0 = 0;
MPRINT(EM_DIAGRAM):   _1_1 = 0;
MPRINT(EM_DIAGRAM):   _1_2 = 0;
MPRINT(EM_DIAGRAM):   _1_3 = 0;
MPRINT(EM_DIAGRAM):   _1_4 = 0;
MPRINT(EM_DIAGRAM):   if missing( JOB ) then do;
MPRINT(EM_DIAGRAM):   _1_0 = .;
MPRINT(EM_DIAGRAM):   _1_1 = .;
MPRINT(EM_DIAGRAM):   _1_2 = .;
MPRINT(EM_DIAGRAM):   _1_3 = .;
MPRINT(EM_DIAGRAM):   _1_4 = .;
MPRINT(EM_DIAGRAM):   substr(_warn_,1,1) = 'M';
MPRINT(EM_DIAGRAM):   _DM_BAD = 1;
MPRINT(EM_DIAGRAM):   end;
MPRINT(EM_DIAGRAM):   else do;
MPRINT(EM_DIAGRAM):   length _dm7 $ 7;
MPRINT(EM_DIAGRAM):   drop _dm7 ;
MPRINT(DMNORMCP):   _dm7=dmnorm(JOB,
MPRINT(DMNORLEN):  32
MPRINT(DMNORMCP):  );
MPRINT(EM_DIAGRAM):   _dm_find = 0;
MPRINT(EM_DIAGRAM):   drop _dm_find;
MPRINT(EM_DIAGRAM):   if _dm7 <= 'OTHER' then do;
MPRINT(EM_DIAGRAM):   if _dm7 <= 'OFFICE' then do;
MPRINT(EM_DIAGRAM):   if _dm7 = 'MGR' then do;
MPRINT(EM_DIAGRAM):   _1_0 = 1;
MPRINT(EM_DIAGRAM):   _dm_find = 1;
MPRINT(EM_DIAGRAM):   end;
MPRINT(EM_DIAGRAM):   else do;
MPRINT(EM_DIAGRAM):   if _dm7 = 'OFFICE' then do;
MPRINT(EM_DIAGRAM):   _1_1 = 1;
MPRINT(EM_DIAGRAM):   _dm_find = 1;
MPRINT(EM_DIAGRAM):   end;
MPRINT(EM_DIAGRAM):   end;
MPRINT(EM_DIAGRAM):   end;
MPRINT(EM_DIAGRAM):   else do;
MPRINT(EM_DIAGRAM):   if _dm7 = 'OTHER' then do;
MPRINT(EM_DIAGRAM):   _1_2 = 1;
MPRINT(EM_DIAGRAM):   _dm_find = 1;
MPRINT(EM_DIAGRAM):   end;
MPRINT(EM_DIAGRAM):   end;
MPRINT(EM_DIAGRAM):   end;
MPRINT(EM_DIAGRAM):   else do;
MPRINT(EM_DIAGRAM):   if _dm7 <= 'SALES' then do;
MPRINT(EM_DIAGRAM):   if _dm7 = 'PROFEXE' then do;
MPRINT(EM_DIAGRAM):   _1_3 = 1;
MPRINT(EM_DIAGRAM):   _dm_find = 1;
MPRINT(EM_DIAGRAM):   end;
MPRINT(EM_DIAGRAM):   else do;
MPRINT(EM_DIAGRAM):   if _dm7 = 'SALES' then do;
MPRINT(EM_DIAGRAM):   _1_4 = 1;
MPRINT(EM_DIAGRAM):   _dm_find = 1;
MPRINT(EM_DIAGRAM):   end;
MPRINT(EM_DIAGRAM):   end;
MPRINT(EM_DIAGRAM):   end;
MPRINT(EM_DIAGRAM):   else do;
MPRINT(EM_DIAGRAM):   if _dm7 = 'SELF' then do;
MPRINT(EM_DIAGRAM):   _1_0 = -1;
MPRINT(EM_DIAGRAM):   _1_1 = -1;
MPRINT(EM_DIAGRAM):   _1_2 = -1;
MPRINT(EM_DIAGRAM):   _1_3 = -1;
MPRINT(EM_DIAGRAM):   _1_4 = -1;
MPRINT(EM_DIAGRAM):   _dm_find = 1;
MPRINT(EM_DIAGRAM):   end;
MPRINT(EM_DIAGRAM):   end;
MPRINT(EM_DIAGRAM):   end;
MPRINT(EM_DIAGRAM):   if not _dm_find then do;
MPRINT(EM_DIAGRAM):   _1_0 = .;
MPRINT(EM_DIAGRAM):   _1_1 = .;
MPRINT(EM_DIAGRAM):   _1_2 = .;
MPRINT(EM_DIAGRAM):   _1_3 = .;
MPRINT(EM_DIAGRAM):   _1_4 = .;
MPRINT(EM_DIAGRAM):   substr(_warn_,2,1) = 'U';
MPRINT(EM_DIAGRAM):   _DM_BAD = 1;
MPRINT(EM_DIAGRAM):   end;
MPRINT(EM_DIAGRAM):   end;
MPRINT(EM_DIAGRAM):   *** Generate dummy variables for REASON ;
MPRINT(EM_DIAGRAM):   drop _2_0 ;
MPRINT(EM_DIAGRAM):   if missing( REASON ) then do;
MPRINT(EM_DIAGRAM):   _2_0 = .;
MPRINT(EM_DIAGRAM):   substr(_warn_,1,1) = 'M';
MPRINT(EM_DIAGRAM):   _DM_BAD = 1;
MPRINT(EM_DIAGRAM):   end;
MPRINT(EM_DIAGRAM):   else do;
MPRINT(EM_DIAGRAM):   length _dm7 $ 7;
MPRINT(EM_DIAGRAM):   drop _dm7 ;
MPRINT(DMNORMCP):   _dm7=dmnorm(REASON,
MPRINT(DMNORLEN):  32
MPRINT(DMNORMCP):  );
MPRINT(EM_DIAGRAM):   if _dm7 = 'DEBTCON' then do;
MPRINT(EM_DIAGRAM):   _2_0 = 1;
MPRINT(EM_DIAGRAM):   end;
MPRINT(EM_DIAGRAM):   else if _dm7 = 'HOMEIMP' then do;
MPRINT(EM_DIAGRAM):   _2_0 = -1;
MPRINT(EM_DIAGRAM):   end;
MPRINT(EM_DIAGRAM):   else do;
MPRINT(EM_DIAGRAM):   _2_0 = .;
MPRINT(EM_DIAGRAM):   substr(_warn_,2,1) = 'U';
MPRINT(EM_DIAGRAM):   _DM_BAD = 1;
MPRINT(EM_DIAGRAM):   end;
MPRINT(EM_DIAGRAM):   end;
MPRINT(EM_DIAGRAM):   *** If missing inputs, use averages;
MPRINT(EM_DIAGRAM):   if _DM_BAD > 0 then do;
MPRINT(EM_DIAGRAM):   _P0 = 0.0870195794;
MPRINT(EM_DIAGRAM):   _P1 = 0.9129804206;
MPRINT(EM_DIAGRAM):   goto REGDR1;
MPRINT(EM_DIAGRAM):   end;
MPRINT(EM_DIAGRAM):   *** Compute Linear Predictor;
MPRINT(EM_DIAGRAM):   drop _TEMP;
MPRINT(EM_DIAGRAM):   drop _LP0;
MPRINT(EM_DIAGRAM):   _LP0 = 0;
MPRINT(EM_DIAGRAM):   *** Effect: CLAGE ;
MPRINT(EM_DIAGRAM):   _TEMP = CLAGE ;
MPRINT(EM_DIAGRAM):   _LP0 = _LP0 + ( -0.00235907077242 * _TEMP);
MPRINT(EM_DIAGRAM):   *** Effect: CLNO ;
MPRINT(EM_DIAGRAM):   _TEMP = CLNO ;
MPRINT(EM_DIAGRAM):   _LP0 = _LP0 + ( -0.02412991177577 * _TEMP);
MPRINT(EM_DIAGRAM):   *** Effect: DEBTINC ;
MPRINT(EM_DIAGRAM):   _TEMP = DEBTINC ;
MPRINT(EM_DIAGRAM):   _LP0 = _LP0 + ( 0.08414276109463 * _TEMP);
MPRINT(EM_DIAGRAM):   *** Effect: DELINQ ;
MPRINT(EM_DIAGRAM):   _TEMP = DELINQ ;
MPRINT(EM_DIAGRAM):   _LP0 = _LP0 + ( 0.80102002515387 * _TEMP);
MPRINT(EM_DIAGRAM):   *** Effect: DEROG ;
MPRINT(EM_DIAGRAM):   _TEMP = DEROG ;
MPRINT(EM_DIAGRAM):   _LP0 = _LP0 + ( 0.73753114928331 * _TEMP);
MPRINT(EM_DIAGRAM):   *** Effect: JOB ;
MPRINT(EM_DIAGRAM):   _TEMP = 1;
MPRINT(EM_DIAGRAM):   _LP0 = _LP0 + ( 0.66797170415239) * _TEMP * _1_0;
MPRINT(EM_DIAGRAM):   _LP0 = _LP0 + ( 0.08963574344466) * _TEMP * _1_1;
MPRINT(EM_DIAGRAM):   _LP0 = _LP0 + ( 0.39477722616181) * _TEMP * _1_2;
MPRINT(EM_DIAGRAM):   _LP0 = _LP0 + ( 0.08526260808589) * _TEMP * _1_3;
MPRINT(EM_DIAGRAM):   _LP0 = _LP0 + ( -1.66216669587307) * _TEMP * _1_4;
MPRINT(EM_DIAGRAM):   *** Effect: LOAN ;
MPRINT(EM_DIAGRAM):   _TEMP = LOAN ;
MPRINT(EM_DIAGRAM):   _LP0 = _LP0 + ( -0.00001350413535 * _TEMP);
MPRINT(EM_DIAGRAM):   *** Effect: MORTDUE ;
MPRINT(EM_DIAGRAM):   _TEMP = MORTDUE ;
MPRINT(EM_DIAGRAM):   _LP0 = _LP0 + ( -5.3168761456492E-6 * _TEMP);
MPRINT(EM_DIAGRAM):   *** Effect: NINQ ;
MPRINT(EM_DIAGRAM):   _TEMP = NINQ ;
MPRINT(EM_DIAGRAM):   _LP0 = _LP0 + ( 0.26839004706282 * _TEMP);
MPRINT(EM_DIAGRAM):   *** Effect: REASON ;
MPRINT(EM_DIAGRAM):   _TEMP = 1;
MPRINT(EM_DIAGRAM):   _LP0 = _LP0 + ( -0.13407888164937) * _TEMP * _2_0;
MPRINT(EM_DIAGRAM):   *** Effect: VALUE ;
MPRINT(EM_DIAGRAM):   _TEMP = VALUE ;
MPRINT(EM_DIAGRAM):   _LP0 = _LP0 + ( 2.2589409081148E-6 * _TEMP);
MPRINT(EM_DIAGRAM):   *** Effect: YOJ ;
MPRINT(EM_DIAGRAM):   _TEMP = YOJ ;
MPRINT(EM_DIAGRAM):   _LP0 = _LP0 + ( -0.03119607452579 * _TEMP);
MPRINT(EM_DIAGRAM):   *** Naive Posterior Probabilities;
MPRINT(EM_DIAGRAM):   drop _MAXP _IY _P0 _P1;
MPRINT(EM_DIAGRAM):   _TEMP = -4.9731182023003 + _LP0;
MPRINT(EM_DIAGRAM):   if (_TEMP < 0) then do;
MPRINT(EM_DIAGRAM):   _TEMP = exp(_TEMP);
MPRINT(EM_DIAGRAM):   _P0 = _TEMP / (1 + _TEMP);
MPRINT(EM_DIAGRAM):   end;
MPRINT(EM_DIAGRAM):   else _P0 = 1 / (1 + exp(-_TEMP));
MPRINT(EM_DIAGRAM):   _P1 = 1.0 - _P0;
MPRINT(EM_DIAGRAM):   REGDR1: *** Residuals;
MPRINT(EM_DIAGRAM):   if (_Y = .) then do;
MPRINT(EM_DIAGRAM):   R_BAD1 = .;
MPRINT(EM_DIAGRAM):   R_BAD0 = .;
MPRINT(EM_DIAGRAM):   end;
MPRINT(EM_DIAGRAM):   else do;
MPRINT(EM_DIAGRAM):   label R_BAD1 = '残差: BAD=1' ;
MPRINT(EM_DIAGRAM):   label R_BAD0 = '残差: BAD=0' ;
MPRINT(EM_DIAGRAM):   R_BAD1 = - _P0;
MPRINT(EM_DIAGRAM):   R_BAD0 = - _P1;
MPRINT(EM_DIAGRAM):   select( _Y );
MPRINT(EM_DIAGRAM):   when (0) R_BAD1 = R_BAD1 + 1;
MPRINT(EM_DIAGRAM):   when (1) R_BAD0 = R_BAD0 + 1;
MPRINT(EM_DIAGRAM):   end;
MPRINT(EM_DIAGRAM):   end;
MPRINT(EM_DIAGRAM):   *** Posterior Probabilities and Predicted Level;
MPRINT(EM_DIAGRAM):   label P_BAD1 = '预测: BAD=1' ;
MPRINT(EM_DIAGRAM):   label P_BAD0 = '预测: BAD=0' ;
MPRINT(EM_DIAGRAM):   P_BAD1 = _P0;
MPRINT(EM_DIAGRAM):   _MAXP = _P0;
MPRINT(EM_DIAGRAM):   _IY = 1;
MPRINT(EM_DIAGRAM):   P_BAD0 = _P1;
MPRINT(EM_DIAGRAM):   if (_P1 > _MAXP + 1E-8) then do;
MPRINT(EM_DIAGRAM):   _MAXP = _P1;
MPRINT(EM_DIAGRAM):   _IY = 2;
MPRINT(EM_DIAGRAM):   end;
MPRINT(EM_DIAGRAM):   I_BAD = REGDRF[_IY];
MPRINT(EM_DIAGRAM):   U_BAD = REGDRU[_IY];
MPRINT(EM_DIAGRAM):   *************************************;
MPRINT(EM_DIAGRAM):   ***** end scoring code for regression;
MPRINT(EM_DIAGRAM):   *************************************;
18081      run;
MPRINT(EM_DIAGRAM):   run;

NOTE: DATA STEP 视图已保存在文件 EMWS1.REG_VALIDATE 中。
NOTE: 存储的 DATA STEP 视图无法在不同的操作系统下运行。
NOTE: “DATA 语句”所用时间（总处理时间）:
      实际时间          0.00 秒
      CPU 时间          0.00 秒
      

MPRINT(EM_DIAGRAM):   quit;
18082      quit;
18083      filename emflow;
MPRINT(EM_DIAGRAM):   filename emflow;
NOTE: 已取消文件引用名 EMFLOW 的分配。
18084      filename emflow "D:\git\notebooks\5. data analysis\1. sas\sas em\CaseStudy\My Project\Workspaces\EMWS1\Reg\EMFLOWSCORE.sas";
MPRINT(EM_DIAGRAM):    filename emflow "D:\git\notebooks\5. data analysis\1. sas\sas em\CaseStudy\My Project\Workspaces\EMWS1\Reg\EMFLOWSCORE.sas";
MPRINT(EM_DIAGRAM):   *------------------------------------------------------------*;
MPRINT(EM_DIAGRAM):   * Reg: Scoring TEST data;
MPRINT(EM_DIAGRAM):   *------------------------------------------------------------*;
18085      *------------------------------------------------------------*;
18086      * Reg: Scoring TEST data;
18087      *------------------------------------------------------------*;
18088      data EMWS1.Reg_TEST
18089      / view=EMWS1.Reg_TEST
18090      ;
MPRINT(EM_DIAGRAM):   data EMWS1.Reg_TEST / view=EMWS1.Reg_TEST ;
18091      set EMWS1.Part_TEST
18092      ;
MPRINT(EM_DIAGRAM):   set EMWS1.Part_TEST ;
18093      %inc emflow;
MPRINT(EM_DIAGRAM):   *************************************;
MPRINT(EM_DIAGRAM):   *** begin scoring code for regression;
MPRINT(EM_DIAGRAM):   *************************************;
MPRINT(EM_DIAGRAM):   length _WARN_ $4;
MPRINT(EM_DIAGRAM):   label _WARN_ = '警告' ;
MPRINT(EM_DIAGRAM):   length I_BAD $ 12;
MPRINT(EM_DIAGRAM):   label I_BAD = '到: BAD' ;
MPRINT(EM_DIAGRAM):   *** Target Values;
MPRINT(EM_DIAGRAM):   array REGDRF [2] $12 _temporary_ ('1' '0' );
MPRINT(EM_DIAGRAM):   label U_BAD = '非正规化至: BAD' ;
MPRINT(EM_DIAGRAM):   *** Unnormalized target values;
MPRINT(EM_DIAGRAM):   ARRAY REGDRU[2] _TEMPORARY_ (1 0);
MPRINT(EM_DIAGRAM):   *** Generate dummy variables for BAD ;
MPRINT(EM_DIAGRAM):   drop _Y ;
MPRINT(EM_DIAGRAM):   label F_BAD = '从: BAD' ;
MPRINT(EM_DIAGRAM):   length F_BAD $ 12;
MPRINT(EM_DIAGRAM):   F_BAD = put( BAD , BEST12. );
MPRINT(DMNORMIP):   call dmnorm(F_BAD,
MPRINT(DMNORLEN):  32
MPRINT(DMNORMIP):  );
MPRINT(EM_DIAGRAM):   if missing( BAD ) then do;
MPRINT(EM_DIAGRAM):   _Y = .;
MPRINT(EM_DIAGRAM):   end;
MPRINT(EM_DIAGRAM):   else do;
MPRINT(EM_DIAGRAM):   if F_BAD = '0' then do;
MPRINT(EM_DIAGRAM):   _Y = 1;
MPRINT(EM_DIAGRAM):   end;
MPRINT(EM_DIAGRAM):   else if F_BAD = '1' then do;
MPRINT(EM_DIAGRAM):   _Y = 0;
MPRINT(EM_DIAGRAM):   end;
MPRINT(EM_DIAGRAM):   else do;
MPRINT(EM_DIAGRAM):   _Y = .;
MPRINT(EM_DIAGRAM):   end;
MPRINT(EM_DIAGRAM):   end;
MPRINT(EM_DIAGRAM):   drop _DM_BAD;
MPRINT(EM_DIAGRAM):   _DM_BAD=0;
MPRINT(EM_DIAGRAM):   *** Check CLAGE for missing values ;
MPRINT(EM_DIAGRAM):   if missing( CLAGE ) then do;
MPRINT(EM_DIAGRAM):   substr(_warn_,1,1) = 'M';
MPRINT(EM_DIAGRAM):   _DM_BAD = 1;
MPRINT(EM_DIAGRAM):   end;
MPRINT(EM_DIAGRAM):   *** Check CLNO for missing values ;
MPRINT(EM_DIAGRAM):   if missing( CLNO ) then do;
MPRINT(EM_DIAGRAM):   substr(_warn_,1,1) = 'M';
MPRINT(EM_DIAGRAM):   _DM_BAD = 1;
MPRINT(EM_DIAGRAM):   end;
MPRINT(EM_DIAGRAM):   *** Check DEBTINC for missing values ;
MPRINT(EM_DIAGRAM):   if missing( DEBTINC ) then do;
MPRINT(EM_DIAGRAM):   substr(_warn_,1,1) = 'M';
MPRINT(EM_DIAGRAM):   _DM_BAD = 1;
MPRINT(EM_DIAGRAM):   end;
MPRINT(EM_DIAGRAM):   *** Check DELINQ for missing values ;
MPRINT(EM_DIAGRAM):   if missing( DELINQ ) then do;
MPRINT(EM_DIAGRAM):   substr(_warn_,1,1) = 'M';
MPRINT(EM_DIAGRAM):   _DM_BAD = 1;
MPRINT(EM_DIAGRAM):   end;
MPRINT(EM_DIAGRAM):   *** Check DEROG for missing values ;
MPRINT(EM_DIAGRAM):   if missing( DEROG ) then do;
MPRINT(EM_DIAGRAM):   substr(_warn_,1,1) = 'M';
MPRINT(EM_DIAGRAM):   _DM_BAD = 1;
MPRINT(EM_DIAGRAM):   end;
MPRINT(EM_DIAGRAM):   *** Check LOAN for missing values ;
MPRINT(EM_DIAGRAM):   if missing( LOAN ) then do;
MPRINT(EM_DIAGRAM):   substr(_warn_,1,1) = 'M';
MPRINT(EM_DIAGRAM):   _DM_BAD = 1;
MPRINT(EM_DIAGRAM):   end;
MPRINT(EM_DIAGRAM):   *** Check MORTDUE for missing values ;
MPRINT(EM_DIAGRAM):   if missing( MORTDUE ) then do;
MPRINT(EM_DIAGRAM):   substr(_warn_,1,1) = 'M';
MPRINT(EM_DIAGRAM):   _DM_BAD = 1;
MPRINT(EM_DIAGRAM):   end;
MPRINT(EM_DIAGRAM):   *** Check NINQ for missing values ;
MPRINT(EM_DIAGRAM):   if missing( NINQ ) then do;
MPRINT(EM_DIAGRAM):   substr(_warn_,1,1) = 'M';
MPRINT(EM_DIAGRAM):   _DM_BAD = 1;
MPRINT(EM_DIAGRAM):   end;
MPRINT(EM_DIAGRAM):   *** Check VALUE for missing values ;
MPRINT(EM_DIAGRAM):   if missing( VALUE ) then do;
MPRINT(EM_DIAGRAM):   substr(_warn_,1,1) = 'M';
MPRINT(EM_DIAGRAM):   _DM_BAD = 1;
MPRINT(EM_DIAGRAM):   end;
MPRINT(EM_DIAGRAM):   *** Check YOJ for missing values ;
MPRINT(EM_DIAGRAM):   if missing( YOJ ) then do;
MPRINT(EM_DIAGRAM):   substr(_warn_,1,1) = 'M';
MPRINT(EM_DIAGRAM):   _DM_BAD = 1;
MPRINT(EM_DIAGRAM):   end;
MPRINT(EM_DIAGRAM):   *** Generate dummy variables for JOB ;
MPRINT(EM_DIAGRAM):   drop _1_0 _1_1 _1_2 _1_3 _1_4 ;
MPRINT(EM_DIAGRAM):   *** encoding is sparse, initialize to zero;
MPRINT(EM_DIAGRAM):   _1_0 = 0;
MPRINT(EM_DIAGRAM):   _1_1 = 0;
MPRINT(EM_DIAGRAM):   _1_2 = 0;
MPRINT(EM_DIAGRAM):   _1_3 = 0;
MPRINT(EM_DIAGRAM):   _1_4 = 0;
MPRINT(EM_DIAGRAM):   if missing( JOB ) then do;
MPRINT(EM_DIAGRAM):   _1_0 = .;
MPRINT(EM_DIAGRAM):   _1_1 = .;
MPRINT(EM_DIAGRAM):   _1_2 = .;
MPRINT(EM_DIAGRAM):   _1_3 = .;
MPRINT(EM_DIAGRAM):   _1_4 = .;
MPRINT(EM_DIAGRAM):   substr(_warn_,1,1) = 'M';
MPRINT(EM_DIAGRAM):   _DM_BAD = 1;
MPRINT(EM_DIAGRAM):   end;
MPRINT(EM_DIAGRAM):   else do;
MPRINT(EM_DIAGRAM):   length _dm7 $ 7;
MPRINT(EM_DIAGRAM):   drop _dm7 ;
MPRINT(DMNORMCP):   _dm7=dmnorm(JOB,
MPRINT(DMNORLEN):  32
MPRINT(DMNORMCP):  );
MPRINT(EM_DIAGRAM):   _dm_find = 0;
MPRINT(EM_DIAGRAM):   drop _dm_find;
MPRINT(EM_DIAGRAM):   if _dm7 <= 'OTHER' then do;
MPRINT(EM_DIAGRAM):   if _dm7 <= 'OFFICE' then do;
MPRINT(EM_DIAGRAM):   if _dm7 = 'MGR' then do;
MPRINT(EM_DIAGRAM):   _1_0 = 1;
MPRINT(EM_DIAGRAM):   _dm_find = 1;
MPRINT(EM_DIAGRAM):   end;
MPRINT(EM_DIAGRAM):   else do;
MPRINT(EM_DIAGRAM):   if _dm7 = 'OFFICE' then do;
MPRINT(EM_DIAGRAM):   _1_1 = 1;
MPRINT(EM_DIAGRAM):   _dm_find = 1;
MPRINT(EM_DIAGRAM):   end;
MPRINT(EM_DIAGRAM):   end;
MPRINT(EM_DIAGRAM):   end;
MPRINT(EM_DIAGRAM):   else do;
MPRINT(EM_DIAGRAM):   if _dm7 = 'OTHER' then do;
MPRINT(EM_DIAGRAM):   _1_2 = 1;
MPRINT(EM_DIAGRAM):   _dm_find = 1;
MPRINT(EM_DIAGRAM):   end;
MPRINT(EM_DIAGRAM):   end;
MPRINT(EM_DIAGRAM):   end;
MPRINT(EM_DIAGRAM):   else do;
MPRINT(EM_DIAGRAM):   if _dm7 <= 'SALES' then do;
MPRINT(EM_DIAGRAM):   if _dm7 = 'PROFEXE' then do;
MPRINT(EM_DIAGRAM):   _1_3 = 1;
MPRINT(EM_DIAGRAM):   _dm_find = 1;
MPRINT(EM_DIAGRAM):   end;
MPRINT(EM_DIAGRAM):   else do;
MPRINT(EM_DIAGRAM):   if _dm7 = 'SALES' then do;
MPRINT(EM_DIAGRAM):   _1_4 = 1;
MPRINT(EM_DIAGRAM):   _dm_find = 1;
MPRINT(EM_DIAGRAM):   end;
MPRINT(EM_DIAGRAM):   end;
MPRINT(EM_DIAGRAM):   end;
MPRINT(EM_DIAGRAM):   else do;
MPRINT(EM_DIAGRAM):   if _dm7 = 'SELF' then do;
MPRINT(EM_DIAGRAM):   _1_0 = -1;
MPRINT(EM_DIAGRAM):   _1_1 = -1;
MPRINT(EM_DIAGRAM):   _1_2 = -1;
MPRINT(EM_DIAGRAM):   _1_3 = -1;
MPRINT(EM_DIAGRAM):   _1_4 = -1;
MPRINT(EM_DIAGRAM):   _dm_find = 1;
MPRINT(EM_DIAGRAM):   end;
MPRINT(EM_DIAGRAM):   end;
MPRINT(EM_DIAGRAM):   end;
MPRINT(EM_DIAGRAM):   if not _dm_find then do;
MPRINT(EM_DIAGRAM):   _1_0 = .;
MPRINT(EM_DIAGRAM):   _1_1 = .;
MPRINT(EM_DIAGRAM):   _1_2 = .;
MPRINT(EM_DIAGRAM):   _1_3 = .;
MPRINT(EM_DIAGRAM):   _1_4 = .;
MPRINT(EM_DIAGRAM):   substr(_warn_,2,1) = 'U';
MPRINT(EM_DIAGRAM):   _DM_BAD = 1;
MPRINT(EM_DIAGRAM):   end;
MPRINT(EM_DIAGRAM):   end;
MPRINT(EM_DIAGRAM):   *** Generate dummy variables for REASON ;
MPRINT(EM_DIAGRAM):   drop _2_0 ;
MPRINT(EM_DIAGRAM):   if missing( REASON ) then do;
MPRINT(EM_DIAGRAM):   _2_0 = .;
MPRINT(EM_DIAGRAM):   substr(_warn_,1,1) = 'M';
MPRINT(EM_DIAGRAM):   _DM_BAD = 1;
MPRINT(EM_DIAGRAM):   end;
MPRINT(EM_DIAGRAM):   else do;
MPRINT(EM_DIAGRAM):   length _dm7 $ 7;
MPRINT(EM_DIAGRAM):   drop _dm7 ;
MPRINT(DMNORMCP):   _dm7=dmnorm(REASON,
MPRINT(DMNORLEN):  32
MPRINT(DMNORMCP):  );
MPRINT(EM_DIAGRAM):   if _dm7 = 'DEBTCON' then do;
MPRINT(EM_DIAGRAM):   _2_0 = 1;
MPRINT(EM_DIAGRAM):   end;
MPRINT(EM_DIAGRAM):   else if _dm7 = 'HOMEIMP' then do;
MPRINT(EM_DIAGRAM):   _2_0 = -1;
MPRINT(EM_DIAGRAM):   end;
MPRINT(EM_DIAGRAM):   else do;
MPRINT(EM_DIAGRAM):   _2_0 = .;
MPRINT(EM_DIAGRAM):   substr(_warn_,2,1) = 'U';
MPRINT(EM_DIAGRAM):   _DM_BAD = 1;
MPRINT(EM_DIAGRAM):   end;
MPRINT(EM_DIAGRAM):   end;
MPRINT(EM_DIAGRAM):   *** If missing inputs, use averages;
MPRINT(EM_DIAGRAM):   if _DM_BAD > 0 then do;
MPRINT(EM_DIAGRAM):   _P0 = 0.0870195794;
MPRINT(EM_DIAGRAM):   _P1 = 0.9129804206;
MPRINT(EM_DIAGRAM):   goto REGDR1;
MPRINT(EM_DIAGRAM):   end;
MPRINT(EM_DIAGRAM):   *** Compute Linear Predictor;
MPRINT(EM_DIAGRAM):   drop _TEMP;
MPRINT(EM_DIAGRAM):   drop _LP0;
MPRINT(EM_DIAGRAM):   _LP0 = 0;
MPRINT(EM_DIAGRAM):   *** Effect: CLAGE ;
MPRINT(EM_DIAGRAM):   _TEMP = CLAGE ;
MPRINT(EM_DIAGRAM):   _LP0 = _LP0 + ( -0.00235907077242 * _TEMP);
MPRINT(EM_DIAGRAM):   *** Effect: CLNO ;
MPRINT(EM_DIAGRAM):   _TEMP = CLNO ;
MPRINT(EM_DIAGRAM):   _LP0 = _LP0 + ( -0.02412991177577 * _TEMP);
MPRINT(EM_DIAGRAM):   *** Effect: DEBTINC ;
MPRINT(EM_DIAGRAM):   _TEMP = DEBTINC ;
MPRINT(EM_DIAGRAM):   _LP0 = _LP0 + ( 0.08414276109463 * _TEMP);
MPRINT(EM_DIAGRAM):   *** Effect: DELINQ ;
MPRINT(EM_DIAGRAM):   _TEMP = DELINQ ;
MPRINT(EM_DIAGRAM):   _LP0 = _LP0 + ( 0.80102002515387 * _TEMP);
MPRINT(EM_DIAGRAM):   *** Effect: DEROG ;
MPRINT(EM_DIAGRAM):   _TEMP = DEROG ;
MPRINT(EM_DIAGRAM):   _LP0 = _LP0 + ( 0.73753114928331 * _TEMP);
MPRINT(EM_DIAGRAM):   *** Effect: JOB ;
MPRINT(EM_DIAGRAM):   _TEMP = 1;
MPRINT(EM_DIAGRAM):   _LP0 = _LP0 + ( 0.66797170415239) * _TEMP * _1_0;
MPRINT(EM_DIAGRAM):   _LP0 = _LP0 + ( 0.08963574344466) * _TEMP * _1_1;
MPRINT(EM_DIAGRAM):   _LP0 = _LP0 + ( 0.39477722616181) * _TEMP * _1_2;
MPRINT(EM_DIAGRAM):   _LP0 = _LP0 + ( 0.08526260808589) * _TEMP * _1_3;
MPRINT(EM_DIAGRAM):   _LP0 = _LP0 + ( -1.66216669587307) * _TEMP * _1_4;
MPRINT(EM_DIAGRAM):   *** Effect: LOAN ;
MPRINT(EM_DIAGRAM):   _TEMP = LOAN ;
MPRINT(EM_DIAGRAM):   _LP0 = _LP0 + ( -0.00001350413535 * _TEMP);
MPRINT(EM_DIAGRAM):   *** Effect: MORTDUE ;
MPRINT(EM_DIAGRAM):   _TEMP = MORTDUE ;
MPRINT(EM_DIAGRAM):   _LP0 = _LP0 + ( -5.3168761456492E-6 * _TEMP);
MPRINT(EM_DIAGRAM):   *** Effect: NINQ ;
MPRINT(EM_DIAGRAM):   _TEMP = NINQ ;
MPRINT(EM_DIAGRAM):   _LP0 = _LP0 + ( 0.26839004706282 * _TEMP);
MPRINT(EM_DIAGRAM):   *** Effect: REASON ;
MPRINT(EM_DIAGRAM):   _TEMP = 1;
MPRINT(EM_DIAGRAM):   _LP0 = _LP0 + ( -0.13407888164937) * _TEMP * _2_0;
MPRINT(EM_DIAGRAM):   *** Effect: VALUE ;
MPRINT(EM_DIAGRAM):   _TEMP = VALUE ;
MPRINT(EM_DIAGRAM):   _LP0 = _LP0 + ( 2.2589409081148E-6 * _TEMP);
MPRINT(EM_DIAGRAM):   *** Effect: YOJ ;
MPRINT(EM_DIAGRAM):   _TEMP = YOJ ;
MPRINT(EM_DIAGRAM):   _LP0 = _LP0 + ( -0.03119607452579 * _TEMP);
MPRINT(EM_DIAGRAM):   *** Naive Posterior Probabilities;
MPRINT(EM_DIAGRAM):   drop _MAXP _IY _P0 _P1;
MPRINT(EM_DIAGRAM):   _TEMP = -4.9731182023003 + _LP0;
MPRINT(EM_DIAGRAM):   if (_TEMP < 0) then do;
MPRINT(EM_DIAGRAM):   _TEMP = exp(_TEMP);
MPRINT(EM_DIAGRAM):   _P0 = _TEMP / (1 + _TEMP);
MPRINT(EM_DIAGRAM):   end;
MPRINT(EM_DIAGRAM):   else _P0 = 1 / (1 + exp(-_TEMP));
MPRINT(EM_DIAGRAM):   _P1 = 1.0 - _P0;
MPRINT(EM_DIAGRAM):   REGDR1: *** Residuals;
MPRINT(EM_DIAGRAM):   if (_Y = .) then do;
MPRINT(EM_DIAGRAM):   R_BAD1 = .;
MPRINT(EM_DIAGRAM):   R_BAD0 = .;
MPRINT(EM_DIAGRAM):   end;
MPRINT(EM_DIAGRAM):   else do;
MPRINT(EM_DIAGRAM):   label R_BAD1 = '残差: BAD=1' ;
MPRINT(EM_DIAGRAM):   label R_BAD0 = '残差: BAD=0' ;
MPRINT(EM_DIAGRAM):   R_BAD1 = - _P0;
MPRINT(EM_DIAGRAM):   R_BAD0 = - _P1;
MPRINT(EM_DIAGRAM):   select( _Y );
MPRINT(EM_DIAGRAM):   when (0) R_BAD1 = R_BAD1 + 1;
MPRINT(EM_DIAGRAM):   when (1) R_BAD0 = R_BAD0 + 1;
MPRINT(EM_DIAGRAM):   end;
MPRINT(EM_DIAGRAM):   end;
MPRINT(EM_DIAGRAM):   *** Posterior Probabilities and Predicted Level;
MPRINT(EM_DIAGRAM):   label P_BAD1 = '预测: BAD=1' ;
MPRINT(EM_DIAGRAM):   label P_BAD0 = '预测: BAD=0' ;
MPRINT(EM_DIAGRAM):   P_BAD1 = _P0;
MPRINT(EM_DIAGRAM):   _MAXP = _P0;
MPRINT(EM_DIAGRAM):   _IY = 1;
MPRINT(EM_DIAGRAM):   P_BAD0 = _P1;
MPRINT(EM_DIAGRAM):   if (_P1 > _MAXP + 1E-8) then do;
MPRINT(EM_DIAGRAM):   _MAXP = _P1;
MPRINT(EM_DIAGRAM):   _IY = 2;
MPRINT(EM_DIAGRAM):   end;
MPRINT(EM_DIAGRAM):   I_BAD = REGDRF[_IY];
MPRINT(EM_DIAGRAM):   U_BAD = REGDRU[_IY];
MPRINT(EM_DIAGRAM):   *************************************;
MPRINT(EM_DIAGRAM):   ***** end scoring code for regression;
MPRINT(EM_DIAGRAM):   *************************************;
18401      run;
MPRINT(EM_DIAGRAM):   run;

NOTE: DATA STEP 视图已保存在文件 EMWS1.REG_TEST 中。
NOTE: 存储的 DATA STEP 视图无法在不同的操作系统下运行。
NOTE: “DATA 语句”所用时间（总处理时间）:
      实际时间          0.00 秒
      CPU 时间          0.01 秒
      

MPRINT(EM_DIAGRAM):   quit;
18402      quit;
18403      filename emflow;
MPRINT(EM_DIAGRAM):   filename emflow;
NOTE: 已取消文件引用名 EMFLOW 的分配。
18404      *------------------------------------------------------------*;
MPRINT(EM_DIAGRAM):    *------------------------------------------------------------*;
18405      * Reg: Computing metadata for TRAIN data;
MPRINT(EM_DIAGRAM):   * Reg: Computing metadata for TRAIN data;
18406      *------------------------------------------------------------*;
MPRINT(EM_DIAGRAM):   *------------------------------------------------------------*;

NOTE: “视图 EMWS1.REG_TRAIN.VIEW”所用时间（总处理时间）:
      实际时间          0.02 秒
      CPU 时间          0.03 秒
      
MPRINT(EM_DIAGRAM):    *------------------------------------------------------------*;
MPRINT(EM_DIAGRAM):   * &nodeid: Computing Metadata for TRAIN data;
MPRINT(EM_DIAGRAM):   *------------------------------------------------------------*;
MPRINT(EM_DIAGRAM):   filename _delta "D:\git\notebooks\5. data analysis\1. sas\sas em\CaseStudy\My Project\Workspaces\EMWS1\Reg\CDELTA_TRAIN.sas";
MPRINT(EMADVISECOLUMNS):   proc display c=sashelp.emmeta.advisecolumns.scl;
MPRINT(EMADVISECOLUMNS):   run;
MPRINT(EMADVISECOLUMNS):    options validvarname=any;
MPRINT(EMADVISECOLUMNS):   proc contents data=EMWS1.Reg_TRAIN out=_tempAdvisor noprint;
MPRINT(EMADVISECOLUMNS):   run;
MPRINT(EMADVISECOLUMNS):   options validvarname=V7;
MPRINT(EMADVISECOLUMNS):    data _null_;
MPRINT(EMADVISECOLUMNS):   dsid = open('EMWS1.Reg_TRAIN');
MPRINT(EMADVISECOLUMNS):   call symput('_dsidTable', strip(put(dsid, best.)));
MPRINT(EMADVISECOLUMNS):   if dsid then do;
MPRINT(EMADVISECOLUMNS):   call symput('_engineTable', attrc(dsid, 'ENGINE'));
MPRINT(EMADVISECOLUMNS):   dsid = close(dsid);
MPRINT(EMADVISECOLUMNS):   end;
MPRINT(EMADVISECOLUMNS):   run;
MPRINT(EMADVISECOLUMNS):    proc contents data=EMWS1.Reg_TRAIN out=WORK.M00P6YFR noprint;
MPRINT(EMADVISECOLUMNS):   run;
MPRINT(EMADVISECOLUMNS):    data WORK.M00P6YFR;
MPRINT(EMADVISECOLUMNS):   length NAME $ 64 TYPE $ 1 LABEL $ 200 FORMAT $ 36 INFORMAT $36 INDEX $ 1 INDEXTYPE $ 9;
MPRINT(EMADVISECOLUMNS):   label NAME =;
MPRINT(EMADVISECOLUMNS):   set WORK.M00P6YFR(keep=name type length label format formatl formatd informat informl informd idxusage rename=(type=itype));
MPRINT(EMADVISECOLUMNS):   if itype = 1 then type = 'N';
MPRINT(EMADVISECOLUMNS):   else type = 'C';
MPRINT(EMADVISECOLUMNS):   if formatl > 0 then do;
MPRINT(EMADVISECOLUMNS):   if format ne ' ' then format = strip(format)!!strip(put(formatl, best12.))!!'.'!!strip(put(formatd, best12.));
MPRINT(EMADVISECOLUMNS):   else format = strip(put(formatl, best12.))!!'.'!!strip(put(formatd, best12.));
MPRINT(EMADVISECOLUMNS):   end;
MPRINT(EMADVISECOLUMNS):   else if format ne '' then format = strip(format)!!'.';
MPRINT(EMADVISECOLUMNS):   if informl > 0 then do;
MPRINT(EMADVISECOLUMNS):   if informat ne ' ' then informat = strip(informat)!!strip(put(informl, best12.))!!'.'!!strip(put(informd, best12.));
MPRINT(EMADVISECOLUMNS):   else informat = strip(put(informl, best12.))!!'.'!!strip(put(informd, best12.));
MPRINT(EMADVISECOLUMNS):   end;
MPRINT(EMADVISECOLUMNS):   else if informat ne '' then informat = strip(informat)!!'.';
MPRINT(EMADVISECOLUMNS):   if idxusage = 'NONE' then index ="N";
MPRINT(EMADVISECOLUMNS):   else index = "Y";
MPRINT(EMADVISECOLUMNS):   indextype = idxusage;
MPRINT(EMADVISECOLUMNS):   drop idxusage itype formatl formatd informl informd;
MPRINT(EMADVISECOLUMNS):   run;
MPRINT(EMADVISECOLUMNS):    data WORK.M00P6YFR;
MPRINT(EMADVISECOLUMNS):   length UNAME $64;
MPRINT(EMADVISECOLUMNS):   set WORK.M00P6YFR;
MPRINT(EMADVISECOLUMNS):   UNAME = upcase(NAME);
MPRINT(EMADVISECOLUMNS):   run;
MPRINT(EMADVISECOLUMNS):    proc sort data=WORK.M3I9LG9P NOTHREADS;
MPRINT(EMADVISECOLUMNS):   by UNAME;
MPRINT(EMADVISECOLUMNS):   run;
MPRINT(EMADVISECOLUMNS):    data WORK.M3I9LG9P;
MPRINT(EMADVISECOLUMNS):   drop UNAME;
MPRINT(EMADVISECOLUMNS):   set WORK.M3I9LG9P;
MPRINT(EMADVISECOLUMNS):   run;
MPRINT(EMADVISECOLUMNS):    data WORK.M31UF2UP(keep=NAME ATTR);
MPRINT(EMADVISECOLUMNS):   length ATTR $ 20;
MPRINT(EMADVISECOLUMNS):   set WORK.M3I9LG9P;
MPRINT(EMADVISECOLUMNS):   if level ne "INTERVAL" then do;
MPRINT(EMADVISECOLUMNS):   if order = ' ' then do;
MPRINT(EMADVISECOLUMNS):   attr = 'ORDER';
MPRINT(EMADVISECOLUMNS):   output;
MPRINT(EMADVISECOLUMNS):   end;
MPRINT(EMADVISECOLUMNS):   end;
MPRINT(EMADVISECOLUMNS):   if format ne ' ' and formattype = ' ' then do;
MPRINT(EMADVISECOLUMNS):   attr = 'FORMATTYPE';
MPRINT(EMADVISECOLUMNS):   output;
MPRINT(EMADVISECOLUMNS):   end;
MPRINT(EMADVISECOLUMNS):   if role = ' ' then do;
MPRINT(EMADVISECOLUMNS):   attr = 'ROLE';
MPRINT(EMADVISECOLUMNS):   output;
MPRINT(EMADVISECOLUMNS):   end;
MPRINT(EMADVISECOLUMNS):   if level = ' ' then do;
MPRINT(EMADVISECOLUMNS):   attr = 'LEVEL';
MPRINT(EMADVISECOLUMNS):   output;
MPRINT(EMADVISECOLUMNS):   end;
MPRINT(EMADVISECOLUMNS):   if type = ' ' then do;
MPRINT(EMADVISECOLUMNS):   attr = 'TYPE';
MPRINT(EMADVISECOLUMNS):   output;
MPRINT(EMADVISECOLUMNS):   end;
MPRINT(EMADVISECOLUMNS):   if index = ' ' then do;
MPRINT(EMADVISECOLUMNS):   attr = 'INDEX';
MPRINT(EMADVISECOLUMNS):   output;
MPRINT(EMADVISECOLUMNS):   end;
MPRINT(EMADVISECOLUMNS):   if report = ' ' then do;
MPRINT(EMADVISECOLUMNS):   attr = 'REPORT';
MPRINT(EMADVISECOLUMNS):   output;
MPRINT(EMADVISECOLUMNS):   end;
MPRINT(EMADVISECOLUMNS):   run;
MPRINT(EMADVISECOLUMNS):   proc sort NOTHREADS;
MPRINT(EMADVISECOLUMNS):   by attr;
MPRINT(EMADVISECOLUMNS):   run;
MPRINT(EMADVISECOLUMNS):    data WORK.M3I9LG9P;
MPRINT(EMADVISECOLUMNS):   length NAME $64 ROLE $ 32 LEVEL $ 10 ORDER $ 8 CREATOR $32 FORMATTYPE $ 10 FAMILY $ 10 LOWERLIMIT 8 UPPERLIMIT 8 REPORT $1 DISTRIBUTION $ 20 COMMENT $64;
MPRINT(EMADVISECOLUMNS):   length levelAssigned 8 roleAssigned 8 PRICE 8;
MPRINT(EMADVISECOLUMNS):   set WORK.M3I9LG9P;
MPRINT(EMADVISECOLUMNS):   if formattype = ' ' then do;
MPRINT(EMADVISECOLUMNS):   if format ne ' ' then do;
MPRINT(EMADVISECOLUMNS):   if type = 'N' then do;
MPRINT(EMADVISECOLUMNS):   pos = indexc(format,'.1234567890');
MPRINT(EMADVISECOLUMNS):   if pos > 1 then tempfmt = substr(format,1, pos-1);
MPRINT(EMADVISECOLUMNS):   else tempfmt = ' ';
MPRINT(EMADVISECOLUMNS):   flen = length(tempfmt);
MPRINT(EMADVISECOLUMNS):   select;
MPRINT(EMADVISECOLUMNS):   when(tempfmt in ("DATE" "DAY" "DDMMYY" "DOWNAME" "JULDAY" "JULIAN" "MMDDYY" "MMDDYYD" "MMDDYYC" "MMDDYYN" "MMDDYYP" "MMDDYYS" "MONNAME" "MONTH" "MONYY" "NENGO" "QTR" "QTRR" "WEEKDATE" "WEEKDATX" "WEEKDAY" "WORDDATE" "WORDDATX" 
"YEAR" "YYMMDD" "YYMON" "YYMMDDC" "YYMMDDD" "YYMMDDN" "YYMMDDP" "YYMMDDS" "EURDFDE" "NJDATE" "NLDATE" "EURDFDD" "EURDFDWN" "EURDFMN" "EURDFMY" "EURDFWK" "EURDFWKX" "EURDFWDX" "EURDFDN" "EURDFDE" )) formattype = 'DATE';
MPRINT(EMADVISECOLUMNS):   when(tempfmt in ("DATETIME" "EURDFDT" "TOD" )) formattype = "DATETIME";
MPRINT(EMADVISECOLUMNS):   when(tempfmt in ("HHMM" "HOUR" "MMSS" "TIME" "TIMEAMPM" )) formattype = "TIME";
MPRINT(EMADVISECOLUMNS):   when(tempfmt in ("COMMA" "COMMAX" "DOLLAR" "DOLLARX" "E" "FRACT" "NEGPAREN" "PERCENT")) formattype="QUANTITY";
MPRINT(EMADVISECOLUMNS):   when(tempfmt in ("BINARY" "HEX" "IB" "OCTAL" "PD" "PIB" "PK" "RB" "SSN" "Z" "ZD")) formattype = "CODING";
MPRINT(EMADVISECOLUMNS):   otherwise do;
MPRINT(EMADVISECOLUMNS):   formattype = "USER";
MPRINT(EMADVISECOLUMNS):   if substr(tempfmt, 1, 6)='NLDATE' then formattype = "DATE";
MPRINT(EMADVISECOLUMNS):   else if substr(tempfmt, 1, 6)='NLDATM' then formattype = "DATETIME";
MPRINT(EMADVISECOLUMNS):   else if substr(tempfmt, 1, 4)='NLTIM' then formattype = "TIME";
MPRINT(EMADVISECOLUMNS):   else if flen >= 4 then do;
MPRINT(EMADVISECOLUMNS):   str = substr(tempfmt,1,4);
MPRINT(EMADVISECOLUMNS):   if str in ("MMYY" "YYMM" "YYQR") then formattype ="DATE";
MPRINT(EMADVISECOLUMNS):   else if str = "S370" then formattype = "CODING";
MPRINT(EMADVISECOLUMNS):   else if str = "BEST" then formattype = "NUM";
MPRINT(EMADVISECOLUMNS):   drop str;
MPRINT(EMADVISECOLUMNS):   end;
MPRINT(EMADVISECOLUMNS):   else if flen >=3 and substr(tempfmt,1,3) = "YYQ" then formatType = "DATE";
MPRINT(EMADVISECOLUMNS):   end;
MPRINT(EMADVISECOLUMNS):   end;
MPRINT(EMADVISECOLUMNS):   drop flen tempfmt pos;
MPRINT(EMADVISECOLUMNS):   end;
MPRINT(EMADVISECOLUMNS):   else do;
MPRINT(EMADVISECOLUMNS):   formatType = "CATEGORY";
MPRINT(EMADVISECOLUMNS):   end;
MPRINT(EMADVISECOLUMNS):   end;
MPRINT(EMADVISECOLUMNS):   if formatType = "NUM" then do;
MPRINT(EMADVISECOLUMNS):   if index = "Y" then formatType = "DISCRETE";
MPRINT(EMADVISECOLUMNS):   else formatType = "QUANTITY";
MPRINT(EMADVISECOLUMNS):   end;
MPRINT(EMADVISECOLUMNS):   end;
MPRINT(EMADVISECOLUMNS):   if level = ' ' then do;
MPRINT(EMADVISECOLUMNS):   if formatType in ("CATEGORY", "CODING", "ID") or type = "C" then level = "NOMINAL";
MPRINT(EMADVISECOLUMNS):   else level = "INTERVAL";
MPRINT(EMADVISECOLUMNS):   levelAssigned = 1;
MPRINT(EMADVISECOLUMNS):   end;
MPRINT(EMADVISECOLUMNS):   else level = upcase(level);
MPRINT(EMADVISECOLUMNS):   if role = ' ' then do;
MPRINT(EMADVISECOLUMNS):   length name_prefix $8 _uname $64;
MPRINT(EMADVISECOLUMNS):   drop name_prefix _uname _freqflag;
MPRINT(EMADVISECOLUMNS):   retain _freqflag;
MPRINT(EMADVISECOLUMNS):   if LENGTH> 80 then ROLE = 'TEXT';
MPRINT(EMADVISECOLUMNS):   _uname = upcase(NAME);
MPRINT(EMADVISECOLUMNS):   select(_uname);
MPRINT(EMADVISECOLUMNS):   when('_PARTIND_') do;
MPRINT(EMADVISECOLUMNS):   ROLE = 'ID';
MPRINT(EMADVISECOLUMNS):   LEVEL = 'NOMINAL';
MPRINT(EMADVISECOLUMNS):   end;
MPRINT(EMADVISECOLUMNS):   when('_WARN_') ROLE = 'ASSESS';
MPRINT(EMADVISECOLUMNS):   when('EM_SEGMENT') do;
MPRINT(EMADVISECOLUMNS):   ROLE = 'SEGMENT';
MPRINT(EMADVISECOLUMNS):   LEVEL = 'NOMINAL';
MPRINT(EMADVISECOLUMNS):   end;
MPRINT(EMADVISECOLUMNS):   when('_NODE_') do;
MPRINT(EMADVISECOLUMNS):   ROLE = 'SEGMENT';
MPRINT(EMADVISECOLUMNS):   LEVEL = 'NOMINAL';
MPRINT(EMADVISECOLUMNS):   end;
MPRINT(EMADVISECOLUMNS):   when('EM_CLASSTARGET') ROLE = 'ASSESS';
MPRINT(EMADVISECOLUMNS):   when('EM_VALUETARGET') ROLE = 'ASSESS';
MPRINT(EMADVISECOLUMNS):   when('EM_PREDICTION') ROLE = 'PREDICT';
MPRINT(EMADVISECOLUMNS):   when('EM_PROBABILITY') ROLE = 'PREDICT';
MPRINT(EMADVISECOLUMNS):   when('EM_EVENTPROBABILITY') ROLE = 'PREDICT';
MPRINT(EMADVISECOLUMNS):   when('EM_CLASSIFICATION') ROLE = 'CLASSIFICATION';
MPRINT(EMADVISECOLUMNS):   when('EM_DECISION') ROLE = 'DECISION';
MPRINT(EMADVISECOLUMNS):   when('EM_PROFIT') ROLE = 'ASSESS';
MPRINT(EMADVISECOLUMNS):   when('EM_LOSS') ROLE = 'ASSESS';
MPRINT(EMADVISECOLUMNS):   when('EM_ROI') ROLE = 'ASSESS';
MPRINT(EMADVISECOLUMNS):   when('URI') ROLE = 'URL';
MPRINT(EMADVISECOLUMNS):   when('FILTERED') ROLE = 'TEXTLOC';
MPRINT(EMADVISECOLUMNS):   otherwise do;
MPRINT(EMADVISECOLUMNS):   if upcase(NAME) =: 'ZIP' then do;
MPRINT(EMADVISECOLUMNS):   ROLE = 'REJECTED';
MPRINT(EMADVISECOLUMNS):   LEVEL = 'NOMINAL';
MPRINT(EMADVISECOLUMNS):   COMMENT = 'Rejected by: Exceed the maximum class level of %s';
MPRINT(EMADVISECOLUMNS):   end;
MPRINT(EMADVISECOLUMNS):   else if upcase(NAME) in('FREQ', 'FREQUENCY') then do;
MPRINT(EMADVISECOLUMNS):   ROLE = 'FREQ';
MPRINT(EMADVISECOLUMNS):   if TYPE = 'C' then ROLE = 'INPUT';
MPRINT(EMADVISECOLUMNS):   else if _freqflag =1 then ROLE='REJECTED';
MPRINT(EMADVISECOLUMNS):   end;
MPRINT(EMADVISECOLUMNS):   else do;
MPRINT(EMADVISECOLUMNS):   name_prefix = scan(_uname, 1, '_');
MPRINT(EMADVISECOLUMNS):   if scan(_uname, 2, '_') = '' then name_prefix='';
MPRINT(EMADVISECOLUMNS):   if name_prefix in('F', 'I', 'U') then do;
MPRINT(EMADVISECOLUMNS):   ROLE = 'CLASSIFICATION';
MPRINT(EMADVISECOLUMNS):   LEVEL = 'NOMINAL';
MPRINT(EMADVISECOLUMNS):   end;
MPRINT(EMADVISECOLUMNS):   else if name_prefix in('P', 'V') then ROLE = 'PREDICT';
MPRINT(EMADVISECOLUMNS):   else if name_prefix in('R', 'RS', 'RT', 'RD', 'RDS', 'RDT', 'RA', 'RAS', 'RAT') then ROLE = 'RESIDUAL';
MPRINT(EMADVISECOLUMNS):   else if name_prefix ='D' then do;
MPRINT(EMADVISECOLUMNS):   ROLE = 'DECISION';
MPRINT(EMADVISECOLUMNS):   LEVEL = 'NOMINAL';
MPRINT(EMADVISECOLUMNS):   end;
MPRINT(EMADVISECOLUMNS):   else if name_prefix ='B' then do;
MPRINT(EMADVISECOLUMNS):   ROLE = 'SEGMENT';
MPRINT(EMADVISECOLUMNS):   LEVEL = 'NOMINAL';
MPRINT(EMADVISECOLUMNS):   end;
MPRINT(EMADVISECOLUMNS):   else if name_prefix in('EP', 'BP', 'CP', 'EL', 'CL', 'BL', 'W', 'ROI', 'IC') then ROLE = 'ASSESS';
MPRINT(EMADVISECOLUMNS):   else do;
MPRINT(EMADVISECOLUMNS):   array _ROLE_ (19) $32 _TEMPORARY_ ('ASSESS','CLASSIFICATION','CENSOR', 'COST', 'CROSSID', 'DECISION', 'ID','INPUT', 'LABEL', 'MISSING','PREDICT','REFERRER','REJECTED', 'RESIDUAL','SEGMENT', 'SEQUENCE','TARGET', 'TEXT', 'TIMEID');
MPRINT(EMADVISECOLUMNS):   drop _found_ i;
MPRINT(EMADVISECOLUMNS):   _found_=0;
MPRINT(EMADVISECOLUMNS):   do i=1 to 19 until(_found_=1);
MPRINT(EMADVISECOLUMNS):   if index(_uname, trim(_ROLE_{i}))=1 then do;
MPRINT(EMADVISECOLUMNS):   ROLE=_ROLE_{i};
MPRINT(EMADVISECOLUMNS):   if ROLE = 'ID' then LEVEL = 'NOMINAL';
MPRINT(EMADVISECOLUMNS):   else if ROLE = 'SEGMENT' then LEVEL = 'NOMINAL';
MPRINT(EMADVISECOLUMNS):   else if ROLE = 'TIMEID' and TYPE='N' then LEVEL = 'INTERVAL';
MPRINT(EMADVISECOLUMNS):   _found_=1;
MPRINT(EMADVISECOLUMNS):   end;
MPRINT(EMADVISECOLUMNS):   end;
MPRINT(EMADVISECOLUMNS):   if length(_uname)>2 then do;
MPRINT(EMADVISECOLUMNS):   if substr(reverse(trim(_uname)), 1, 3) = 'DI_' then do;
MPRINT(EMADVISECOLUMNS):   ROLE = 'ID';
MPRINT(EMADVISECOLUMNS):   LEVEL = 'NOMINAL';
MPRINT(EMADVISECOLUMNS):   end;
MPRINT(EMADVISECOLUMNS):   end;
MPRINT(EMADVISECOLUMNS):   end;
MPRINT(EMADVISECOLUMNS):   end;
MPRINT(EMADVISECOLUMNS):   end;
MPRINT(EMADVISECOLUMNS):   end;
MPRINT(EMADVISECOLUMNS):   if ROLE='FREQ' then _freqflag=1;
MPRINT(EMADVISECOLUMNS):   else if ROLE = 'CLASSIFICATION' then LEVEL = 'NOMINAL';
MPRINT(EMADVISECOLUMNS):   if symexist('RATEMKG_ROLE') then do;
MPRINT(EMADVISECOLUMNS):   if upcase(symget('RATEMKG_ROLE')) in('Y', 'YES') then do;
MPRINT(EMADVISECOLUMNS):   if _uname =: 'POLICY' then ROLE = 'POLICYID';
MPRINT(EMADVISECOLUMNS):   else if _uname in ('PARTITION', '_PARTIND_') then ROLE = 'PARTITION';
MPRINT(EMADVISECOLUMNS):   else if type = 'N' then do;
MPRINT(EMADVISECOLUMNS):   if _uname = 'EXPOSURE' then ROLE = 'EXPOSURE';
MPRINT(EMADVISECOLUMNS):   else if _uname = 'YEAR' then ROLE = 'YEAR';
MPRINT(EMADVISECOLUMNS):   else if _uname = 'WEIGHT' then ROLE = 'WEIGHT';
MPRINT(EMADVISECOLUMNS):   else if _uname = 'OFFSET' then ROLE = 'OFFSET';
MPRINT(EMADVISECOLUMNS):   end;
MPRINT(EMADVISECOLUMNS):   end;
MPRINT(EMADVISECOLUMNS):   end;
MPRINT(EMADVISECOLUMNS):   end;
MPRINT(EMADVISECOLUMNS):   if role = ' ' then do;
MPRINT(EMADVISECOLUMNS):   if formattype in('DATE', 'DATETIME', 'TIME') then role = 'TIMEID';
MPRINT(EMADVISECOLUMNS):   else role = 'INPUT';
MPRINT(EMADVISECOLUMNS):   roleAssigned = 1;
MPRINT(EMADVISECOLUMNS):   end;
MPRINT(EMADVISECOLUMNS):   else role = upcase(role);
MPRINT(EMADVISECOLUMNS):   if REPORT = '' then REPORT = 'N';
MPRINT(EMADVISECOLUMNS):   run;
MPRINT(EMADVISECOLUMNS):    data WORK.M3I9LG9P;
MPRINT(EMADVISECOLUMNS):   set WORK.M3I9LG9P;
MPRINT(EMADVISECOLUMNS):   label NAME = "变量名称" TYPE = "类型" ROLE = "角色" LEVEL= "测度水平" ORDER= "顺序" CREATOR= "创建者" FORMATTYPE= "格式类型" FAMILY= "系列" DISTRIBUTION= "分布" PRICE= "价格" LOWERLIMIT= "下限" UPPERLIMIT= "上限" REPORT= "报表" 
COMMENT= "注释" INDEX= "索引" INDEXTYPE= "索引类型" LABEL= "标签" LENGTH= "长度";
MPRINT(EMADVISECOLUMNS):   drop levelAssigned roleAssigned;
MPRINT(EMADVISECOLUMNS):   run;
MPRINT(EMADVISECOLUMNS):   
MPRINT(EM_DIAGRAM):  ;
MPRINT(EM_DIAGRAM):   proc sort data=WORK.COLUMNMETA;
MPRINT(EM_DIAGRAM):   by NAME;
MPRINT(EM_DIAGRAM):   run;
MPRINT(EM_DIAGRAM):   *------------------------------------------------------------*;
MPRINT(EM_DIAGRAM):   * &nodeid: Merge incoming metadata;
MPRINT(EM_DIAGRAM):   *------------------------------------------------------------*;
MPRINT(EM_DIAGRAM):   proc contents data=EMWS1.Part_TRAIN noprint out=_temp2(keep=NAME);
MPRINT(EM_DIAGRAM):   run;
MPRINT(EM_DIAGRAM):   proc sort data=_temp2;
MPRINT(EM_DIAGRAM):   by NAME;
MPRINT(EM_DIAGRAM):   run;
MPRINT(EM_DIAGRAM):   proc sort data=EMWS1.Part_CMeta_TRAIN out=_temp;
MPRINT(EM_DIAGRAM):   by NAME;
MPRINT(EM_DIAGRAM):   run;
MPRINT(EM_DIAGRAM):   data EMWS1.Reg_CMeta_TRAIN;
MPRINT(EM_DIAGRAM):   merge WORK.COLUMNMETA(in=_a) _temp2(in=_b) _temp(drop=FORMAT INFORMAT LENGTH INDEX INDEXTYPE in=_c) end=_eof_;
MPRINT(EM_DIAGRAM):   by NAME;
MPRINT(EM_DIAGRAM):   if (^_a and _b) or (^_c and _a and _b) then delete;
MPRINT(EM_DIAGRAM):   if ^_b then CREATOR = "Reg";
MPRINT(EM_DIAGRAM):   length model $200;
MPRINT(EM_DIAGRAM):   label MODEL = "模型节点";
MPRINT(EM_DIAGRAM):   select(upcase(name));
MPRINT(EM_DIAGRAM):   when("BAD") model = "Reg";
MPRINT(EM_DIAGRAM):   when('');
MPRINT(EM_DIAGRAM):   otherwise;
MPRINT(EM_DIAGRAM):   end;
MPRINT(EM_DIAGRAM):   *------------------------------------------------------------*;
MPRINT(EM_DIAGRAM):   * Reg: Apply Delta Code;
MPRINT(EM_DIAGRAM):   *------------------------------------------------------------*;
MPRINT(EM_DIAGRAM):   run;
MPRINT(EM_DIAGRAM):   filename _delta;
18737      data EMWS1.Reg_EMINFO;
MPRINT(EM_DIAGRAM):    data EMWS1.Reg_EMINFO;
18738      length TARGET KEY $32 DATA $43;
MPRINT(EM_DIAGRAM):   length TARGET KEY $32 DATA $43;
18739      input TARGET KEY DATA $;
MPRINT(EM_DIAGRAM):   input TARGET KEY DATA $;
18740      cards;
MPRINT(EM_DIAGRAM):   cards;

NOTE: 数据集 EMWS1.REG_EMINFO 有 3 个观测和 3 个变量。
NOTE: “DATA 语句”所用时间（总处理时间）:
      实际时间          0.00 秒
      CPU 时间          0.00 秒
      

MPRINT(EM_DIAGRAM):   run;
18744      run;
18745      proc sort data = EMWS1.Reg_EMINFO NOTHREADS;
MPRINT(EM_DIAGRAM):   proc sort data = EMWS1.Reg_EMINFO NOTHREADS;
18746      by TARGET KEY;
MPRINT(EM_DIAGRAM):   by TARGET KEY;
18747      run;
MPRINT(EM_DIAGRAM):   run;

NOTE: 从数据集 EMWS1.REG_EMINFO. 读取了 3 个观测
NOTE: 数据集 EMWS1.REG_EMINFO 有 3 个观测和 3 个变量。
NOTE: “PROCEDURE SORT”所用时间（总处理时间）:
      实际时间          0.00 秒
      CPU 时间          0.00 秒
      

18748      proc sort data = EMWS1.Ids_EMINFO OUT=WORK.SORTEDEMINFO NOTHREADS;
MPRINT(EM_DIAGRAM):    proc sort data = EMWS1.Ids_EMINFO OUT=WORK.SORTEDEMINFO NOTHREADS;
18749      by TARGET KEY;
MPRINT(EM_DIAGRAM):   by TARGET KEY;
18750      run;
MPRINT(EM_DIAGRAM):   run;

NOTE: 从数据集 EMWS1.IDS_EMINFO. 读取了 3 个观测
NOTE: 数据集 WORK.SORTEDEMINFO 有 3 个观测和 3 个变量。
NOTE: “PROCEDURE SORT”所用时间（总处理时间）:
      实际时间          0.00 秒
      CPU 时间          0.01 秒
      

18751      proc sort data = EMWS1.Reg_EMINFO OUT=WORK.TEMP_INFO NOTHREADS;
MPRINT(EM_DIAGRAM):   proc sort data = EMWS1.Reg_EMINFO OUT=WORK.TEMP_INFO NOTHREADS;
18752      by TARGET KEY;
MPRINT(EM_DIAGRAM):   by TARGET KEY;
18753      run;
MPRINT(EM_DIAGRAM):   run;

NOTE: 输入数据集已排序；已被复制到输出数据集。
NOTE: 从数据集 EMWS1.REG_EMINFO. 读取了 3 个观测
NOTE: 数据集 WORK.TEMP_INFO 有 3 个观测和 3 个变量。
NOTE: “PROCEDURE SORT”所用时间（总处理时间）:
      实际时间          0.00 秒
      CPU 时间          0.00 秒
      

18754      data EMWS1.Reg_EMINFO;
MPRINT(EM_DIAGRAM):   data EMWS1.Reg_EMINFO;
18755      merge WORK.SORTEDEMINFO WORK.TEMP_INFO;
MPRINT(EM_DIAGRAM):   merge WORK.SORTEDEMINFO WORK.TEMP_INFO;
18756      by TARGET KEY;
MPRINT(EM_DIAGRAM):   by TARGET KEY;
18757      run;
MPRINT(EM_DIAGRAM):   run;

NOTE: 从数据集 WORK.SORTEDEMINFO. 读取了 3 个观测
NOTE: 从数据集 WORK.TEMP_INFO. 读取了 3 个观测
NOTE: 数据集 EMWS1.REG_EMINFO 有 4 个观测和 3 个变量。
NOTE: “DATA 语句”所用时间（总处理时间）:
      实际时间          0.00 秒
      CPU 时间          0.00 秒
      

18758      proc datasets lib=work nolist;
MPRINT(EM_DIAGRAM):   proc datasets lib=work nolist;
18759      delete TEMP_INFO SORTEDEMINFO;
MPRINT(EM_DIAGRAM):   delete TEMP_INFO SORTEDEMINFO;
18760      run;
MPRINT(EM_DIAGRAM):   run;

NOTE: 正在删除 WORK.TEMP_INFO (memtype=DATA)。
NOTE: 正在删除 WORK.SORTEDEMINFO (memtype=DATA)。
18761      quit;
MPRINT(EM_DIAGRAM):   quit;

NOTE: “PROCEDURE DATASETS”所用时间（总处理时间）:
      实际时间          0.00 秒
      CPU 时间          0.01 秒
      

NOTE: “视图 EMWS1.REG_TRAIN.VIEW”所用时间（总处理时间）:
      实际时间          0.02 秒
      CPU 时间          0.01 秒
      
NOTE: “视图 EMWS1.REG_VALIDATE.VIEW”所用时间（总处理时间）:
      实际时间          0.02 秒
      CPU 时间          0.01 秒
      
NOTE: “视图 EMWS1.REG_TEST.VIEW”所用时间（总处理时间）:
      实际时间          0.02 秒
      CPU 时间          0.01 秒
      
MPRINT(EM_DIAGRAM):    proc printto;
MPRINT(EM_DIAGRAM):   run;
