 
                                                                                                                                                                                                                                                                
 
 
变量汇总

 角色     测度水平    频数计数

INPUT     BINARY          1   
INPUT     INTERVAL       10   
INPUT     NOMINAL         1   
TARGET    BINARY          1   
 
                                                                                                                                                                                                                                                                
 
 
模型事件

目标    事件    测度水平    水平数       顺序       标签

BAD      1       BINARY        2      Descending        
 
                                                                                                                                                                                                                                                                
 
 
预测变量和决策变量

类型         变量      标签

TARGET       BAD                      
PREDICTED    P_BAD1    预测: BAD=1    
RESIDUAL     R_BAD1    Residual: BAD=1
PREDICTED    P_BAD0    预测: BAD=0    
RESIDUAL     R_BAD0    Residual: BAD=0
FROM         F_BAD     从: BAD        
INTO         I_BAD     到: BAD        
 
                                                                                                                                                                                                                                                                
 
 

DMREG 过程

        Model Information

训练数据集      WORK.EM_DMREG.VIEW
DMDB 目录       WORK.REG_DMDB     
目标变量        BAD               
目标测量水平    Ordinal           
目标类别数      2                 
误差            MBernoulli        
关联函数        Logit             
模型参数个数    17                
观测数          1379              


           Target Profile
 
                              Total
  有序值          BAD     Frequency

       1            1           120
       2            0          1259
 
                                                                                                                                                                                                                                                                
 
 

DMREG 过程

Newton-Raphson Ridge Optimization

Without Parameter Scaling

Parameter Estimates              17

                                             Optimization Start

Active Constraints                                  0  Objective Function                       407.61507848
Max Abs Gradient Element                 22.925163162                                                       


                                                                                                        Ratio
                                                                                                      Between
                                                                                                       Actual
                                                                 Objective     Max Abs                    and
                     Function         Active        Objective     Function    Gradient              Predicted
Iter     Restarts       Calls    Constraints         Function       Change     Element     Ridge       Change

   1            0           2              0        330.88630      76.7288     62.4844         0        0.497
   2            0           3              0        301.04976      29.8365      4.9502         0        0.966
   3            0           4              0        299.92835       1.1214      0.5515         0        1.065
   4            0           5              0        299.91173       0.0166     0.00950         0        1.024
   5            0           6              0        299.91170     0.000030    0.000016         0        1.002

                                            Optimization Results

Iterations                                          5  Function Calls                                      8
Hessian Calls                                       6  Active Constraints                                  0
Objective Function                       299.91169632  Max Abs Gradient Element                 0.0000164845
Ridge                                               0  Actual Over Pred Change                  1.0015972913

Convergence criterion (GCONV=1E-6) satisfied.                                                     


      Likelihood Ratio Test for Global Null Hypothesis: BETA=0
 
                                 Likelihood
      -2 Log Likelihood               Ratio
     仅截距     截距与协变量     Chi-Square       DF     Pr > ChiSq

    815.230          599.823       215.4068       16         <.0001


         Type 3 Analysis of Effects
 
                          Wald
Effect        DF    Chi-Square    Pr > ChiSq

CLAGE          1        2.1028        0.1470
CLNO           1        3.1069        0.0780
DEBTINC        1       26.5783        <.0001
DELINQ         1       50.4859        <.0001
DEROG          1       17.3085        <.0001
JOB            5        4.2761        0.5104
LOAN           1        1.0999        0.2943
MORTDUE        1        0.9823        0.3216
NINQ           1       22.0819        <.0001
REASON         1        1.0925        0.2959
VALUE          1        0.2388        0.6250
YOJ            1        3.8549        0.0496


                               Analysis of Maximum Likelihood Estimates
 
                                       Standard          Wald                  Standardized
Parameter            DF    Estimate       Error    Chi-Square    Pr > ChiSq        Estimate    Exp(Est)

Intercept             1     -4.9731      0.7929         39.34        <.0001                       0.007
CLAGE                 1    -0.00236     0.00163          2.10        0.1470         -0.1115       0.998
CLNO                  1     -0.0241      0.0137          3.11        0.0780         -0.1252       0.976
DEBTINC               1      0.0841      0.0163         26.58        <.0001          0.3762       1.088
DELINQ                1      0.8010      0.1127         50.49        <.0001          0.3944       2.228
DEROG                 1      0.7375      0.1773         17.31        <.0001          0.2552       2.091
JOB       Mgr         1      0.6680      0.4109          2.64        0.1040                       1.950
JOB       Office      1      0.0896      0.4166          0.05        0.8296                       1.094
JOB       Other       1      0.3948      0.3805          1.08        0.2994                       1.484
JOB       ProfExe     1      0.0853      0.4257          0.04        0.8412                       1.089
JOB       Sales       1     -1.6622      1.5922          1.09        0.2965                       0.190
LOAN                  1    -0.00001    0.000013          1.10        0.2943         -0.0843       1.000
MORTDUE               1    -5.32E-6    5.365E-6          0.98        0.3216         -0.1247       1.000
NINQ                  1      0.2684      0.0571         22.08        <.0001          0.2223       1.308
REASON    DebtCon     1     -0.1341      0.1283          1.09        0.2959                       0.875
VALUE                 1    2.259E-6    4.622E-6          0.24        0.6250          0.0655       1.000
YOJ                   1     -0.0312      0.0159          3.85        0.0496         -0.1337       0.969


         Odds Ratio Estimates
                   
                                 Point
Effect                        Estimate

CLAGE                            0.998
CLNO                             0.976
DEBTINC                          1.088
DELINQ                           2.228
DEROG                            2.091
JOB     Mgr vs Self              1.276
JOB     Office vs Self           0.715
JOB     Other vs Self            0.971
JOB     ProfExe vs Self          0.712
JOB     Sales vs Self            0.124
LOAN                             1.000
MORTDUE                          1.000
NINQ                             1.308
REASON  DebtCon vs HomeImp       0.765
VALUE                            1.000
YOJ                              0.969
